TN:
SF:src/components/events/SimilarEvents.jsx
FN:12,SimilarEvents
FN:15,(anonymous_1)
FN:18,(anonymous_2)
FN:22,(anonymous_3)
FN:27,(anonymous_4)
FN:33,(anonymous_5)
FN:40,(anonymous_6)
FN:45,(anonymous_7)
FN:59,(anonymous_8)
FN:68,(anonymous_9)
FNF:10
FNH:1
FNDA:3,SimilarEvents
FNDA:0,(anonymous_1)
FNDA:0,(anonymous_2)
FNDA:0,(anonymous_3)
FNDA:0,(anonymous_4)
FNDA:0,(anonymous_5)
FNDA:0,(anonymous_6)
FNDA:0,(anonymous_7)
FNDA:0,(anonymous_8)
FNDA:0,(anonymous_9)
DA:13,3
DA:14,2
DA:15,2
DA:16,0
DA:19,0
DA:20,0
DA:23,0
DA:27,2
DA:28,0
DA:31,2
DA:33,0
DA:34,0
DA:35,0
DA:39,0
DA:40,0
DA:41,0
DA:45,0
DA:46,0
DA:48,0
DA:50,0
DA:60,0
DA:68,0
LF:22
LH:5
BRF:0
BRH:0
end_of_record
TN:
SF:src/components/profile/Skills.jsx
FN:12,Skills
FN:18,(anonymous_1)
FN:19,(anonymous_2)
FN:49,(anonymous_3)
FNF:4
FNH:4
FNDA:4,Skills
FNDA:2,(anonymous_1)
FNDA:2,(anonymous_2)
FNDA:6,(anonymous_3)
DA:13,4
DA:15,3
DA:16,3
DA:18,3
DA:19,2
DA:20,2
DA:24,3
DA:50,6
LF:8
LH:8
BRDA:34,0,0,3
BRDA:34,0,1,3
BRDA:45,1,0,1
BRDA:45,1,1,2
BRDA:45,2,0,3
BRDA:45,2,1,3
BRDA:48,3,0,3
BRDA:48,3,1,3
BRF:8
BRH:8
end_of_record
TN:
SF:src/components/profile/modal/Skills.jsx
FN:12,Skills
FN:19,(anonymous_1)
FN:25,(anonymous_2)
FN:41,(anonymous_3)
FN:45,(anonymous_4)
FNF:5
FNH:1
FNDA:3,Skills
FNDA:0,(anonymous_1)
FNDA:0,(anonymous_2)
FNDA:0,(anonymous_3)
FNDA:0,(anonymous_4)
DA:13,3
DA:15,3
DA:17,3
DA:19,3
DA:20,0
DA:21,0
DA:22,0
DA:25,3
DA:26,0
DA:28,0
DA:30,0
DA:37,0
DA:38,0
DA:40,0
DA:42,0
DA:43,0
DA:45,0
DA:47,0
DA:50,3
LF:19
LH:6
BRF:0
BRH:0
end_of_record
