{"/Users/khalidsadat/Documents/Data/Khalid/Concordia/Semesters/5th Semester - Winter 2023/SOEN 390/untitled folder/Linkify/Linkify-src/server/test/account.js":{"path":"/Users/khalidsadat/Documents/Data/Khalid/Concordia/Semesters/5th Semester - Winter 2023/SOEN 390/untitled folder/Linkify/Linkify-src/server/test/account.js","statementMap":{},"fnMap":{},"branchMap":{},"s":{},"f":{},"b":{},"_coverageSchema":"1a1c01bbd47fc00a2c39e90264f33305004495a9","hash":"ebfd5f86694016152ec9aebe10d86a7fc765340f","contentHash":"d0045bd7b6db653969195ceefbd361427fccd878e9f068e997a48db4959fee95"},"/Users/khalidsadat/Documents/Data/Khalid/Concordia/Semesters/5th Semester - Winter 2023/SOEN 390/untitled folder/Linkify/Linkify-src/server/test/account/getUserById.js":{"path":"/Users/khalidsadat/Documents/Data/Khalid/Concordia/Semesters/5th Semester - Winter 2023/SOEN 390/untitled folder/Linkify/Linkify-src/server/test/account/getUserById.js","statementMap":{"0":{"start":{"line":1,"column":13},"end":{"line":1,"column":28}},"1":{"start":{"line":2,"column":17},"end":{"line":2,"column":37}},"2":{"start":{"line":3,"column":0},"end":{"line":3,"column":19}},"3":{"start":{"line":5,"column":15},"end":{"line":5,"column":26}},"4":{"start":{"line":6,"column":16},"end":{"line":6,"column":36}},"5":{"start":{"line":8,"column":12},"end":{"line":8,"column":38}},"6":{"start":{"line":9,"column":13},"end":{"line":9,"column":49}},"7":{"start":{"line":11,"column":16},"end":{"line":11,"column":48}},"8":{"start":{"line":14,"column":0},"end":{"line":18,"column":2}},"9":{"start":{"line":15,"column":4},"end":{"line":17,"column":31}},"10":{"start":{"line":16,"column":16},"end":{"line":16,"column":22}},"11":{"start":{"line":17,"column":20},"end":{"line":17,"column":29}},"12":{"start":{"line":20,"column":0},"end":{"line":26,"column":3}},"13":{"start":{"line":21,"column":4},"end":{"line":25,"column":35}},"14":{"start":{"line":23,"column":8},"end":{"line":23,"column":15}},"15":{"start":{"line":25,"column":24},"end":{"line":25,"column":33}},"16":{"start":{"line":28,"column":0},"end":{"line":40,"column":3}},"17":{"start":{"line":29,"column":4},"end":{"line":39,"column":7}},"18":{"start":{"line":30,"column":23},"end":{"line":30,"column":49}},"19":{"start":{"line":31,"column":24},"end":{"line":33,"column":10}},"20":{"start":{"line":34,"column":20},"end":{"line":36,"column":38}},"21":{"start":{"line":38,"column":8},"end":{"line":38,"column":40}}},"fnMap":{"0":{"name":"(anonymous_0)","decl":{"start":{"line":14,"column":7},"end":{"line":14,"column":8}},"loc":{"start":{"line":14,"column":17},"end":{"line":18,"column":1}},"line":14},"1":{"name":"(anonymous_1)","decl":{"start":{"line":16,"column":10},"end":{"line":16,"column":11}},"loc":{"start":{"line":16,"column":16},"end":{"line":16,"column":22}},"line":16},"2":{"name":"(anonymous_2)","decl":{"start":{"line":17,"column":11},"end":{"line":17,"column":12}},"loc":{"start":{"line":17,"column":20},"end":{"line":17,"column":29}},"line":17},"3":{"name":"(anonymous_3)","decl":{"start":{"line":20,"column":6},"end":{"line":20,"column":7}},"loc":{"start":{"line":20,"column":16},"end":{"line":26,"column":1}},"line":20},"4":{"name":"(anonymous_4)","decl":{"start":{"line":22,"column":14},"end":{"line":22,"column":15}},"loc":{"start":{"line":22,"column":20},"end":{"line":24,"column":9}},"line":22},"5":{"name":"(anonymous_5)","decl":{"start":{"line":25,"column":15},"end":{"line":25,"column":16}},"loc":{"start":{"line":25,"column":24},"end":{"line":25,"column":33}},"line":25},"6":{"name":"(anonymous_6)","decl":{"start":{"line":28,"column":37},"end":{"line":28,"column":38}},"loc":{"start":{"line":28,"column":43},"end":{"line":40,"column":1}},"line":28},"7":{"name":"(anonymous_7)","decl":{"start":{"line":29,"column":33},"end":{"line":29,"column":34}},"loc":{"start":{"line":29,"column":45},"end":{"line":39,"column":5}},"line":29}},"branchMap":{},"s":{"0":1,"1":1,"2":1,"3":1,"4":1,"5":1,"6":1,"7":1,"8":1,"9":1,"10":1,"11":0,"12":1,"13":1,"14":1,"15":0,"16":1,"17":1,"18":1,"19":1,"20":1,"21":1},"f":{"0":1,"1":1,"2":0,"3":1,"4":1,"5":0,"6":1,"7":1},"b":{},"_coverageSchema":"1a1c01bbd47fc00a2c39e90264f33305004495a9","hash":"98a5a3e6fb5fd9e2a1ab825ead1a924adad05f2e","contentHash":"1f94277c5498a093a1e19818850852d9243eb855d404724eb595d6eb024953d4"},"/Users/khalidsadat/Documents/Data/Khalid/Concordia/Semesters/5th Semester - Winter 2023/SOEN 390/untitled folder/Linkify/Linkify-src/server/server.js":{"path":"/Users/khalidsadat/Documents/Data/Khalid/Concordia/Semesters/5th Semester - Winter 2023/SOEN 390/untitled folder/Linkify/Linkify-src/server/server.js","statementMap":{"0":{"start":{"line":3,"column":16},"end":{"line":3,"column":34}},"1":{"start":{"line":4,"column":22},"end":{"line":4,"column":54}},"2":{"start":{"line":5,"column":19},"end":{"line":5,"column":47}},"3":{"start":{"line":6,"column":17},"end":{"line":6,"column":40}},"4":{"start":{"line":7,"column":27},"end":{"line":7,"column":60}},"5":{"start":{"line":8,"column":25},"end":{"line":8,"column":56}},"6":{"start":{"line":9,"column":19},"end":{"line":9,"column":45}},"7":{"start":{"line":10,"column":23},"end":{"line":10,"column":52}},"8":{"start":{"line":11,"column":23},"end":{"line":11,"column":52}},"9":{"start":{"line":12,"column":20},"end":{"line":12,"column":46}},"10":{"start":{"line":13,"column":20},"end":{"line":13,"column":46}},"11":{"start":{"line":14,"column":24},"end":{"line":14,"column":55}},"12":{"start":{"line":15,"column":27},"end":{"line":15,"column":63}},"13":{"start":{"line":17,"column":15},"end":{"line":17,"column":32}},"14":{"start":{"line":18,"column":12},"end":{"line":18,"column":21}},"15":{"start":{"line":20,"column":19},"end":{"line":20,"column":41}},"16":{"start":{"line":22,"column":0},"end":{"line":22,"column":16}},"17":{"start":{"line":23,"column":0},"end":{"line":23,"column":12}},"18":{"start":{"line":25,"column":0},"end":{"line":29,"column":3}},"19":{"start":{"line":26,"column":2},"end":{"line":26,"column":49}},"20":{"start":{"line":27,"column":2},"end":{"line":27,"column":65}},"21":{"start":{"line":28,"column":2},"end":{"line":28,"column":9}},"22":{"start":{"line":33,"column":0},"end":{"line":33,"column":24}},"23":{"start":{"line":35,"column":0},"end":{"line":35,"column":36}},"24":{"start":{"line":36,"column":0},"end":{"line":36,"column":34}},"25":{"start":{"line":37,"column":0},"end":{"line":37,"column":50}},"26":{"start":{"line":38,"column":0},"end":{"line":38,"column":50}},"27":{"start":{"line":39,"column":0},"end":{"line":39,"column":38}},"28":{"start":{"line":40,"column":0},"end":{"line":40,"column":46}},"29":{"start":{"line":41,"column":0},"end":{"line":41,"column":41}},"30":{"start":{"line":42,"column":0},"end":{"line":42,"column":36}},"31":{"start":{"line":43,"column":0},"end":{"line":43,"column":36}},"32":{"start":{"line":44,"column":0},"end":{"line":44,"column":43}},"33":{"start":{"line":45,"column":0},"end":{"line":45,"column":50}},"34":{"start":{"line":47,"column":0},"end":{"line":49,"column":2}},"35":{"start":{"line":48,"column":2},"end":{"line":48,"column":59}},"36":{"start":{"line":51,"column":0},"end":{"line":51,"column":20}}},"fnMap":{"0":{"name":"(anonymous_0)","decl":{"start":{"line":25,"column":8},"end":{"line":25,"column":9}},"loc":{"start":{"line":25,"column":34},"end":{"line":29,"column":1}},"line":25},"1":{"name":"(anonymous_1)","decl":{"start":{"line":47,"column":37},"end":{"line":47,"column":38}},"loc":{"start":{"line":48,"column":2},"end":{"line":48,"column":59}},"line":48}},"branchMap":{"0":{"loc":{"start":{"line":47,"column":11},"end":{"line":47,"column":35}},"type":"binary-expr","locations":[{"start":{"line":47,"column":11},"end":{"line":47,"column":27}},{"start":{"line":47,"column":31},"end":{"line":47,"column":35}}],"line":47}},"s":{"0":1,"1":1,"2":1,"3":1,"4":1,"5":1,"6":1,"7":1,"8":1,"9":1,"10":1,"11":1,"12":1,"13":1,"14":1,"15":1,"16":1,"17":1,"18":1,"19":15,"20":15,"21":15,"22":1,"23":1,"24":1,"25":1,"26":1,"27":1,"28":1,"29":1,"30":1,"31":1,"32":1,"33":1,"34":1,"35":1,"36":1},"f":{"0":15,"1":1},"b":{"0":[1,0]},"_coverageSchema":"1a1c01bbd47fc00a2c39e90264f33305004495a9","hash":"56bdb1914361c1b8543a1aabb9bfb24ec643263c","contentHash":"f9375c82e3da17da2bf28dd27179c30fb7d2baf3d3a7bfc0e9d463cfab45414a"},"/Users/khalidsadat/Documents/Data/Khalid/Concordia/Semesters/5th Semester - Winter 2023/SOEN 390/untitled folder/Linkify/Linkify-src/server/config/connectDB.js":{"path":"/Users/khalidsadat/Documents/Data/Khalid/Concordia/Semesters/5th Semester - Winter 2023/SOEN 390/untitled folder/Linkify/Linkify-src/server/config/connectDB.js","statementMap":{"0":{"start":{"line":1,"column":17},"end":{"line":1,"column":36}},"1":{"start":{"line":4,"column":18},"end":{"line":14,"column":1}},"2":{"start":{"line":5,"column":2},"end":{"line":13,"column":3}},"3":{"start":{"line":6,"column":17},"end":{"line":9,"column":6}},"4":{"start":{"line":10,"column":4},"end":{"line":10,"column":65}},"5":{"start":{"line":12,"column":4},"end":{"line":12,"column":48}},"6":{"start":{"line":17,"column":2},"end":{"line":17,"column":31}},"7":{"start":{"line":20,"column":0},"end":{"line":20,"column":36}}},"fnMap":{"0":{"name":"(anonymous_0)","decl":{"start":{"line":4,"column":18},"end":{"line":4,"column":19}},"loc":{"start":{"line":4,"column":30},"end":{"line":14,"column":1}},"line":4},"1":{"name":"close","decl":{"start":{"line":16,"column":9},"end":{"line":16,"column":14}},"loc":{"start":{"line":16,"column":17},"end":{"line":18,"column":1}},"line":16}},"branchMap":{},"s":{"0":1,"1":1,"2":3,"3":3,"4":3,"5":0,"6":2,"7":1},"f":{"0":3,"1":2},"b":{},"_coverageSchema":"1a1c01bbd47fc00a2c39e90264f33305004495a9","hash":"db539cbac037a935474ac3a4d6309f60ccde1b97","contentHash":"32625d8cadc89bd3328925377d78726db45235b13e8e730f26bd0f2dc4e3cb0e"},"/Users/khalidsadat/Documents/Data/Khalid/Concordia/Semesters/5th Semester - Winter 2023/SOEN 390/untitled folder/Linkify/Linkify-src/server/routes/accountR.js":{"path":"/Users/khalidsadat/Documents/Data/Khalid/Concordia/Semesters/5th Semester - Winter 2023/SOEN 390/untitled folder/Linkify/Linkify-src/server/routes/accountR.js","statementMap":{"0":{"start":{"line":1,"column":16},"end":{"line":1,"column":34}},"1":{"start":{"line":2,"column":26},"end":{"line":2,"column":63}},"2":{"start":{"line":4,"column":15},"end":{"line":4,"column":31}},"3":{"start":{"line":11,"column":0},"end":{"line":11,"column":57}},"4":{"start":{"line":18,"column":0},"end":{"line":18,"column":47}},"5":{"start":{"line":25,"column":0},"end":{"line":25,"column":52}},"6":{"start":{"line":32,"column":0},"end":{"line":32,"column":61}},"7":{"start":{"line":39,"column":0},"end":{"line":39,"column":59}},"8":{"start":{"line":46,"column":0},"end":{"line":46,"column":56}},"9":{"start":{"line":53,"column":0},"end":{"line":53,"column":64}},"10":{"start":{"line":60,"column":0},"end":{"line":60,"column":67}},"11":{"start":{"line":67,"column":0},"end":{"line":67,"column":59}},"12":{"start":{"line":74,"column":0},"end":{"line":74,"column":62}},"13":{"start":{"line":81,"column":0},"end":{"line":81,"column":70}},"14":{"start":{"line":86,"column":0},"end":{"line":86,"column":24}}},"fnMap":{},"branchMap":{},"s":{"0":1,"1":1,"2":1,"3":1,"4":1,"5":1,"6":1,"7":1,"8":1,"9":1,"10":1,"11":1,"12":1,"13":1,"14":1},"f":{},"b":{},"_coverageSchema":"1a1c01bbd47fc00a2c39e90264f33305004495a9","hash":"791d4ab3144a9b07348873e4c417da08541c2905","contentHash":"79114873b79c3d8eecdea631b4bc101175e0123dfa3365dce826f5d4f376a861"},"/Users/khalidsadat/Documents/Data/Khalid/Concordia/Semesters/5th Semester - Winter 2023/SOEN 390/untitled folder/Linkify/Linkify-src/server/controllers/accountC.js":{"path":"/Users/khalidsadat/Documents/Data/Khalid/Concordia/Semesters/5th Semester - Winter 2023/SOEN 390/untitled folder/Linkify/Linkify-src/server/controllers/accountC.js","statementMap":{"0":{"start":{"line":9,"column":17},"end":{"line":9,"column":49}},"1":{"start":{"line":10,"column":21},"end":{"line":10,"column":53}},"2":{"start":{"line":12,"column":14},"end":{"line":26,"column":2}},"3":{"start":{"line":13,"column":30},"end":{"line":13,"column":38}},"4":{"start":{"line":14,"column":15},"end":{"line":14,"column":48}},"5":{"start":{"line":15,"column":2},"end":{"line":25,"column":3}},"6":{"start":{"line":16,"column":4},"end":{"line":21,"column":7}},"7":{"start":{"line":23,"column":4},"end":{"line":23,"column":20}},"8":{"start":{"line":24,"column":4},"end":{"line":24,"column":49}},"9":{"start":{"line":28,"column":21},"end":{"line":64,"column":2}},"10":{"start":{"line":29,"column":36},"end":{"line":29,"column":44}},"11":{"start":{"line":32,"column":23},"end":{"line":32,"column":77}},"12":{"start":{"line":34,"column":2},"end":{"line":63,"column":3}},"13":{"start":{"line":35,"column":4},"end":{"line":35,"column":20}},"14":{"start":{"line":36,"column":4},"end":{"line":36,"column":43}},"15":{"start":{"line":39,"column":31},"end":{"line":39,"column":101}},"16":{"start":{"line":40,"column":4},"end":{"line":43,"column":5}},"17":{"start":{"line":41,"column":6},"end":{"line":41,"column":22}},"18":{"start":{"line":42,"column":6},"end":{"line":42,"column":159}},"19":{"start":{"line":46,"column":20},"end":{"line":50,"column":6}},"20":{"start":{"line":52,"column":4},"end":{"line":62,"column":5}},"21":{"start":{"line":53,"column":6},"end":{"line":58,"column":9}},"22":{"start":{"line":60,"column":6},"end":{"line":60,"column":22}},"23":{"start":{"line":61,"column":6},"end":{"line":61,"column":43}},"24":{"start":{"line":68,"column":20},"end":{"line":76,"column":2}},"25":{"start":{"line":69,"column":16},"end":{"line":69,"column":39}},"26":{"start":{"line":70,"column":2},"end":{"line":75,"column":3}},"27":{"start":{"line":71,"column":4},"end":{"line":71,"column":20}},"28":{"start":{"line":73,"column":4},"end":{"line":73,"column":20}},"29":{"start":{"line":74,"column":4},"end":{"line":74,"column":39}},"30":{"start":{"line":80,"column":27},"end":{"line":89,"column":2}},"31":{"start":{"line":81,"column":17},"end":{"line":81,"column":25}},"32":{"start":{"line":82,"column":15},"end":{"line":82,"column":42}},"33":{"start":{"line":83,"column":2},"end":{"line":88,"column":3}},"34":{"start":{"line":84,"column":4},"end":{"line":84,"column":31}},"35":{"start":{"line":86,"column":4},"end":{"line":86,"column":20}},"36":{"start":{"line":87,"column":4},"end":{"line":87,"column":38}},"37":{"start":{"line":93,"column":22},"end":{"line":102,"column":2}},"38":{"start":{"line":94,"column":20},"end":{"line":94,"column":29}},"39":{"start":{"line":95,"column":15},"end":{"line":95,"column":48}},"40":{"start":{"line":96,"column":2},"end":{"line":101,"column":3}},"41":{"start":{"line":97,"column":4},"end":{"line":97,"column":19}},"42":{"start":{"line":99,"column":4},"end":{"line":99,"column":20}},"43":{"start":{"line":100,"column":4},"end":{"line":100,"column":38}},"44":{"start":{"line":106,"column":19},"end":{"line":120,"column":2}},"45":{"start":{"line":107,"column":49},"end":{"line":107,"column":58}},"46":{"start":{"line":108,"column":15},"end":{"line":108,"column":42}},"47":{"start":{"line":109,"column":2},"end":{"line":119,"column":3}},"48":{"start":{"line":110,"column":4},"end":{"line":110,"column":21}},"49":{"start":{"line":111,"column":4},"end":{"line":111,"column":23}},"50":{"start":{"line":112,"column":4},"end":{"line":112,"column":29}},"51":{"start":{"line":113,"column":4},"end":{"line":113,"column":27}},"52":{"start":{"line":114,"column":24},"end":{"line":114,"column":41}},"53":{"start":{"line":115,"column":4},"end":{"line":115,"column":26}},"54":{"start":{"line":117,"column":4},"end":{"line":117,"column":20}},"55":{"start":{"line":118,"column":4},"end":{"line":118,"column":38}},"56":{"start":{"line":124,"column":23},"end":{"line":143,"column":2}},"57":{"start":{"line":125,"column":43},"end":{"line":125,"column":51}},"58":{"start":{"line":126,"column":15},"end":{"line":126,"column":42}},"59":{"start":{"line":127,"column":2},"end":{"line":142,"column":3}},"60":{"start":{"line":128,"column":4},"end":{"line":138,"column":5}},"61":{"start":{"line":129,"column":6},"end":{"line":129,"column":34}},"62":{"start":{"line":130,"column":26},"end":{"line":130,"column":43}},"63":{"start":{"line":131,"column":6},"end":{"line":134,"column":9}},"64":{"start":{"line":136,"column":6},"end":{"line":136,"column":22}},"65":{"start":{"line":137,"column":6},"end":{"line":137,"column":51}},"66":{"start":{"line":140,"column":4},"end":{"line":140,"column":20}},"67":{"start":{"line":141,"column":4},"end":{"line":141,"column":38}},"68":{"start":{"line":147,"column":24},"end":{"line":161,"column":2}},"69":{"start":{"line":148,"column":17},"end":{"line":148,"column":26}},"70":{"start":{"line":149,"column":15},"end":{"line":149,"column":42}},"71":{"start":{"line":150,"column":2},"end":{"line":160,"column":3}},"72":{"start":{"line":151,"column":4},"end":{"line":151,"column":40}},"73":{"start":{"line":152,"column":24},"end":{"line":152,"column":41}},"74":{"start":{"line":153,"column":4},"end":{"line":156,"column":7}},"75":{"start":{"line":158,"column":4},"end":{"line":158,"column":20}},"76":{"start":{"line":159,"column":4},"end":{"line":159,"column":38}},"77":{"start":{"line":165,"column":19},"end":{"line":177,"column":2}},"78":{"start":{"line":166,"column":17},"end":{"line":166,"column":26}},"79":{"start":{"line":167,"column":15},"end":{"line":167,"column":42}},"80":{"start":{"line":168,"column":2},"end":{"line":168,"column":20}},"81":{"start":{"line":169,"column":2},"end":{"line":176,"column":3}},"82":{"start":{"line":170,"column":4},"end":{"line":170,"column":21}},"83":{"start":{"line":171,"column":4},"end":{"line":171,"column":20}},"84":{"start":{"line":172,"column":4},"end":{"line":172,"column":42}},"85":{"start":{"line":174,"column":4},"end":{"line":174,"column":20}},"86":{"start":{"line":175,"column":4},"end":{"line":175,"column":38}},"87":{"start":{"line":181,"column":29},"end":{"line":193,"column":2}},"88":{"start":{"line":182,"column":30},"end":{"line":182,"column":38}},"89":{"start":{"line":183,"column":15},"end":{"line":183,"column":48}},"90":{"start":{"line":184,"column":2},"end":{"line":192,"column":3}},"91":{"start":{"line":185,"column":4},"end":{"line":187,"column":6}},"92":{"start":{"line":189,"column":4},"end":{"line":191,"column":6}},"93":{"start":{"line":197,"column":22},"end":{"line":209,"column":2}},"94":{"start":{"line":198,"column":30},"end":{"line":198,"column":38}},"95":{"start":{"line":199,"column":15},"end":{"line":199,"column":42}},"96":{"start":{"line":200,"column":2},"end":{"line":208,"column":3}},"97":{"start":{"line":201,"column":4},"end":{"line":201,"column":21}},"98":{"start":{"line":202,"column":4},"end":{"line":202,"column":23}},"99":{"start":{"line":203,"column":24},"end":{"line":203,"column":41}},"100":{"start":{"line":204,"column":4},"end":{"line":204,"column":26}},"101":{"start":{"line":206,"column":4},"end":{"line":206,"column":20}},"102":{"start":{"line":207,"column":4},"end":{"line":207,"column":38}},"103":{"start":{"line":213,"column":0},"end":{"line":225,"column":2}}},"fnMap":{"0":{"name":"(anonymous_0)","decl":{"start":{"line":12,"column":27},"end":{"line":12,"column":28}},"loc":{"start":{"line":12,"column":47},"end":{"line":26,"column":1}},"line":12},"1":{"name":"(anonymous_1)","decl":{"start":{"line":28,"column":34},"end":{"line":28,"column":35}},"loc":{"start":{"line":28,"column":54},"end":{"line":64,"column":1}},"line":28},"2":{"name":"(anonymous_2)","decl":{"start":{"line":68,"column":33},"end":{"line":68,"column":34}},"loc":{"start":{"line":68,"column":53},"end":{"line":76,"column":1}},"line":68},"3":{"name":"(anonymous_3)","decl":{"start":{"line":80,"column":40},"end":{"line":80,"column":41}},"loc":{"start":{"line":80,"column":60},"end":{"line":89,"column":1}},"line":80},"4":{"name":"(anonymous_4)","decl":{"start":{"line":93,"column":35},"end":{"line":93,"column":36}},"loc":{"start":{"line":93,"column":55},"end":{"line":102,"column":1}},"line":93},"5":{"name":"(anonymous_5)","decl":{"start":{"line":106,"column":32},"end":{"line":106,"column":33}},"loc":{"start":{"line":106,"column":52},"end":{"line":120,"column":1}},"line":106},"6":{"name":"(anonymous_6)","decl":{"start":{"line":124,"column":36},"end":{"line":124,"column":37}},"loc":{"start":{"line":124,"column":56},"end":{"line":143,"column":1}},"line":124},"7":{"name":"(anonymous_7)","decl":{"start":{"line":147,"column":37},"end":{"line":147,"column":38}},"loc":{"start":{"line":147,"column":57},"end":{"line":161,"column":1}},"line":147},"8":{"name":"(anonymous_8)","decl":{"start":{"line":165,"column":32},"end":{"line":165,"column":33}},"loc":{"start":{"line":165,"column":52},"end":{"line":177,"column":1}},"line":165},"9":{"name":"(anonymous_9)","decl":{"start":{"line":181,"column":42},"end":{"line":181,"column":43}},"loc":{"start":{"line":181,"column":62},"end":{"line":193,"column":1}},"line":181},"10":{"name":"(anonymous_10)","decl":{"start":{"line":197,"column":35},"end":{"line":197,"column":36}},"loc":{"start":{"line":197,"column":55},"end":{"line":209,"column":1}},"line":197}},"branchMap":{"0":{"loc":{"start":{"line":15,"column":2},"end":{"line":25,"column":3}},"type":"if","locations":[{"start":{"line":15,"column":2},"end":{"line":25,"column":3}},{"start":{"line":15,"column":2},"end":{"line":25,"column":3}}],"line":15},"1":{"loc":{"start":{"line":15,"column":6},"end":{"line":15,"column":50}},"type":"binary-expr","locations":[{"start":{"line":15,"column":6},"end":{"line":15,"column":10}},{"start":{"line":15,"column":15},"end":{"line":15,"column":49}}],"line":15},"2":{"loc":{"start":{"line":34,"column":2},"end":{"line":63,"column":3}},"type":"if","locations":[{"start":{"line":34,"column":2},"end":{"line":63,"column":3}},{"start":{"line":34,"column":2},"end":{"line":63,"column":3}}],"line":34},"3":{"loc":{"start":{"line":40,"column":4},"end":{"line":43,"column":5}},"type":"if","locations":[{"start":{"line":40,"column":4},"end":{"line":43,"column":5}},{"start":{"line":40,"column":4},"end":{"line":43,"column":5}}],"line":40},"4":{"loc":{"start":{"line":52,"column":4},"end":{"line":62,"column":5}},"type":"if","locations":[{"start":{"line":52,"column":4},"end":{"line":62,"column":5}},{"start":{"line":52,"column":4},"end":{"line":62,"column":5}}],"line":52},"5":{"loc":{"start":{"line":70,"column":2},"end":{"line":75,"column":3}},"type":"if","locations":[{"start":{"line":70,"column":2},"end":{"line":75,"column":3}},{"start":{"line":70,"column":2},"end":{"line":75,"column":3}}],"line":70},"6":{"loc":{"start":{"line":83,"column":2},"end":{"line":88,"column":3}},"type":"if","locations":[{"start":{"line":83,"column":2},"end":{"line":88,"column":3}},{"start":{"line":83,"column":2},"end":{"line":88,"column":3}}],"line":83},"7":{"loc":{"start":{"line":96,"column":2},"end":{"line":101,"column":3}},"type":"if","locations":[{"start":{"line":96,"column":2},"end":{"line":101,"column":3}},{"start":{"line":96,"column":2},"end":{"line":101,"column":3}}],"line":96},"8":{"loc":{"start":{"line":109,"column":2},"end":{"line":119,"column":3}},"type":"if","locations":[{"start":{"line":109,"column":2},"end":{"line":119,"column":3}},{"start":{"line":109,"column":2},"end":{"line":119,"column":3}}],"line":109},"9":{"loc":{"start":{"line":127,"column":2},"end":{"line":142,"column":3}},"type":"if","locations":[{"start":{"line":127,"column":2},"end":{"line":142,"column":3}},{"start":{"line":127,"column":2},"end":{"line":142,"column":3}}],"line":127},"10":{"loc":{"start":{"line":128,"column":4},"end":{"line":138,"column":5}},"type":"if","locations":[{"start":{"line":128,"column":4},"end":{"line":138,"column":5}},{"start":{"line":128,"column":4},"end":{"line":138,"column":5}}],"line":128},"11":{"loc":{"start":{"line":150,"column":2},"end":{"line":160,"column":3}},"type":"if","locations":[{"start":{"line":150,"column":2},"end":{"line":160,"column":3}},{"start":{"line":150,"column":2},"end":{"line":160,"column":3}}],"line":150},"12":{"loc":{"start":{"line":169,"column":2},"end":{"line":176,"column":3}},"type":"if","locations":[{"start":{"line":169,"column":2},"end":{"line":176,"column":3}},{"start":{"line":169,"column":2},"end":{"line":176,"column":3}}],"line":169},"13":{"loc":{"start":{"line":184,"column":2},"end":{"line":192,"column":3}},"type":"if","locations":[{"start":{"line":184,"column":2},"end":{"line":192,"column":3}},{"start":{"line":184,"column":2},"end":{"line":192,"column":3}}],"line":184},"14":{"loc":{"start":{"line":184,"column":6},"end":{"line":184,"column":50}},"type":"binary-expr","locations":[{"start":{"line":184,"column":6},"end":{"line":184,"column":10}},{"start":{"line":184,"column":15},"end":{"line":184,"column":49}}],"line":184},"15":{"loc":{"start":{"line":200,"column":2},"end":{"line":208,"column":3}},"type":"if","locations":[{"start":{"line":200,"column":2},"end":{"line":208,"column":3}},{"start":{"line":200,"column":2},"end":{"line":208,"column":3}}],"line":200}},"s":{"0":1,"1":1,"2":1,"3":2,"4":2,"5":2,"6":1,"7":1,"8":1,"9":1,"10":2,"11":2,"12":2,"13":2,"14":2,"15":0,"16":0,"17":0,"18":0,"19":0,"20":0,"21":0,"22":0,"23":0,"24":1,"25":0,"26":0,"27":0,"28":0,"29":0,"30":1,"31":1,"32":1,"33":1,"34":1,"35":0,"36":0,"37":1,"38":0,"39":0,"40":0,"41":0,"42":0,"43":0,"44":1,"45":0,"46":0,"47":0,"48":0,"49":0,"50":0,"51":0,"52":0,"53":0,"54":0,"55":0,"56":1,"57":0,"58":0,"59":0,"60":0,"61":0,"62":0,"63":0,"64":0,"65":0,"66":0,"67":0,"68":1,"69":0,"70":0,"71":0,"72":0,"73":0,"74":0,"75":0,"76":0,"77":1,"78":0,"79":0,"80":0,"81":0,"82":0,"83":0,"84":0,"85":0,"86":0,"87":1,"88":0,"89":0,"90":0,"91":0,"92":0,"93":1,"94":0,"95":0,"96":0,"97":0,"98":0,"99":0,"100":0,"101":0,"102":0,"103":1},"f":{"0":2,"1":2,"2":0,"3":1,"4":0,"5":0,"6":0,"7":0,"8":0,"9":0,"10":0},"b":{"0":[1,1],"1":[2,2],"2":[2,0],"3":[0,0],"4":[0,0],"5":[0,0],"6":[1,0],"7":[0,0],"8":[0,0],"9":[0,0],"10":[0,0],"11":[0,0],"12":[0,0],"13":[0,0],"14":[0,0],"15":[0,0]},"_coverageSchema":"1a1c01bbd47fc00a2c39e90264f33305004495a9","hash":"9863cc53a38c2c8f8376293ff852cac58ccbd4f4","contentHash":"ab63623364a1f520cf53380af372fc57ecc4bf3b275361a410649a887a7bb793"},"/Users/khalidsadat/Documents/Data/Khalid/Concordia/Semesters/5th Semester - Winter 2023/SOEN 390/untitled folder/Linkify/Linkify-src/server/models/accountM.js":{"path":"/Users/khalidsadat/Documents/Data/Khalid/Concordia/Semesters/5th Semester - Winter 2023/SOEN 390/untitled folder/Linkify/Linkify-src/server/models/accountM.js","statementMap":{"0":{"start":{"line":1,"column":17},"end":{"line":1,"column":36}},"1":{"start":{"line":2,"column":15},"end":{"line":2,"column":32}},"2":{"start":{"line":5,"column":24},"end":{"line":26,"column":2}},"3":{"start":{"line":30,"column":22},"end":{"line":139,"column":2}},"4":{"start":{"line":142,"column":0},"end":{"line":150,"column":3}},"5":{"start":{"line":143,"column":13},"end":{"line":143,"column":17}},"6":{"start":{"line":145,"column":2},"end":{"line":147,"column":3}},"7":{"start":{"line":146,"column":4},"end":{"line":146,"column":11}},"8":{"start":{"line":148,"column":15},"end":{"line":148,"column":39}},"9":{"start":{"line":149,"column":2},"end":{"line":149,"column":57}},"10":{"start":{"line":153,"column":0},"end":{"line":155,"column":2}},"11":{"start":{"line":154,"column":2},"end":{"line":154,"column":62}},"12":{"start":{"line":158,"column":17},"end":{"line":158,"column":57}},"13":{"start":{"line":160,"column":0},"end":{"line":160,"column":26}}},"fnMap":{"0":{"name":"(anonymous_0)","decl":{"start":{"line":142,"column":26},"end":{"line":142,"column":27}},"loc":{"start":{"line":142,"column":48},"end":{"line":150,"column":1}},"line":142},"1":{"name":"(anonymous_1)","decl":{"start":{"line":153,"column":38},"end":{"line":153,"column":39}},"loc":{"start":{"line":153,"column":71},"end":{"line":155,"column":1}},"line":153}},"branchMap":{"0":{"loc":{"start":{"line":145,"column":2},"end":{"line":147,"column":3}},"type":"if","locations":[{"start":{"line":145,"column":2},"end":{"line":147,"column":3}},{"start":{"line":145,"column":2},"end":{"line":147,"column":3}}],"line":145}},"s":{"0":1,"1":1,"2":1,"3":1,"4":1,"5":3,"6":3,"7":3,"8":3,"9":3,"10":1,"11":2,"12":1,"13":1},"f":{"0":3,"1":2},"b":{"0":[3,0]},"_coverageSchema":"1a1c01bbd47fc00a2c39e90264f33305004495a9","hash":"a0e71ca0bcb1163351645613629f8008270bc8c2","contentHash":"4325f96044736673d1b4e2fc28f66aaddd6f8ec87902ae87e29b9706eedf9797"},"/Users/khalidsadat/Documents/Data/Khalid/Concordia/Semesters/5th Semester - Winter 2023/SOEN 390/untitled folder/Linkify/Linkify-src/server/routes/cvR.js":{"path":"/Users/khalidsadat/Documents/Data/Khalid/Concordia/Semesters/5th Semester - Winter 2023/SOEN 390/untitled folder/Linkify/Linkify-src/server/routes/cvR.js","statementMap":{"0":{"start":{"line":1,"column":16},"end":{"line":1,"column":34}},"1":{"start":{"line":2,"column":21},"end":{"line":2,"column":64}},"2":{"start":{"line":4,"column":15},"end":{"line":4,"column":31}},"3":{"start":{"line":9,"column":0},"end":{"line":9,"column":60}},"4":{"start":{"line":14,"column":0},"end":{"line":14,"column":68}},"5":{"start":{"line":19,"column":0},"end":{"line":19,"column":50}},"6":{"start":{"line":24,"column":0},"end":{"line":24,"column":58}},"7":{"start":{"line":26,"column":0},"end":{"line":26,"column":24}}},"fnMap":{},"branchMap":{},"s":{"0":1,"1":1,"2":1,"3":1,"4":1,"5":1,"6":1,"7":1},"f":{},"b":{},"_coverageSchema":"1a1c01bbd47fc00a2c39e90264f33305004495a9","hash":"6a6d4fb5a9ab34df270349c17a992a97c42235b7","contentHash":"2860cdb6c4c6090d8a6b26cac1dcc35d18a7d2fe6465240d3a3cd6fdf43e494a"},"/Users/khalidsadat/Documents/Data/Khalid/Concordia/Semesters/5th Semester - Winter 2023/SOEN 390/untitled folder/Linkify/Linkify-src/server/controllers/CVcoverLetterC.js":{"path":"/Users/khalidsadat/Documents/Data/Khalid/Concordia/Semesters/5th Semester - Winter 2023/SOEN 390/untitled folder/Linkify/Linkify-src/server/controllers/CVcoverLetterC.js","statementMap":{"0":{"start":{"line":9,"column":17},"end":{"line":9,"column":49}},"1":{"start":{"line":10,"column":21},"end":{"line":10,"column":53}},"2":{"start":{"line":13,"column":23},"end":{"line":27,"column":2}},"3":{"start":{"line":14,"column":30},"end":{"line":14,"column":38}},"4":{"start":{"line":15,"column":15},"end":{"line":15,"column":42}},"5":{"start":{"line":16,"column":2},"end":{"line":26,"column":3}},"6":{"start":{"line":17,"column":4},"end":{"line":17,"column":39}},"7":{"start":{"line":18,"column":4},"end":{"line":18,"column":22}},"8":{"start":{"line":19,"column":4},"end":{"line":22,"column":7}},"9":{"start":{"line":24,"column":4},"end":{"line":24,"column":20}},"10":{"start":{"line":25,"column":4},"end":{"line":25,"column":38}},"11":{"start":{"line":30,"column":26},"end":{"line":44,"column":2}},"12":{"start":{"line":31,"column":30},"end":{"line":31,"column":38}},"13":{"start":{"line":32,"column":15},"end":{"line":32,"column":42}},"14":{"start":{"line":33,"column":2},"end":{"line":43,"column":3}},"15":{"start":{"line":34,"column":4},"end":{"line":34,"column":79}},"16":{"start":{"line":34,"column":57},"end":{"line":34,"column":77}},"17":{"start":{"line":35,"column":4},"end":{"line":35,"column":22}},"18":{"start":{"line":36,"column":4},"end":{"line":39,"column":7}},"19":{"start":{"line":41,"column":4},"end":{"line":41,"column":20}},"20":{"start":{"line":42,"column":4},"end":{"line":42,"column":38}},"21":{"start":{"line":47,"column":18},"end":{"line":61,"column":2}},"22":{"start":{"line":48,"column":25},"end":{"line":48,"column":33}},"23":{"start":{"line":49,"column":15},"end":{"line":49,"column":42}},"24":{"start":{"line":50,"column":2},"end":{"line":60,"column":3}},"25":{"start":{"line":51,"column":4},"end":{"line":51,"column":29}},"26":{"start":{"line":52,"column":4},"end":{"line":52,"column":22}},"27":{"start":{"line":53,"column":4},"end":{"line":56,"column":7}},"28":{"start":{"line":58,"column":4},"end":{"line":58,"column":20}},"29":{"start":{"line":59,"column":4},"end":{"line":59,"column":38}},"30":{"start":{"line":64,"column":21},"end":{"line":78,"column":2}},"31":{"start":{"line":65,"column":25},"end":{"line":65,"column":33}},"32":{"start":{"line":66,"column":15},"end":{"line":66,"column":42}},"33":{"start":{"line":67,"column":2},"end":{"line":77,"column":3}},"34":{"start":{"line":68,"column":4},"end":{"line":68,"column":64}},"35":{"start":{"line":68,"column":47},"end":{"line":68,"column":62}},"36":{"start":{"line":69,"column":4},"end":{"line":69,"column":22}},"37":{"start":{"line":70,"column":4},"end":{"line":73,"column":7}},"38":{"start":{"line":75,"column":4},"end":{"line":75,"column":20}},"39":{"start":{"line":76,"column":4},"end":{"line":76,"column":38}},"40":{"start":{"line":80,"column":0},"end":{"line":85,"column":2}}},"fnMap":{"0":{"name":"(anonymous_0)","decl":{"start":{"line":13,"column":36},"end":{"line":13,"column":37}},"loc":{"start":{"line":13,"column":56},"end":{"line":27,"column":1}},"line":13},"1":{"name":"(anonymous_1)","decl":{"start":{"line":30,"column":39},"end":{"line":30,"column":40}},"loc":{"start":{"line":30,"column":59},"end":{"line":44,"column":1}},"line":30},"2":{"name":"(anonymous_2)","decl":{"start":{"line":34,"column":47},"end":{"line":34,"column":48}},"loc":{"start":{"line":34,"column":57},"end":{"line":34,"column":77}},"line":34},"3":{"name":"(anonymous_3)","decl":{"start":{"line":47,"column":31},"end":{"line":47,"column":32}},"loc":{"start":{"line":47,"column":51},"end":{"line":61,"column":1}},"line":47},"4":{"name":"(anonymous_4)","decl":{"start":{"line":64,"column":34},"end":{"line":64,"column":35}},"loc":{"start":{"line":64,"column":54},"end":{"line":78,"column":1}},"line":64},"5":{"name":"(anonymous_5)","decl":{"start":{"line":68,"column":37},"end":{"line":68,"column":38}},"loc":{"start":{"line":68,"column":47},"end":{"line":68,"column":62}},"line":68}},"branchMap":{"0":{"loc":{"start":{"line":16,"column":2},"end":{"line":26,"column":3}},"type":"if","locations":[{"start":{"line":16,"column":2},"end":{"line":26,"column":3}},{"start":{"line":16,"column":2},"end":{"line":26,"column":3}}],"line":16},"1":{"loc":{"start":{"line":33,"column":2},"end":{"line":43,"column":3}},"type":"if","locations":[{"start":{"line":33,"column":2},"end":{"line":43,"column":3}},{"start":{"line":33,"column":2},"end":{"line":43,"column":3}}],"line":33},"2":{"loc":{"start":{"line":50,"column":2},"end":{"line":60,"column":3}},"type":"if","locations":[{"start":{"line":50,"column":2},"end":{"line":60,"column":3}},{"start":{"line":50,"column":2},"end":{"line":60,"column":3}}],"line":50},"3":{"loc":{"start":{"line":67,"column":2},"end":{"line":77,"column":3}},"type":"if","locations":[{"start":{"line":67,"column":2},"end":{"line":77,"column":3}},{"start":{"line":67,"column":2},"end":{"line":77,"column":3}}],"line":67}},"s":{"0":1,"1":1,"2":1,"3":0,"4":0,"5":0,"6":0,"7":0,"8":0,"9":0,"10":0,"11":1,"12":0,"13":0,"14":0,"15":0,"16":0,"17":0,"18":0,"19":0,"20":0,"21":1,"22":0,"23":0,"24":0,"25":0,"26":0,"27":0,"28":0,"29":0,"30":1,"31":0,"32":0,"33":0,"34":0,"35":0,"36":0,"37":0,"38":0,"39":0,"40":1},"f":{"0":0,"1":0,"2":0,"3":0,"4":0,"5":0},"b":{"0":[0,0],"1":[0,0],"2":[0,0],"3":[0,0]},"_coverageSchema":"1a1c01bbd47fc00a2c39e90264f33305004495a9","hash":"cebc3c1308cb6abfdb606b85e9b64c5f22f5ed5a","contentHash":"fec964cdd2d059546cb34e8d54e85ac7df415d2529610f68a39f7bbd9a764c07"},"/Users/khalidsadat/Documents/Data/Khalid/Concordia/Semesters/5th Semester - Winter 2023/SOEN 390/untitled folder/Linkify/Linkify-src/server/routes/userPropertyR.js":{"path":"/Users/khalidsadat/Documents/Data/Khalid/Concordia/Semesters/5th Semester - Winter 2023/SOEN 390/untitled folder/Linkify/Linkify-src/server/routes/userPropertyR.js","statementMap":{"0":{"start":{"line":1,"column":16},"end":{"line":1,"column":34}},"1":{"start":{"line":2,"column":15},"end":{"line":2,"column":31}},"2":{"start":{"line":3,"column":31},"end":{"line":3,"column":75}},"3":{"start":{"line":8,"column":0},"end":{"line":8,"column":58}},"4":{"start":{"line":13,"column":0},"end":{"line":13,"column":66}},"5":{"start":{"line":18,"column":0},"end":{"line":18,"column":64}},"6":{"start":{"line":23,"column":0},"end":{"line":23,"column":72}},"7":{"start":{"line":28,"column":0},"end":{"line":28,"column":69}},"8":{"start":{"line":33,"column":0},"end":{"line":33,"column":66}},"9":{"start":{"line":38,"column":0},"end":{"line":38,"column":74}},"10":{"start":{"line":43,"column":0},"end":{"line":43,"column":64}},"11":{"start":{"line":48,"column":0},"end":{"line":48,"column":67}},"12":{"start":{"line":53,"column":0},"end":{"line":53,"column":74}},"13":{"start":{"line":58,"column":0},"end":{"line":58,"column":62}},"14":{"start":{"line":63,"column":0},"end":{"line":63,"column":70}},"15":{"start":{"line":66,"column":0},"end":{"line":66,"column":24}}},"fnMap":{},"branchMap":{},"s":{"0":1,"1":1,"2":1,"3":1,"4":1,"5":1,"6":1,"7":1,"8":1,"9":1,"10":1,"11":1,"12":1,"13":1,"14":1,"15":1},"f":{},"b":{},"_coverageSchema":"1a1c01bbd47fc00a2c39e90264f33305004495a9","hash":"98cab161c05f33f2e3d27e3d292a06006e4be45e","contentHash":"f3eae635ae192ceeb344d1fcefdeba6129f390da9b68101076bbba8affa10e43"},"/Users/khalidsadat/Documents/Data/Khalid/Concordia/Semesters/5th Semester - Winter 2023/SOEN 390/untitled folder/Linkify/Linkify-src/server/controllers/userPropertiesC.js":{"path":"/Users/khalidsadat/Documents/Data/Khalid/Concordia/Semesters/5th Semester - Winter 2023/SOEN 390/untitled folder/Linkify/Linkify-src/server/controllers/userPropertiesC.js","statementMap":{"0":{"start":{"line":10,"column":17},"end":{"line":10,"column":46}},"1":{"start":{"line":11,"column":21},"end":{"line":11,"column":53}},"2":{"start":{"line":15,"column":17},"end":{"line":29,"column":2}},"3":{"start":{"line":16,"column":24},"end":{"line":16,"column":32}},"4":{"start":{"line":17,"column":15},"end":{"line":17,"column":42}},"5":{"start":{"line":18,"column":2},"end":{"line":28,"column":3}},"6":{"start":{"line":19,"column":4},"end":{"line":19,"column":28}},"7":{"start":{"line":20,"column":4},"end":{"line":20,"column":22}},"8":{"start":{"line":21,"column":4},"end":{"line":24,"column":7}},"9":{"start":{"line":26,"column":4},"end":{"line":26,"column":20}},"10":{"start":{"line":27,"column":4},"end":{"line":27,"column":38}},"11":{"start":{"line":32,"column":20},"end":{"line":46,"column":2}},"12":{"start":{"line":33,"column":24},"end":{"line":33,"column":32}},"13":{"start":{"line":34,"column":15},"end":{"line":34,"column":42}},"14":{"start":{"line":35,"column":2},"end":{"line":45,"column":3}},"15":{"start":{"line":36,"column":4},"end":{"line":36,"column":63}},"16":{"start":{"line":36,"column":47},"end":{"line":36,"column":61}},"17":{"start":{"line":37,"column":4},"end":{"line":37,"column":22}},"18":{"start":{"line":38,"column":4},"end":{"line":41,"column":7}},"19":{"start":{"line":43,"column":4},"end":{"line":43,"column":20}},"20":{"start":{"line":44,"column":4},"end":{"line":44,"column":38}},"21":{"start":{"line":49,"column":20},"end":{"line":63,"column":2}},"22":{"start":{"line":50,"column":27},"end":{"line":50,"column":35}},"23":{"start":{"line":51,"column":15},"end":{"line":51,"column":42}},"24":{"start":{"line":52,"column":2},"end":{"line":62,"column":3}},"25":{"start":{"line":53,"column":4},"end":{"line":53,"column":34}},"26":{"start":{"line":54,"column":4},"end":{"line":54,"column":22}},"27":{"start":{"line":55,"column":4},"end":{"line":58,"column":7}},"28":{"start":{"line":60,"column":4},"end":{"line":60,"column":20}},"29":{"start":{"line":61,"column":4},"end":{"line":61,"column":38}},"30":{"start":{"line":66,"column":23},"end":{"line":80,"column":2}},"31":{"start":{"line":67,"column":27},"end":{"line":67,"column":35}},"32":{"start":{"line":68,"column":15},"end":{"line":68,"column":42}},"33":{"start":{"line":69,"column":2},"end":{"line":79,"column":3}},"34":{"start":{"line":70,"column":4},"end":{"line":70,"column":72}},"35":{"start":{"line":70,"column":53},"end":{"line":70,"column":70}},"36":{"start":{"line":71,"column":4},"end":{"line":71,"column":22}},"37":{"start":{"line":72,"column":4},"end":{"line":75,"column":7}},"38":{"start":{"line":77,"column":4},"end":{"line":77,"column":20}},"39":{"start":{"line":78,"column":4},"end":{"line":78,"column":38}},"40":{"start":{"line":83,"column":23},"end":{"line":97,"column":2}},"41":{"start":{"line":84,"column":29},"end":{"line":84,"column":37}},"42":{"start":{"line":85,"column":15},"end":{"line":85,"column":42}},"43":{"start":{"line":86,"column":2},"end":{"line":96,"column":3}},"44":{"start":{"line":87,"column":4},"end":{"line":87,"column":37}},"45":{"start":{"line":88,"column":4},"end":{"line":88,"column":22}},"46":{"start":{"line":89,"column":4},"end":{"line":92,"column":7}},"47":{"start":{"line":94,"column":4},"end":{"line":94,"column":20}},"48":{"start":{"line":95,"column":4},"end":{"line":95,"column":38}},"49":{"start":{"line":100,"column":25},"end":{"line":114,"column":2}},"50":{"start":{"line":101,"column":29},"end":{"line":101,"column":37}},"51":{"start":{"line":102,"column":15},"end":{"line":102,"column":42}},"52":{"start":{"line":103,"column":2},"end":{"line":113,"column":3}},"53":{"start":{"line":104,"column":4},"end":{"line":104,"column":76}},"54":{"start":{"line":104,"column":55},"end":{"line":104,"column":74}},"55":{"start":{"line":105,"column":4},"end":{"line":105,"column":22}},"56":{"start":{"line":106,"column":4},"end":{"line":109,"column":7}},"57":{"start":{"line":111,"column":4},"end":{"line":111,"column":20}},"58":{"start":{"line":112,"column":4},"end":{"line":112,"column":38}},"59":{"start":{"line":117,"column":21},"end":{"line":133,"column":2}},"60":{"start":{"line":118,"column":17},"end":{"line":118,"column":26}},"61":{"start":{"line":119,"column":53},"end":{"line":119,"column":61}},"62":{"start":{"line":120,"column":15},"end":{"line":120,"column":42}},"63":{"start":{"line":121,"column":2},"end":{"line":132,"column":3}},"64":{"start":{"line":122,"column":25},"end":{"line":122,"column":67}},"65":{"start":{"line":123,"column":4},"end":{"line":123,"column":38}},"66":{"start":{"line":124,"column":4},"end":{"line":124,"column":22}},"67":{"start":{"line":125,"column":4},"end":{"line":128,"column":7}},"68":{"start":{"line":130,"column":4},"end":{"line":130,"column":20}},"69":{"start":{"line":131,"column":4},"end":{"line":131,"column":38}},"70":{"start":{"line":137,"column":24},"end":{"line":153,"column":2}},"71":{"start":{"line":138,"column":30},"end":{"line":138,"column":38}},"72":{"start":{"line":139,"column":15},"end":{"line":139,"column":42}},"73":{"start":{"line":140,"column":2},"end":{"line":152,"column":3}},"74":{"start":{"line":141,"column":4},"end":{"line":143,"column":6}},"75":{"start":{"line":142,"column":16},"end":{"line":142,"column":51}},"76":{"start":{"line":144,"column":4},"end":{"line":144,"column":22}},"77":{"start":{"line":145,"column":4},"end":{"line":148,"column":7}},"78":{"start":{"line":150,"column":4},"end":{"line":150,"column":20}},"79":{"start":{"line":151,"column":4},"end":{"line":151,"column":38}},"80":{"start":{"line":156,"column":22},"end":{"line":183,"column":2}},"81":{"start":{"line":157,"column":30},"end":{"line":157,"column":38}},"82":{"start":{"line":158,"column":15},"end":{"line":158,"column":42}},"83":{"start":{"line":159,"column":2},"end":{"line":182,"column":3}},"84":{"start":{"line":160,"column":27},"end":{"line":162,"column":5}},"85":{"start":{"line":161,"column":21},"end":{"line":161,"column":61}},"86":{"start":{"line":163,"column":4},"end":{"line":178,"column":5}},"87":{"start":{"line":164,"column":57},"end":{"line":164,"column":65}},"88":{"start":{"line":165,"column":6},"end":{"line":165,"column":53}},"89":{"start":{"line":166,"column":6},"end":{"line":166,"column":53}},"90":{"start":{"line":167,"column":6},"end":{"line":167,"column":65}},"91":{"start":{"line":168,"column":6},"end":{"line":168,"column":49}},"92":{"start":{"line":169,"column":6},"end":{"line":169,"column":45}},"93":{"start":{"line":170,"column":6},"end":{"line":170,"column":24}},"94":{"start":{"line":171,"column":6},"end":{"line":174,"column":9}},"95":{"start":{"line":176,"column":6},"end":{"line":176,"column":22}},"96":{"start":{"line":177,"column":6},"end":{"line":177,"column":45}},"97":{"start":{"line":180,"column":4},"end":{"line":180,"column":20}},"98":{"start":{"line":181,"column":4},"end":{"line":181,"column":38}},"99":{"start":{"line":188,"column":20},"end":{"line":202,"column":2}},"100":{"start":{"line":189,"column":27},"end":{"line":189,"column":35}},"101":{"start":{"line":190,"column":15},"end":{"line":190,"column":42}},"102":{"start":{"line":191,"column":2},"end":{"line":201,"column":3}},"103":{"start":{"line":192,"column":4},"end":{"line":192,"column":29}},"104":{"start":{"line":193,"column":4},"end":{"line":193,"column":22}},"105":{"start":{"line":194,"column":4},"end":{"line":197,"column":7}},"106":{"start":{"line":199,"column":4},"end":{"line":199,"column":20}},"107":{"start":{"line":200,"column":4},"end":{"line":200,"column":38}},"108":{"start":{"line":205,"column":19},"end":{"line":219,"column":2}},"109":{"start":{"line":206,"column":26},"end":{"line":206,"column":34}},"110":{"start":{"line":207,"column":15},"end":{"line":207,"column":42}},"111":{"start":{"line":208,"column":2},"end":{"line":218,"column":3}},"112":{"start":{"line":209,"column":4},"end":{"line":209,"column":32}},"113":{"start":{"line":210,"column":4},"end":{"line":210,"column":22}},"114":{"start":{"line":211,"column":4},"end":{"line":214,"column":7}},"115":{"start":{"line":216,"column":4},"end":{"line":216,"column":20}},"116":{"start":{"line":217,"column":4},"end":{"line":217,"column":38}},"117":{"start":{"line":222,"column":22},"end":{"line":236,"column":2}},"118":{"start":{"line":223,"column":26},"end":{"line":223,"column":34}},"119":{"start":{"line":224,"column":15},"end":{"line":224,"column":42}},"120":{"start":{"line":225,"column":2},"end":{"line":235,"column":3}},"121":{"start":{"line":226,"column":4},"end":{"line":226,"column":69}},"122":{"start":{"line":226,"column":51},"end":{"line":226,"column":67}},"123":{"start":{"line":227,"column":4},"end":{"line":227,"column":22}},"124":{"start":{"line":228,"column":4},"end":{"line":231,"column":7}},"125":{"start":{"line":233,"column":4},"end":{"line":233,"column":20}},"126":{"start":{"line":234,"column":4},"end":{"line":234,"column":38}},"127":{"start":{"line":238,"column":0},"end":{"line":251,"column":2}}},"fnMap":{"0":{"name":"(anonymous_0)","decl":{"start":{"line":15,"column":30},"end":{"line":15,"column":31}},"loc":{"start":{"line":15,"column":50},"end":{"line":29,"column":1}},"line":15},"1":{"name":"(anonymous_1)","decl":{"start":{"line":32,"column":33},"end":{"line":32,"column":34}},"loc":{"start":{"line":32,"column":53},"end":{"line":46,"column":1}},"line":32},"2":{"name":"(anonymous_2)","decl":{"start":{"line":36,"column":37},"end":{"line":36,"column":38}},"loc":{"start":{"line":36,"column":47},"end":{"line":36,"column":61}},"line":36},"3":{"name":"(anonymous_3)","decl":{"start":{"line":49,"column":33},"end":{"line":49,"column":34}},"loc":{"start":{"line":49,"column":53},"end":{"line":63,"column":1}},"line":49},"4":{"name":"(anonymous_4)","decl":{"start":{"line":66,"column":36},"end":{"line":66,"column":37}},"loc":{"start":{"line":66,"column":56},"end":{"line":80,"column":1}},"line":66},"5":{"name":"(anonymous_5)","decl":{"start":{"line":70,"column":43},"end":{"line":70,"column":44}},"loc":{"start":{"line":70,"column":53},"end":{"line":70,"column":70}},"line":70},"6":{"name":"(anonymous_6)","decl":{"start":{"line":83,"column":36},"end":{"line":83,"column":37}},"loc":{"start":{"line":83,"column":56},"end":{"line":97,"column":1}},"line":83},"7":{"name":"(anonymous_7)","decl":{"start":{"line":100,"column":38},"end":{"line":100,"column":39}},"loc":{"start":{"line":100,"column":58},"end":{"line":114,"column":1}},"line":100},"8":{"name":"(anonymous_8)","decl":{"start":{"line":104,"column":45},"end":{"line":104,"column":46}},"loc":{"start":{"line":104,"column":55},"end":{"line":104,"column":74}},"line":104},"9":{"name":"(anonymous_9)","decl":{"start":{"line":117,"column":34},"end":{"line":117,"column":35}},"loc":{"start":{"line":117,"column":54},"end":{"line":133,"column":1}},"line":117},"10":{"name":"(anonymous_10)","decl":{"start":{"line":137,"column":37},"end":{"line":137,"column":38}},"loc":{"start":{"line":137,"column":57},"end":{"line":153,"column":1}},"line":137},"11":{"name":"(anonymous_11)","decl":{"start":{"line":142,"column":6},"end":{"line":142,"column":7}},"loc":{"start":{"line":142,"column":16},"end":{"line":142,"column":51}},"line":142},"12":{"name":"(anonymous_12)","decl":{"start":{"line":156,"column":35},"end":{"line":156,"column":36}},"loc":{"start":{"line":156,"column":55},"end":{"line":183,"column":1}},"line":156},"13":{"name":"(anonymous_13)","decl":{"start":{"line":161,"column":6},"end":{"line":161,"column":7}},"loc":{"start":{"line":161,"column":21},"end":{"line":161,"column":61}},"line":161},"14":{"name":"(anonymous_14)","decl":{"start":{"line":188,"column":33},"end":{"line":188,"column":34}},"loc":{"start":{"line":188,"column":53},"end":{"line":202,"column":1}},"line":188},"15":{"name":"(anonymous_15)","decl":{"start":{"line":205,"column":32},"end":{"line":205,"column":33}},"loc":{"start":{"line":205,"column":52},"end":{"line":219,"column":1}},"line":205},"16":{"name":"(anonymous_16)","decl":{"start":{"line":222,"column":35},"end":{"line":222,"column":36}},"loc":{"start":{"line":222,"column":55},"end":{"line":236,"column":1}},"line":222},"17":{"name":"(anonymous_17)","decl":{"start":{"line":226,"column":41},"end":{"line":226,"column":42}},"loc":{"start":{"line":226,"column":51},"end":{"line":226,"column":67}},"line":226}},"branchMap":{"0":{"loc":{"start":{"line":18,"column":2},"end":{"line":28,"column":3}},"type":"if","locations":[{"start":{"line":18,"column":2},"end":{"line":28,"column":3}},{"start":{"line":18,"column":2},"end":{"line":28,"column":3}}],"line":18},"1":{"loc":{"start":{"line":35,"column":2},"end":{"line":45,"column":3}},"type":"if","locations":[{"start":{"line":35,"column":2},"end":{"line":45,"column":3}},{"start":{"line":35,"column":2},"end":{"line":45,"column":3}}],"line":35},"2":{"loc":{"start":{"line":52,"column":2},"end":{"line":62,"column":3}},"type":"if","locations":[{"start":{"line":52,"column":2},"end":{"line":62,"column":3}},{"start":{"line":52,"column":2},"end":{"line":62,"column":3}}],"line":52},"3":{"loc":{"start":{"line":69,"column":2},"end":{"line":79,"column":3}},"type":"if","locations":[{"start":{"line":69,"column":2},"end":{"line":79,"column":3}},{"start":{"line":69,"column":2},"end":{"line":79,"column":3}}],"line":69},"4":{"loc":{"start":{"line":86,"column":2},"end":{"line":96,"column":3}},"type":"if","locations":[{"start":{"line":86,"column":2},"end":{"line":96,"column":3}},{"start":{"line":86,"column":2},"end":{"line":96,"column":3}}],"line":86},"5":{"loc":{"start":{"line":103,"column":2},"end":{"line":113,"column":3}},"type":"if","locations":[{"start":{"line":103,"column":2},"end":{"line":113,"column":3}},{"start":{"line":103,"column":2},"end":{"line":113,"column":3}}],"line":103},"6":{"loc":{"start":{"line":121,"column":2},"end":{"line":132,"column":3}},"type":"if","locations":[{"start":{"line":121,"column":2},"end":{"line":132,"column":3}},{"start":{"line":121,"column":2},"end":{"line":132,"column":3}}],"line":121},"7":{"loc":{"start":{"line":140,"column":2},"end":{"line":152,"column":3}},"type":"if","locations":[{"start":{"line":140,"column":2},"end":{"line":152,"column":3}},{"start":{"line":140,"column":2},"end":{"line":152,"column":3}}],"line":140},"8":{"loc":{"start":{"line":159,"column":2},"end":{"line":182,"column":3}},"type":"if","locations":[{"start":{"line":159,"column":2},"end":{"line":182,"column":3}},{"start":{"line":159,"column":2},"end":{"line":182,"column":3}}],"line":159},"9":{"loc":{"start":{"line":163,"column":4},"end":{"line":178,"column":5}},"type":"if","locations":[{"start":{"line":163,"column":4},"end":{"line":178,"column":5}},{"start":{"line":163,"column":4},"end":{"line":178,"column":5}}],"line":163},"10":{"loc":{"start":{"line":191,"column":2},"end":{"line":201,"column":3}},"type":"if","locations":[{"start":{"line":191,"column":2},"end":{"line":201,"column":3}},{"start":{"line":191,"column":2},"end":{"line":201,"column":3}}],"line":191},"11":{"loc":{"start":{"line":208,"column":2},"end":{"line":218,"column":3}},"type":"if","locations":[{"start":{"line":208,"column":2},"end":{"line":218,"column":3}},{"start":{"line":208,"column":2},"end":{"line":218,"column":3}}],"line":208},"12":{"loc":{"start":{"line":225,"column":2},"end":{"line":235,"column":3}},"type":"if","locations":[{"start":{"line":225,"column":2},"end":{"line":235,"column":3}},{"start":{"line":225,"column":2},"end":{"line":235,"column":3}}],"line":225}},"s":{"0":1,"1":1,"2":1,"3":1,"4":1,"5":1,"6":1,"7":1,"8":1,"9":0,"10":0,"11":1,"12":1,"13":1,"14":1,"15":1,"16":28,"17":1,"18":1,"19":0,"20":0,"21":1,"22":0,"23":0,"24":0,"25":0,"26":0,"27":0,"28":0,"29":0,"30":1,"31":0,"32":0,"33":0,"34":0,"35":0,"36":0,"37":0,"38":0,"39":0,"40":1,"41":0,"42":0,"43":0,"44":0,"45":0,"46":0,"47":0,"48":0,"49":1,"50":0,"51":0,"52":0,"53":0,"54":0,"55":0,"56":0,"57":0,"58":0,"59":1,"60":0,"61":0,"62":0,"63":0,"64":0,"65":0,"66":0,"67":0,"68":0,"69":0,"70":1,"71":0,"72":0,"73":0,"74":0,"75":0,"76":0,"77":0,"78":0,"79":0,"80":1,"81":0,"82":0,"83":0,"84":0,"85":0,"86":0,"87":0,"88":0,"89":0,"90":0,"91":0,"92":0,"93":0,"94":0,"95":0,"96":0,"97":0,"98":0,"99":1,"100":0,"101":0,"102":0,"103":0,"104":0,"105":0,"106":0,"107":0,"108":1,"109":0,"110":0,"111":0,"112":0,"113":0,"114":0,"115":0,"116":0,"117":1,"118":0,"119":0,"120":0,"121":0,"122":0,"123":0,"124":0,"125":0,"126":0,"127":1},"f":{"0":1,"1":1,"2":28,"3":0,"4":0,"5":0,"6":0,"7":0,"8":0,"9":0,"10":0,"11":0,"12":0,"13":0,"14":0,"15":0,"16":0,"17":0},"b":{"0":[1,0],"1":[1,0],"2":[0,0],"3":[0,0],"4":[0,0],"5":[0,0],"6":[0,0],"7":[0,0],"8":[0,0],"9":[0,0],"10":[0,0],"11":[0,0],"12":[0,0]},"_coverageSchema":"1a1c01bbd47fc00a2c39e90264f33305004495a9","hash":"d04e873e4c4cf334fdb6b2508b618efbfce889ca","contentHash":"b097b09153164e62c3c4d85ff699d06df34774c6bf7c0b0c6e132454bd9460e2"},"/Users/khalidsadat/Documents/Data/Khalid/Concordia/Semesters/5th Semester - Winter 2023/SOEN 390/untitled folder/Linkify/Linkify-src/server/routes/connectionR.js":{"path":"/Users/khalidsadat/Documents/Data/Khalid/Concordia/Semesters/5th Semester - Winter 2023/SOEN 390/untitled folder/Linkify/Linkify-src/server/routes/connectionR.js","statementMap":{"0":{"start":{"line":1,"column":16},"end":{"line":1,"column":34}},"1":{"start":{"line":2,"column":29},"end":{"line":2,"column":69}},"2":{"start":{"line":4,"column":15},"end":{"line":4,"column":31}},"3":{"start":{"line":11,"column":0},"end":{"line":14,"column":2}},"4":{"start":{"line":21,"column":0},"end":{"line":24,"column":2}},"5":{"start":{"line":31,"column":0},"end":{"line":34,"column":2}},"6":{"start":{"line":41,"column":0},"end":{"line":41,"column":72}},"7":{"start":{"line":47,"column":0},"end":{"line":50,"column":2}},"8":{"start":{"line":57,"column":0},"end":{"line":57,"column":73}},"9":{"start":{"line":59,"column":0},"end":{"line":59,"column":24}}},"fnMap":{},"branchMap":{},"s":{"0":1,"1":1,"2":1,"3":1,"4":1,"5":1,"6":1,"7":1,"8":1,"9":1},"f":{},"b":{},"_coverageSchema":"1a1c01bbd47fc00a2c39e90264f33305004495a9","hash":"da7cf443b0d95343d8680a202aa206ad440040ac","contentHash":"d5e83655f8fd6eb03093ab3bff4e9346d4ab1d4552f0c853ac467e036abb29c3"},"/Users/khalidsadat/Documents/Data/Khalid/Concordia/Semesters/5th Semester - Winter 2023/SOEN 390/untitled folder/Linkify/Linkify-src/server/controllers/connectionC.js":{"path":"/Users/khalidsadat/Documents/Data/Khalid/Concordia/Semesters/5th Semester - Winter 2023/SOEN 390/untitled folder/Linkify/Linkify-src/server/controllers/connectionC.js","statementMap":{"0":{"start":{"line":8,"column":21},"end":{"line":8,"column":53}},"1":{"start":{"line":9,"column":17},"end":{"line":9,"column":49}},"2":{"start":{"line":11,"column":26},"end":{"line":20,"column":2}},"3":{"start":{"line":12,"column":21},"end":{"line":12,"column":30}},"4":{"start":{"line":13,"column":15},"end":{"line":13,"column":70}},"5":{"start":{"line":14,"column":2},"end":{"line":19,"column":3}},"6":{"start":{"line":15,"column":4},"end":{"line":15,"column":31}},"7":{"start":{"line":17,"column":4},"end":{"line":17,"column":20}},"8":{"start":{"line":18,"column":4},"end":{"line":18,"column":38}},"9":{"start":{"line":22,"column":30},"end":{"line":31,"column":2}},"10":{"start":{"line":23,"column":21},"end":{"line":23,"column":30}},"11":{"start":{"line":24,"column":15},"end":{"line":24,"column":77}},"12":{"start":{"line":25,"column":2},"end":{"line":30,"column":3}},"13":{"start":{"line":26,"column":4},"end":{"line":26,"column":38}},"14":{"start":{"line":28,"column":4},"end":{"line":28,"column":20}},"15":{"start":{"line":29,"column":4},"end":{"line":29,"column":38}},"16":{"start":{"line":33,"column":30},"end":{"line":45,"column":2}},"17":{"start":{"line":34,"column":35},"end":{"line":34,"column":43}},"18":{"start":{"line":35,"column":2},"end":{"line":35,"column":36}},"19":{"start":{"line":36,"column":15},"end":{"line":36,"column":50}},"20":{"start":{"line":37,"column":2},"end":{"line":44,"column":3}},"21":{"start":{"line":38,"column":4},"end":{"line":38,"column":43}},"22":{"start":{"line":39,"column":4},"end":{"line":39,"column":22}},"23":{"start":{"line":40,"column":4},"end":{"line":40,"column":65}},"24":{"start":{"line":42,"column":4},"end":{"line":42,"column":20}},"25":{"start":{"line":43,"column":4},"end":{"line":43,"column":43}},"26":{"start":{"line":47,"column":32},"end":{"line":65,"column":2}},"27":{"start":{"line":48,"column":35},"end":{"line":48,"column":43}},"28":{"start":{"line":49,"column":2},"end":{"line":49,"column":36}},"29":{"start":{"line":50,"column":15},"end":{"line":50,"column":50}},"30":{"start":{"line":51,"column":17},"end":{"line":51,"column":50}},"31":{"start":{"line":52,"column":2},"end":{"line":64,"column":3}},"32":{"start":{"line":53,"column":4},"end":{"line":55,"column":6}},"33":{"start":{"line":54,"column":16},"end":{"line":54,"column":44}},"34":{"start":{"line":56,"column":4},"end":{"line":56,"column":36}},"35":{"start":{"line":57,"column":4},"end":{"line":57,"column":40}},"36":{"start":{"line":58,"column":4},"end":{"line":58,"column":22}},"37":{"start":{"line":59,"column":4},"end":{"line":59,"column":24}},"38":{"start":{"line":60,"column":4},"end":{"line":60,"column":19}},"39":{"start":{"line":62,"column":4},"end":{"line":62,"column":20}},"40":{"start":{"line":63,"column":4},"end":{"line":63,"column":43}},"41":{"start":{"line":67,"column":32},"end":{"line":80,"column":2}},"42":{"start":{"line":68,"column":35},"end":{"line":68,"column":43}},"43":{"start":{"line":69,"column":15},"end":{"line":69,"column":50}},"44":{"start":{"line":70,"column":2},"end":{"line":79,"column":3}},"45":{"start":{"line":71,"column":4},"end":{"line":73,"column":6}},"46":{"start":{"line":72,"column":16},"end":{"line":72,"column":44}},"47":{"start":{"line":74,"column":4},"end":{"line":74,"column":22}},"48":{"start":{"line":75,"column":4},"end":{"line":75,"column":19}},"49":{"start":{"line":77,"column":4},"end":{"line":77,"column":20}},"50":{"start":{"line":78,"column":4},"end":{"line":78,"column":43}},"51":{"start":{"line":82,"column":25},"end":{"line":100,"column":2}},"52":{"start":{"line":83,"column":35},"end":{"line":83,"column":43}},"53":{"start":{"line":84,"column":15},"end":{"line":84,"column":46}},"54":{"start":{"line":85,"column":21},"end":{"line":85,"column":58}},"55":{"start":{"line":86,"column":2},"end":{"line":99,"column":3}},"56":{"start":{"line":87,"column":4},"end":{"line":89,"column":6}},"57":{"start":{"line":88,"column":16},"end":{"line":88,"column":48}},"58":{"start":{"line":90,"column":4},"end":{"line":92,"column":6}},"59":{"start":{"line":91,"column":16},"end":{"line":91,"column":42}},"60":{"start":{"line":93,"column":4},"end":{"line":93,"column":22}},"61":{"start":{"line":94,"column":4},"end":{"line":94,"column":28}},"62":{"start":{"line":95,"column":4},"end":{"line":95,"column":19}},"63":{"start":{"line":97,"column":4},"end":{"line":97,"column":20}},"64":{"start":{"line":98,"column":4},"end":{"line":98,"column":38}},"65":{"start":{"line":102,"column":0},"end":{"line":109,"column":2}}},"fnMap":{"0":{"name":"(anonymous_0)","decl":{"start":{"line":11,"column":39},"end":{"line":11,"column":40}},"loc":{"start":{"line":11,"column":59},"end":{"line":20,"column":1}},"line":11},"1":{"name":"(anonymous_1)","decl":{"start":{"line":22,"column":43},"end":{"line":22,"column":44}},"loc":{"start":{"line":22,"column":63},"end":{"line":31,"column":1}},"line":22},"2":{"name":"(anonymous_2)","decl":{"start":{"line":33,"column":43},"end":{"line":33,"column":44}},"loc":{"start":{"line":33,"column":63},"end":{"line":45,"column":1}},"line":33},"3":{"name":"(anonymous_3)","decl":{"start":{"line":47,"column":45},"end":{"line":47,"column":46}},"loc":{"start":{"line":47,"column":65},"end":{"line":65,"column":1}},"line":47},"4":{"name":"(anonymous_4)","decl":{"start":{"line":54,"column":6},"end":{"line":54,"column":7}},"loc":{"start":{"line":54,"column":16},"end":{"line":54,"column":44}},"line":54},"5":{"name":"(anonymous_5)","decl":{"start":{"line":67,"column":45},"end":{"line":67,"column":46}},"loc":{"start":{"line":67,"column":65},"end":{"line":80,"column":1}},"line":67},"6":{"name":"(anonymous_6)","decl":{"start":{"line":72,"column":6},"end":{"line":72,"column":7}},"loc":{"start":{"line":72,"column":16},"end":{"line":72,"column":44}},"line":72},"7":{"name":"(anonymous_7)","decl":{"start":{"line":82,"column":38},"end":{"line":82,"column":39}},"loc":{"start":{"line":82,"column":58},"end":{"line":100,"column":1}},"line":82},"8":{"name":"(anonymous_8)","decl":{"start":{"line":88,"column":6},"end":{"line":88,"column":7}},"loc":{"start":{"line":88,"column":16},"end":{"line":88,"column":48}},"line":88},"9":{"name":"(anonymous_9)","decl":{"start":{"line":91,"column":6},"end":{"line":91,"column":7}},"loc":{"start":{"line":91,"column":16},"end":{"line":91,"column":42}},"line":91}},"branchMap":{"0":{"loc":{"start":{"line":14,"column":2},"end":{"line":19,"column":3}},"type":"if","locations":[{"start":{"line":14,"column":2},"end":{"line":19,"column":3}},{"start":{"line":14,"column":2},"end":{"line":19,"column":3}}],"line":14},"1":{"loc":{"start":{"line":25,"column":2},"end":{"line":30,"column":3}},"type":"if","locations":[{"start":{"line":25,"column":2},"end":{"line":30,"column":3}},{"start":{"line":25,"column":2},"end":{"line":30,"column":3}}],"line":25},"2":{"loc":{"start":{"line":37,"column":2},"end":{"line":44,"column":3}},"type":"if","locations":[{"start":{"line":37,"column":2},"end":{"line":44,"column":3}},{"start":{"line":37,"column":2},"end":{"line":44,"column":3}}],"line":37},"3":{"loc":{"start":{"line":52,"column":2},"end":{"line":64,"column":3}},"type":"if","locations":[{"start":{"line":52,"column":2},"end":{"line":64,"column":3}},{"start":{"line":52,"column":2},"end":{"line":64,"column":3}}],"line":52},"4":{"loc":{"start":{"line":70,"column":2},"end":{"line":79,"column":3}},"type":"if","locations":[{"start":{"line":70,"column":2},"end":{"line":79,"column":3}},{"start":{"line":70,"column":2},"end":{"line":79,"column":3}}],"line":70},"5":{"loc":{"start":{"line":86,"column":2},"end":{"line":99,"column":3}},"type":"if","locations":[{"start":{"line":86,"column":2},"end":{"line":99,"column":3}},{"start":{"line":86,"column":2},"end":{"line":99,"column":3}}],"line":86}},"s":{"0":1,"1":1,"2":1,"3":0,"4":0,"5":0,"6":0,"7":0,"8":0,"9":1,"10":0,"11":0,"12":0,"13":0,"14":0,"15":0,"16":1,"17":1,"18":1,"19":1,"20":1,"21":1,"22":1,"23":1,"24":0,"25":0,"26":1,"27":0,"28":0,"29":0,"30":0,"31":0,"32":0,"33":0,"34":0,"35":0,"36":0,"37":0,"38":0,"39":0,"40":0,"41":1,"42":0,"43":0,"44":0,"45":0,"46":0,"47":0,"48":0,"49":0,"50":0,"51":1,"52":0,"53":0,"54":0,"55":0,"56":0,"57":0,"58":0,"59":0,"60":0,"61":0,"62":0,"63":0,"64":0,"65":1},"f":{"0":0,"1":0,"2":1,"3":0,"4":0,"5":0,"6":0,"7":0,"8":0,"9":0},"b":{"0":[0,0],"1":[0,0],"2":[1,0],"3":[0,0],"4":[0,0],"5":[0,0]},"_coverageSchema":"1a1c01bbd47fc00a2c39e90264f33305004495a9","hash":"4af9f0eeef72e111b687cc7fe889e4293eb5cd26","contentHash":"740f94e31c22284cb63edff84b485722050724b1d76e18299b4f01a8e3db88e9"},"/Users/khalidsadat/Documents/Data/Khalid/Concordia/Semesters/5th Semester - Winter 2023/SOEN 390/untitled folder/Linkify/Linkify-src/server/routes/feedsR.js":{"path":"/Users/khalidsadat/Documents/Data/Khalid/Concordia/Semesters/5th Semester - Winter 2023/SOEN 390/untitled folder/Linkify/Linkify-src/server/routes/feedsR.js","statementMap":{"0":{"start":{"line":1,"column":16},"end":{"line":1,"column":34}},"1":{"start":{"line":2,"column":15},"end":{"line":2,"column":31}},"2":{"start":{"line":3,"column":24},"end":{"line":3,"column":56}},"3":{"start":{"line":8,"column":0},"end":{"line":8,"column":51}},"4":{"start":{"line":13,"column":0},"end":{"line":13,"column":53}},"5":{"start":{"line":18,"column":0},"end":{"line":18,"column":49}},"6":{"start":{"line":23,"column":0},"end":{"line":23,"column":55}},"7":{"start":{"line":28,"column":0},"end":{"line":28,"column":55}},"8":{"start":{"line":33,"column":0},"end":{"line":33,"column":57}},"9":{"start":{"line":38,"column":0},"end":{"line":38,"column":56}},"10":{"start":{"line":43,"column":0},"end":{"line":43,"column":64}},"11":{"start":{"line":45,"column":0},"end":{"line":45,"column":24}}},"fnMap":{},"branchMap":{},"s":{"0":1,"1":1,"2":1,"3":1,"4":1,"5":1,"6":1,"7":1,"8":1,"9":1,"10":1,"11":1},"f":{},"b":{},"_coverageSchema":"1a1c01bbd47fc00a2c39e90264f33305004495a9","hash":"852c84c485845f672b0a283e32826fdf3c3ed714","contentHash":"b2fb97d0783f3621fdcaa364ded364fae319e8632f321bb2acc3e85c8960e754"},"/Users/khalidsadat/Documents/Data/Khalid/Concordia/Semesters/5th Semester - Winter 2023/SOEN 390/untitled folder/Linkify/Linkify-src/server/controllers/feedsC.js":{"path":"/Users/khalidsadat/Documents/Data/Khalid/Concordia/Semesters/5th Semester - Winter 2023/SOEN 390/untitled folder/Linkify/Linkify-src/server/controllers/feedsC.js","statementMap":{"0":{"start":{"line":14,"column":15},"end":{"line":14,"column":45}},"1":{"start":{"line":15,"column":21},"end":{"line":15,"column":53}},"2":{"start":{"line":16,"column":17},"end":{"line":16,"column":49}},"3":{"start":{"line":22,"column":17},"end":{"line":52,"column":2}},"4":{"start":{"line":23,"column":2},"end":{"line":51,"column":3}},"5":{"start":{"line":34,"column":8},"end":{"line":34,"column":16}},"6":{"start":{"line":35,"column":17},"end":{"line":45,"column":6}},"7":{"start":{"line":47,"column":4},"end":{"line":47,"column":38}},"8":{"start":{"line":50,"column":4},"end":{"line":50,"column":51}},"9":{"start":{"line":102,"column":20},"end":{"line":146,"column":2}},"10":{"start":{"line":103,"column":2},"end":{"line":145,"column":3}},"11":{"start":{"line":105,"column":21},"end":{"line":105,"column":37}},"12":{"start":{"line":106,"column":27},"end":{"line":106,"column":62}},"13":{"start":{"line":107,"column":4},"end":{"line":107,"column":56}},"14":{"start":{"line":107,"column":35},"end":{"line":107,"column":54}},"15":{"start":{"line":110,"column":19},"end":{"line":110,"column":43}},"16":{"start":{"line":111,"column":4},"end":{"line":111,"column":80}},"17":{"start":{"line":111,"column":67},"end":{"line":111,"column":78}},"18":{"start":{"line":112,"column":16},"end":{"line":112,"column":49}},"19":{"start":{"line":115,"column":4},"end":{"line":120,"column":5}},"20":{"start":{"line":116,"column":21},"end":{"line":116,"column":56}},"21":{"start":{"line":117,"column":6},"end":{"line":117,"column":33}},"22":{"start":{"line":119,"column":6},"end":{"line":119,"column":38}},"23":{"start":{"line":123,"column":17},"end":{"line":123,"column":40}},"24":{"start":{"line":124,"column":18},"end":{"line":124,"column":43}},"25":{"start":{"line":125,"column":17},"end":{"line":125,"column":35}},"26":{"start":{"line":127,"column":4},"end":{"line":127,"column":42}},"27":{"start":{"line":130,"column":18},"end":{"line":130,"column":29}},"28":{"start":{"line":133,"column":4},"end":{"line":139,"column":7}},"29":{"start":{"line":141,"column":4},"end":{"line":144,"column":7}},"30":{"start":{"line":150,"column":20},"end":{"line":158,"column":2}},"31":{"start":{"line":151,"column":15},"end":{"line":151,"column":50}},"32":{"start":{"line":152,"column":2},"end":{"line":157,"column":3}},"33":{"start":{"line":153,"column":4},"end":{"line":153,"column":19}},"34":{"start":{"line":155,"column":4},"end":{"line":155,"column":20}},"35":{"start":{"line":156,"column":4},"end":{"line":156,"column":38}},"36":{"start":{"line":164,"column":19},"end":{"line":173,"column":2}},"37":{"start":{"line":165,"column":15},"end":{"line":165,"column":51}},"38":{"start":{"line":166,"column":2},"end":{"line":172,"column":3}},"39":{"start":{"line":167,"column":4},"end":{"line":167,"column":24}},"40":{"start":{"line":168,"column":4},"end":{"line":168,"column":42}},"41":{"start":{"line":170,"column":4},"end":{"line":170,"column":20}},"42":{"start":{"line":171,"column":4},"end":{"line":171,"column":38}},"43":{"start":{"line":180,"column":19},"end":{"line":207,"column":2}},"44":{"start":{"line":190,"column":6},"end":{"line":190,"column":14}},"45":{"start":{"line":191,"column":15},"end":{"line":191,"column":51}},"46":{"start":{"line":192,"column":2},"end":{"line":206,"column":3}},"47":{"start":{"line":193,"column":4},"end":{"line":193,"column":23}},"48":{"start":{"line":194,"column":4},"end":{"line":194,"column":25}},"49":{"start":{"line":195,"column":4},"end":{"line":195,"column":29}},"50":{"start":{"line":196,"column":4},"end":{"line":196,"column":35}},"51":{"start":{"line":197,"column":4},"end":{"line":197,"column":23}},"52":{"start":{"line":198,"column":4},"end":{"line":198,"column":29}},"53":{"start":{"line":199,"column":4},"end":{"line":199,"column":25}},"54":{"start":{"line":200,"column":4},"end":{"line":200,"column":21}},"55":{"start":{"line":201,"column":24},"end":{"line":201,"column":41}},"56":{"start":{"line":202,"column":4},"end":{"line":202,"column":26}},"57":{"start":{"line":204,"column":4},"end":{"line":204,"column":20}},"58":{"start":{"line":205,"column":4},"end":{"line":205,"column":38}},"59":{"start":{"line":219,"column":16},"end":{"line":230,"column":2}},"60":{"start":{"line":220,"column":23},"end":{"line":220,"column":31}},"61":{"start":{"line":221,"column":15},"end":{"line":221,"column":40}},"62":{"start":{"line":222,"column":2},"end":{"line":229,"column":3}},"63":{"start":{"line":223,"column":4},"end":{"line":223,"column":26}},"64":{"start":{"line":224,"column":24},"end":{"line":224,"column":41}},"65":{"start":{"line":225,"column":4},"end":{"line":225,"column":26}},"66":{"start":{"line":227,"column":4},"end":{"line":227,"column":20}},"67":{"start":{"line":228,"column":4},"end":{"line":228,"column":38}},"68":{"start":{"line":241,"column":19},"end":{"line":252,"column":2}},"69":{"start":{"line":242,"column":26},"end":{"line":242,"column":34}},"70":{"start":{"line":243,"column":15},"end":{"line":243,"column":40}},"71":{"start":{"line":244,"column":2},"end":{"line":251,"column":3}},"72":{"start":{"line":245,"column":4},"end":{"line":245,"column":32}},"73":{"start":{"line":246,"column":24},"end":{"line":246,"column":41}},"74":{"start":{"line":247,"column":4},"end":{"line":247,"column":26}},"75":{"start":{"line":249,"column":4},"end":{"line":249,"column":20}},"76":{"start":{"line":250,"column":4},"end":{"line":250,"column":38}},"77":{"start":{"line":259,"column":24},"end":{"line":272,"column":2}},"78":{"start":{"line":260,"column":13},"end":{"line":260,"column":25}},"79":{"start":{"line":261,"column":15},"end":{"line":261,"column":17}},"80":{"start":{"line":262,"column":2},"end":{"line":271,"column":3}},"81":{"start":{"line":263,"column":17},"end":{"line":263,"column":44}},"82":{"start":{"line":264,"column":4},"end":{"line":267,"column":5}},"83":{"start":{"line":264,"column":17},"end":{"line":264,"column":18}},"84":{"start":{"line":265,"column":20},"end":{"line":265,"column":70}},"85":{"start":{"line":266,"column":6},"end":{"line":266,"column":26}},"86":{"start":{"line":268,"column":4},"end":{"line":268,"column":31}},"87":{"start":{"line":270,"column":4},"end":{"line":270,"column":21}},"88":{"start":{"line":274,"column":0},"end":{"line":283,"column":2}}},"fnMap":{"0":{"name":"(anonymous_0)","decl":{"start":{"line":22,"column":30},"end":{"line":22,"column":31}},"loc":{"start":{"line":22,"column":50},"end":{"line":52,"column":1}},"line":22},"1":{"name":"(anonymous_1)","decl":{"start":{"line":102,"column":33},"end":{"line":102,"column":34}},"loc":{"start":{"line":102,"column":59},"end":{"line":146,"column":1}},"line":102},"2":{"name":"(anonymous_2)","decl":{"start":{"line":107,"column":27},"end":{"line":107,"column":28}},"loc":{"start":{"line":107,"column":35},"end":{"line":107,"column":54}},"line":107},"3":{"name":"(anonymous_3)","decl":{"start":{"line":111,"column":56},"end":{"line":111,"column":57}},"loc":{"start":{"line":111,"column":67},"end":{"line":111,"column":78}},"line":111},"4":{"name":"(anonymous_4)","decl":{"start":{"line":150,"column":33},"end":{"line":150,"column":34}},"loc":{"start":{"line":150,"column":53},"end":{"line":158,"column":1}},"line":150},"5":{"name":"(anonymous_5)","decl":{"start":{"line":164,"column":32},"end":{"line":164,"column":33}},"loc":{"start":{"line":164,"column":52},"end":{"line":173,"column":1}},"line":164},"6":{"name":"(anonymous_6)","decl":{"start":{"line":180,"column":32},"end":{"line":180,"column":33}},"loc":{"start":{"line":180,"column":52},"end":{"line":207,"column":1}},"line":180},"7":{"name":"(anonymous_7)","decl":{"start":{"line":219,"column":29},"end":{"line":219,"column":30}},"loc":{"start":{"line":219,"column":49},"end":{"line":230,"column":1}},"line":219},"8":{"name":"(anonymous_8)","decl":{"start":{"line":241,"column":32},"end":{"line":241,"column":33}},"loc":{"start":{"line":241,"column":52},"end":{"line":252,"column":1}},"line":241},"9":{"name":"(anonymous_9)","decl":{"start":{"line":259,"column":37},"end":{"line":259,"column":38}},"loc":{"start":{"line":259,"column":57},"end":{"line":272,"column":1}},"line":259}},"branchMap":{"0":{"loc":{"start":{"line":115,"column":4},"end":{"line":120,"column":5}},"type":"if","locations":[{"start":{"line":115,"column":4},"end":{"line":120,"column":5}},{"start":{"line":115,"column":4},"end":{"line":120,"column":5}}],"line":115},"1":{"loc":{"start":{"line":123,"column":17},"end":{"line":123,"column":40}},"type":"binary-expr","locations":[{"start":{"line":123,"column":17},"end":{"line":123,"column":35}},{"start":{"line":123,"column":39},"end":{"line":123,"column":40}}],"line":123},"2":{"loc":{"start":{"line":124,"column":18},"end":{"line":124,"column":43}},"type":"binary-expr","locations":[{"start":{"line":124,"column":18},"end":{"line":124,"column":37}},{"start":{"line":124,"column":41},"end":{"line":124,"column":43}}],"line":124},"3":{"loc":{"start":{"line":152,"column":2},"end":{"line":157,"column":3}},"type":"if","locations":[{"start":{"line":152,"column":2},"end":{"line":157,"column":3}},{"start":{"line":152,"column":2},"end":{"line":157,"column":3}}],"line":152},"4":{"loc":{"start":{"line":166,"column":2},"end":{"line":172,"column":3}},"type":"if","locations":[{"start":{"line":166,"column":2},"end":{"line":172,"column":3}},{"start":{"line":166,"column":2},"end":{"line":172,"column":3}}],"line":166},"5":{"loc":{"start":{"line":192,"column":2},"end":{"line":206,"column":3}},"type":"if","locations":[{"start":{"line":192,"column":2},"end":{"line":206,"column":3}},{"start":{"line":192,"column":2},"end":{"line":206,"column":3}}],"line":192},"6":{"loc":{"start":{"line":222,"column":2},"end":{"line":229,"column":3}},"type":"if","locations":[{"start":{"line":222,"column":2},"end":{"line":229,"column":3}},{"start":{"line":222,"column":2},"end":{"line":229,"column":3}}],"line":222},"7":{"loc":{"start":{"line":244,"column":2},"end":{"line":251,"column":3}},"type":"if","locations":[{"start":{"line":244,"column":2},"end":{"line":251,"column":3}},{"start":{"line":244,"column":2},"end":{"line":251,"column":3}}],"line":244}},"s":{"0":1,"1":1,"2":1,"3":1,"4":1,"5":1,"6":1,"7":0,"8":1,"9":1,"10":0,"11":0,"12":0,"13":0,"14":0,"15":0,"16":0,"17":0,"18":0,"19":0,"20":0,"21":0,"22":0,"23":0,"24":0,"25":0,"26":0,"27":0,"28":0,"29":0,"30":1,"31":0,"32":0,"33":0,"34":0,"35":0,"36":1,"37":0,"38":0,"39":0,"40":0,"41":0,"42":0,"43":1,"44":0,"45":0,"46":0,"47":0,"48":0,"49":0,"50":0,"51":0,"52":0,"53":0,"54":0,"55":0,"56":0,"57":0,"58":0,"59":1,"60":0,"61":0,"62":0,"63":0,"64":0,"65":0,"66":0,"67":0,"68":1,"69":0,"70":0,"71":0,"72":0,"73":0,"74":0,"75":0,"76":0,"77":1,"78":0,"79":0,"80":0,"81":0,"82":0,"83":0,"84":0,"85":0,"86":0,"87":0,"88":1},"f":{"0":1,"1":0,"2":0,"3":0,"4":0,"5":0,"6":0,"7":0,"8":0,"9":0},"b":{"0":[0,0],"1":[0,0],"2":[0,0],"3":[0,0],"4":[0,0],"5":[0,0],"6":[0,0],"7":[0,0]},"_coverageSchema":"1a1c01bbd47fc00a2c39e90264f33305004495a9","hash":"b7df96f43009a71fcd81eaed8c6d84b231dc69f0","contentHash":"f5ee6ae6d885e7225515b97c3f6689fa7bf3f2f6b56c879bea2abd42a90ddd41"},"/Users/khalidsadat/Documents/Data/Khalid/Concordia/Semesters/5th Semester - Winter 2023/SOEN 390/untitled folder/Linkify/Linkify-src/server/models/feedsM.js":{"path":"/Users/khalidsadat/Documents/Data/Khalid/Concordia/Semesters/5th Semester - Winter 2023/SOEN 390/untitled folder/Linkify/Linkify-src/server/models/feedsM.js","statementMap":{"0":{"start":{"line":1,"column":17},"end":{"line":1,"column":36}},"1":{"start":{"line":3,"column":20},"end":{"line":56,"column":2}},"2":{"start":{"line":58,"column":14},"end":{"line":58,"column":50}},"3":{"start":{"line":60,"column":0},"end":{"line":60,"column":23}}},"fnMap":{},"branchMap":{},"s":{"0":1,"1":1,"2":1,"3":1},"f":{},"b":{},"_coverageSchema":"1a1c01bbd47fc00a2c39e90264f33305004495a9","hash":"97967e4d1834b0985a088b6db480bdeb02bf71e5","contentHash":"e1120ede2dc0e0442e4f77496508e4e1ada5dbc7528ae2af46668cee9a4ef97e"},"/Users/khalidsadat/Documents/Data/Khalid/Concordia/Semesters/5th Semester - Winter 2023/SOEN 390/untitled folder/Linkify/Linkify-src/server/routes/jobPostsR.js":{"path":"/Users/khalidsadat/Documents/Data/Khalid/Concordia/Semesters/5th Semester - Winter 2023/SOEN 390/untitled folder/Linkify/Linkify-src/server/routes/jobPostsR.js","statementMap":{"0":{"start":{"line":1,"column":16},"end":{"line":1,"column":34}},"1":{"start":{"line":2,"column":15},"end":{"line":2,"column":31}},"2":{"start":{"line":3,"column":27},"end":{"line":3,"column":63}},"3":{"start":{"line":8,"column":0},"end":{"line":8,"column":59}},"4":{"start":{"line":13,"column":0},"end":{"line":13,"column":65}},"5":{"start":{"line":18,"column":0},"end":{"line":18,"column":64}},"6":{"start":{"line":23,"column":0},"end":{"line":23,"column":66}},"7":{"start":{"line":28,"column":0},"end":{"line":28,"column":64}},"8":{"start":{"line":33,"column":0},"end":{"line":33,"column":67}},"9":{"start":{"line":38,"column":0},"end":{"line":38,"column":63}},"10":{"start":{"line":40,"column":0},"end":{"line":40,"column":24}}},"fnMap":{},"branchMap":{},"s":{"0":1,"1":1,"2":1,"3":1,"4":1,"5":1,"6":1,"7":1,"8":1,"9":1,"10":1},"f":{},"b":{},"_coverageSchema":"1a1c01bbd47fc00a2c39e90264f33305004495a9","hash":"a6fdb80a7204abe06da49b059116d55fbdd581b9","contentHash":"f2b7ae07ee6c4c6dfb03b1ef602a44a8f6d62902c1b2a48116b25d400daabed8"},"/Users/khalidsadat/Documents/Data/Khalid/Concordia/Semesters/5th Semester - Winter 2023/SOEN 390/untitled folder/Linkify/Linkify-src/server/controllers/jobsPostsC.js":{"path":"/Users/khalidsadat/Documents/Data/Khalid/Concordia/Semesters/5th Semester - Winter 2023/SOEN 390/untitled folder/Linkify/Linkify-src/server/controllers/jobsPostsC.js","statementMap":{"0":{"start":{"line":9,"column":17},"end":{"line":9,"column":49}},"1":{"start":{"line":10,"column":21},"end":{"line":10,"column":53}},"2":{"start":{"line":13,"column":20},"end":{"line":16,"column":2}},"3":{"start":{"line":14,"column":19},"end":{"line":14,"column":42}},"4":{"start":{"line":15,"column":2},"end":{"line":15,"column":21}},"5":{"start":{"line":19,"column":23},"end":{"line":2
[...]
rt":{"line":30,"column":2},"end":{"line":45,"column":5}},"19":{"start":{"line":31,"column":21},"end":{"line":37,"column":6}},"20":{"start":{"line":39,"column":16},"end":{"line":41,"column":21}},"21":{"start":{"line":43,"column":4},"end":{"line":43,"column":37}},"22":{"start":{"line":44,"column":4},"end":{"line":44,"column":50}}},"fnMap":{"0":{"name":"(anonymous_0)","decl":{"start":{"line":18,"column":7},"end":{"line":18,"column":8}},"loc":{"start":{"line":18,"column":19},"end":{"line":22,"column":1}},"line":18},"1":{"name":"(anonymous_1)","decl":{"start":{"line":24,"column":6},"end":{"line":24,"column":7}},"loc":{"start":{"line":24,"column":18},"end":{"line":27,"column":1}},"line":24},"2":{"name":"(anonymous_2)","decl":{"start":{"line":29,"column":37},"end":{"line":29,"column":38}},"loc":{"start":{"line":29,"column":43},"end":{"line":46,"column":1}},"line":29},"3":{"name":"(anonymous_3)","decl":{"start":{"line":30,"column":34},"end":{"line":30,"column":35}},"loc":{"start":{"line":30,"column":46},"end":{"line":45,"column":3}},"line":30}},"branchMap":{},"s":{"0":1,"1":1,"2":1,"3":1,"4":1,"5":1,"6":1,"7":1,"8":1,"9":1,"10":1,"11":1,"12":1,"13":1,"14":1,"15":1,"16":1,"17":1,"18":1,"19":1,"20":1,"21":1,"22":1},"f":{"0":1,"1":1,"2":1,"3":1},"b":{},"_coverageSchema":"1a1c01bbd47fc00a2c39e90264f33305004495a9","hash":"8c215b5f5c28c78c308fe321a7288f312a1d5a6e","contentHash":"18bd09c4da590edb34c138122051db55caec94438b4bc3d12c82193b99ee8a11"},"/Users/khalidsadat/Documents/Data/Khalid/Concordia/Semesters/5th Semester - Winter 2023/SOEN 390/untitled folder/Linkify/Linkify-src/server/test/events/eventsGetAll.js":{"path":"/Users/khalidsadat/Documents/Data/Khalid/Concordia/Semesters/5th Semester - Winter 2023/SOEN 390/untitled folder/Linkify/Linkify-src/server/test/events/eventsGetAll.js","statementMap":{"0":{"start":{"line":1,"column":13},"end":{"line":1,"column":28}},"1":{"start":{"line":2,"column":17},"end":{"line":2,"column":37}},"2":{"start":{"line":3,"column":0},"end":{"line":3,"column":19}},"3":{"start":{"line":5,"column":15},"end":{"line":5,"column":26}},"4":{"start":{"line":6,"column":16},"end":{"line":6,"column":36}},"5":{"start":{"line":8,"column":12},"end":{"line":8,"column":38}},"6":{"start":{"line":9,"column":13},"end":{"line":9,"column":49}},"7":{"start":{"line":11,"column":0},"end":{"line":15,"column":2}},"8":{"start":{"line":12,"column":4},"end":{"line":14,"column":31}},"9":{"start":{"line":13,"column":16},"end":{"line":13,"column":22}},"10":{"start":{"line":14,"column":20},"end":{"line":14,"column":29}},"11":{"start":{"line":17,"column":0},"end":{"line":23,"column":3}},"12":{"start":{"line":18,"column":4},"end":{"line":22,"column":35}},"13":{"start":{"line":20,"column":8},"end":{"line":20,"column":15}},"14":{"start":{"line":22,"column":24},"end":{"line":22,"column":33}},"15":{"start":{"line":25,"column":0},"end":{"line":31,"column":3}},"16":{"start":{"line":26,"column":4},"end":{"line":30,"column":7}},"17":{"start":{"line":27,"column":20},"end":{"line":27,"column":70}},"18":{"start":{"line":28,"column":8},"end":{"line":28,"column":40}},"19":{"start":{"line":29,"column":21},"end":{"line":29,"column":29}}},"fnMap":{"0":{"name":"(anonymous_0)","decl":{"start":{"line":11,"column":7},"end":{"line":11,"column":8}},"loc":{"start":{"line":11,"column":17},"end":{"line":15,"column":1}},"line":11},"1":{"name":"(anonymous_1)","decl":{"start":{"line":13,"column":10},"end":{"line":13,"column":11}},"loc":{"start":{"line":13,"column":16},"end":{"line":13,"column":22}},"line":13},"2":{"name":"(anonymous_2)","decl":{"start":{"line":14,"column":11},"end":{"line":14,"column":12}},"loc":{"start":{"line":14,"column":20},"end":{"line":14,"column":29}},"line":14},"3":{"name":"(anonymous_3)","decl":{"start":{"line":17,"column":6},"end":{"line":17,"column":7}},"loc":{"start":{"line":17,"column":16},"end":{"line":23,"column":1}},"line":17},"4":{"name":"(anonymous_4)","decl":{"start":{"line":19,"column":14},"end":{"line":19,"column":15}},"loc":{"start":{"line":19,"column":20},"end":{"line":21,"column":9}},"line":19},"5":{"name":"(anonymous_5)","decl":{"start":{"line":22,"column":15},"end":{"line":22,"column":16}},"loc":{"start":{"line":22,"column":24},"end":{"line":22,"column":33}},"line":22},"6":{"name":"(anonymous_6)","decl":{"start":{"line":25,"column":37},"end":{"line":25,"column":38}},"loc":{"start":{"line":25,"column":43},"end":{"line":31,"column":1}},"line":25},"7":{"name":"(anonymous_7)","decl":{"start":{"line":26,"column":29},"end":{"line":26,"column":30}},"loc":{"start":{"line":26,"column":41},"end":{"line":30,"column":5}},"line":26}},"branchMap":{},"s":{"0":1,"1":1,"2":1,"3":1,"4":1,"5":1,"6":1,"7":1,"8":1,"9":1,"10":0,"11":1,"12":1,"13":1,"14":0,"15":1,"16":1,"17":1,"18":1,"19":1},"f":{"0":1,"1":1,"2":0,"3":1,"4":1,"5":0,"6":1,"7":1},"b":{},"_coverageSchema":"1a1c01bbd47fc00a2c39e90264f33305004495a9","hash":"f2e18eb1ee6ea30bad5a76bf332597d3e0766db9","contentHash":"4443042861805271ec0b1eedcd548956b7c262f18260ce3c658487a36fd7fae5"},"/Users/khalidsadat/Documents/Data/Khalid/Concordia/Semesters/5th Semester - Winter 2023/SOEN 390/untitled folder/Linkify/Linkify-src/server/test/feed.js":{"path":"/Users/khalidsadat/Documents/Data/Khalid/Concordia/Semesters/5th Semester - Winter 2023/SOEN 390/untitled folder/Linkify/Linkify-src/server/test/feed.js","statementMap":{},"fnMap":{},"branchMap":{},"s":{},"f":{},"b":{},"_coverageSchema":"1a1c01bbd47fc00a2c39e90264f33305004495a9","hash":"1d6dfbae7f3ddf6b2479bd43438cecd4b4c52980","contentHash":"5e4ed24456c46cd07994e5a746fd11486a59e6c66a56a16100466bef4e77bdd0"},"/Users/khalidsadat/Documents/Data/Khalid/Concordia/Semesters/5th Semester - Winter 2023/SOEN 390/untitled folder/Linkify/Linkify-src/server/test/feed/postFeed.js":{"path":"/Users/khalidsadat/Documents/Data/Khalid/Concordia/Semesters/5th Semester - Winter 2023/SOEN 390/untitled folder/Linkify/Linkify-src/server/test/feed/postFeed.js","statementMap":{"0":{"start":{"line":1,"column":0},"end":{"line":1,"column":30}},"1":{"start":{"line":3,"column":17},"end":{"line":3,"column":36}},"2":{"start":{"line":4,"column":30},"end":{"line":4,"column":62}},"3":{"start":{"line":5,"column":13},"end":{"line":5,"column":43}},"4":{"start":{"line":7,"column":13},"end":{"line":7,"column":28}},"5":{"start":{"line":8,"column":17},"end":{"line":8,"column":37}},"6":{"start":{"line":9,"column":0},"end":{"line":9,"column":19}},"7":{"start":{"line":11,"column":15},"end":{"line":11,"column":26}},"8":{"start":{"line":13,"column":12},"end":{"line":13,"column":38}},"9":{"start":{"line":14,"column":29},"end":{"line":14,"column":66}},"10":{"start":{"line":18,"column":0},"end":{"line":22,"column":3}},"11":{"start":{"line":19,"column":2},"end":{"line":19,"column":49}},"12":{"start":{"line":20,"column":19},"end":{"line":20,"column":39}},"13":{"start":{"line":21,"column":2},"end":{"line":21,"column":28}},"14":{"start":{"line":24,"column":0},"end":{"line":27,"column":3}},"15":{"start":{"line":25,"column":2},"end":{"line":25,"column":16}},"16":{"start":{"line":26,"column":2},"end":{"line":26,"column":27}},"17":{"start":{"line":29,"column":0},"end":{"line":51,"column":3}},"18":{"start":{"line":30,"column":2},"end":{"line":50,"column":5}},"19":{"start":{"line":31,"column":19},"end":{"line":31,"column":45}},"20":{"start":{"line":32,"column":17},"end":{"line":34,"column":5}},"21":{"start":{"line":35,"column":20},"end":{"line":43,"column":6}},"22":{"start":{"line":45,"column":16},"end":{"line":47,"column":20}},"23":{"start":{"line":49,"column":4},"end":{"line":49,"column":37}}},"fnMap":{"0":{"name":"(anonymous_0)","decl":{"start":{"line":18,"column":7},"end":{"line":18,"column":8}},"loc":{"start":{"line":18,"column":19},"end":{"line":22,"column":1}},"line":18},"1":{"name":"(anonymous_1)","decl":{"start":{"line":24,"column":6},"end":{"line":24,"column":7}},"loc":{"start":{"line":24,"column":18},"end":{"line":27,"column":1}},"line":24},"2":{"name":"(anonymous_2)","decl":{"start":{"line":29,"column":37},"end":{"line":29,"column":38}},"loc":{"start":{"line":29,"column":43},"end":{"line":51,"column":1}},"line":29},"3":{"name":"(anonymous_3)","decl":{"start":{"line":30,"column":37},"end":{"line":30,"column":38}},"loc":{"start":{"line":30,"column":49},"end":{"line":50,"column":3}},"line":30}},"branchMap":{},"s":{"0":1,"1":1,"2":1,"3":1,"4":1,"5":1,"6":1,"7":1,"8":1,"9":1,"10":1,"11":1,"12":1,"13":1,"14":1,"15":1,"16":1,"17":1,"18":1,"19":1,"20":1,"21":1,"22":1,"23":1},"f":{"0":1,"1":1,"2":1,"3":1},"b":{},"_coverageSchema":"1a1c01bbd47fc00a2c39e90264f33305004495a9","hash":"e9cf42e359f9e5bb3d0c4434f54d69b2ed4aff40","contentHash":"41ce85e6c26f0cd69804d549124721e315276c970dd8251246ded90bf32c7dda"},"/Users/khalidsadat/Documents/Data/Khalid/Concordia/Semesters/5th Semester - Winter 2023/SOEN 390/untitled folder/Linkify/Linkify-src/server/test/group.js":{"path":"/Users/khalidsadat/Documents/Data/Khalid/Concordia/Semesters/5th Semester - Winter 2023/SOEN 390/untitled folder/Linkify/Linkify-src/server/test/group.js","statementMap":{},"fnMap":{},"branchMap":{},"s":{},"f":{},"b":{},"_coverageSchema":"1a1c01bbd47fc00a2c39e90264f33305004495a9","hash":"b0cb29e27a377ff37d25916e0a279a77b037a7b7","contentHash":"22e3e34f24932bbcd1c9c7c06dd03d567e0de84ea203b50ebed235070633ae99"},"/Users/khalidsadat/Documents/Data/Khalid/Concordia/Semesters/5th Semester - Winter 2023/SOEN 390/untitled folder/Linkify/Linkify-src/server/test/groups/groupsCreate.js":{"path":"/Users/khalidsadat/Documents/Data/Khalid/Concordia/Semesters/5th Semester - Winter 2023/SOEN 390/untitled folder/Linkify/Linkify-src/server/test/groups/groupsCreate.js","statementMap":{"0":{"start":{"line":1,"column":0},"end":{"line":1,"column":30}},"1":{"start":{"line":3,"column":17},"end":{"line":3,"column":36}},"2":{"start":{"line":4,"column":30},"end":{"line":4,"column":62}},"3":{"start":{"line":5,"column":14},"end":{"line":5,"column":44}},"4":{"start":{"line":7,"column":13},"end":{"line":7,"column":28}},"5":{"start":{"line":8,"column":17},"end":{"line":8,"column":37}},"6":{"start":{"line":9,"column":0},"end":{"line":9,"column":19}},"7":{"start":{"line":11,"column":15},"end":{"line":11,"column":26}},"8":{"start":{"line":13,"column":12},"end":{"line":13,"column":38}},"9":{"start":{"line":14,"column":29},"end":{"line":14,"column":66}},"10":{"start":{"line":18,"column":0},"end":{"line":22,"column":3}},"11":{"start":{"line":19,"column":2},"end":{"line":19,"column":49}},"12":{"start":{"line":20,"column":19},"end":{"line":20,"column":39}},"13":{"start":{"line":21,"column":2},"end":{"line":21,"column":28}},"14":{"start":{"line":24,"column":0},"end":{"line":27,"column":3}},"15":{"start":{"line":25,"column":2},"end":{"line":25,"column":16}},"16":{"start":{"line":26,"column":2},"end":{"line":26,"column":27}},"17":{"start":{"line":29,"column":0},"end":{"line":45,"column":3}},"18":{"start":{"line":30,"column":2},"end":{"line":44,"column":5}},"19":{"start":{"line":31,"column":21},"end":{"line":36,"column":6}},"20":{"start":{"line":38,"column":16},"end":{"line":40,"column":21}},"21":{"start":{"line":42,"column":4},"end":{"line":42,"column":37}},"22":{"start":{"line":43,"column":4},"end":{"line":43,"column":50}}},"fnMap":{"0":{"name":"(anonymous_0)","decl":{"start":{"line":18,"column":7},"end":{"line":18,"column":8}},"loc":{"start":{"line":18,"column":19},"end":{"line":22,"column":1}},"line":18},"1":{"name":"(anonymous_1)","decl":{"start":{"line":24,"column":6},"end":{"line":24,"column":7}},"loc":{"start":{"line":24,"column":18},"end":{"line":27,"column":1}},"line":24},"2":{"name":"(anonymous_2)","decl":{"start":{"line":29,"column":37},"end":{"line":29,"column":38}},"loc":{"start":{"line":29,"column":43},"end":{"line":45,"column":1}},"line":29},"3":{"name":"(anonymous_3)","decl":{"start":{"line":30,"column":34},"end":{"line":30,"column":35}},"loc":{"start":{"line":30,"column":46},"end":{"line":44,"column":3}},"line":30}},"branchMap":{},"s":{"0":1,"1":1,"2":1,"3":1,"4":1,"5":1,"6":1,"7":1,"8":1,"9":1,"10":1,"11":1,"12":1,"13":1,"14":1,"15":1,"16":1,"17":1,"18":1,"19":1,"20":1,"21":1,"22":1},"f":{"0":1,"1":1,"2":1,"3":1},"b":{},"_coverageSchema":"1a1c01bbd47fc00a2c39e90264f33305004495a9","hash":"d8a0594128a0a87b3bdc41ab447d0959fa4f44e7","contentHash":"08027799041570aa6c0e1ce54b51994f12602fd131af5fe31a8b45793591f645"},"/Users/khalidsadat/Documents/Data/Khalid/Concordia/Semesters/5th Semester - Winter 2023/SOEN 390/untitled folder/Linkify/Linkify-src/server/test/groups/groupsGetAll.js":{"path":"/Users/khalidsadat/Documents/Data/Khalid/Concordia/Semesters/5th Semester - Winter 2023/SOEN 390/untitled folder/Linkify/Linkify-src/server/test/groups/groupsGetAll.js","statementMap":{"0":{"start":{"line":1,"column":13},"end":{"line":1,"column":28}},"1":{"start":{"line":2,"column":17},"end":{"line":2,"column":37}},"2":{"start":{"line":3,"column":0},"end":{"line":3,"column":19}},"3":{"start":{"line":5,"column":15},"end":{"line":5,"column":26}},"4":{"start":{"line":6,"column":16},"end":{"line":6,"column":36}},"5":{"start":{"line":8,"column":12},"end":{"line":8,"column":38}},"6":{"start":{"line":9,"column":13},"end":{"line":9,"column":53}},"7":{"start":{"line":11,"column":0},"end":{"line":15,"column":2}},"8":{"start":{"line":12,"column":4},"end":{"line":14,"column":31}},"9":{"start":{"line":13,"column":16},"end":{"line":13,"column":22}},"10":{"start":{"line":14,"column":20},"end":{"line":14,"column":29}},"11":{"start":{"line":17,"column":0},"end":{"line":23,"column":3}},"12":{"start":{"line":18,"column":4},"end":{"line":22,"column":35}},"13":{"start":{"line":20,"column":8},"end":{"line":20,"column":15}},"14":{"start":{"line":22,"column":24},"end":{"line":22,"column":33}},"15":{"start":{"line":25,"column":0},"end":{"line":31,"column":3}},"16":{"start":{"line":26,"column":4},"end":{"line":30,"column":7}},"17":{"start":{"line":27,"column":20},"end":{"line":27,"column":70}},"18":{"start":{"line":28,"column":8},"end":{"line":28,"column":40}},"19":{"start":{"line":29,"column":21},"end":{"line":29,"column":29}}},"fnMap":{"0":{"name":"(anonymous_0)","decl":{"start":{"line":11,"column":7},"end":{"line":11,"column":8}},"loc":{"start":{"line":11,"column":17},"end":{"line":15,"column":1}},"line":11},"1":{"name":"(anonymous_1)","decl":{"start":{"line":13,"column":10},"end":{"line":13,"column":11}},"loc":{"start":{"line":13,"column":16},"end":{"line":13,"column":22}},"line":13},"2":{"name":"(anonymous_2)","decl":{"start":{"line":14,"column":11},"end":{"line":14,"column":12}},"loc":{"start":{"line":14,"column":20},"end":{"line":14,"column":29}},"line":14},"3":{"name":"(anonymous_3)","decl":{"start":{"line":17,"column":6},"end":{"line":17,"column":7}},"loc":{"start":{"line":17,"column":16},"end":{"line":23,"column":1}},"line":17},"4":{"name":"(anonymous_4)","decl":{"start":{"line":19,"column":14},"end":{"line":19,"column":15}},"loc":{"start":{"line":19,"column":20},"end":{"line":21,"column":9}},"line":19},"5":{"name":"(anonymous_5)","decl":{"start":{"line":22,"column":15},"end":{"line":22,"column":16}},"loc":{"start":{"line":22,"column":24},"end":{"line":22,"column":33}},"line":22},"6":{"name":"(anonymous_6)","decl":{"start":{"line":25,"column":37},"end":{"line":25,"column":38}},"loc":{"start":{"line":25,"column":43},"end":{"line":31,"column":1}},"line":25},"7":{"name":"(anonymous_7)","decl":{"start":{"line":26,"column":29},"end":{"line":26,"column":30}},"loc":{"start":{"line":26,"column":41},"end":{"line":30,"column":5}},"line":26}},"branchMap":{},"s":{"0":1,"1":1,"2":1,"3":1,"4":1,"5":1,"6":1,"7":1,"8":1,"9":1,"10":0,"11":1,"12":1,"13":1,"14":0,"15":1,"16":1,"17":1,"18":1,"19":1},"f":{"0":1,"1":1,"2":0,"3":1,"4":1,"5":0,"6":1,"7":1},"b":{},"_coverageSchema":"1a1c01bbd47fc00a2c39e90264f33305004495a9","hash":"3c16a07766044e0fb7726553dfa63063311546d9","contentHash":"c3379c7eb16bfc646726f8b92fdf550f4f064543bd61ebf70ba99dbb647f4a27"},"/Users/khalidsadat/Documents/Data/Khalid/Concordia/Semesters/5th Semester - Winter 2023/SOEN 390/untitled folder/Linkify/Linkify-src/server/test/message.js":{"path":"/Users/khalidsadat/Documents/Data/Khalid/Concordia/Semesters/5th Semester - Winter 2023/SOEN 390/untitled folder/Linkify/Linkify-src/server/test/message.js","statementMap":{},"fnMap":{},"branchMap":{},"s":{},"f":{},"b":{},"_coverageSchema":"1a1c01bbd47fc00a2c39e90264f33305004495a9","hash":"d04f7947fa94506c653803294bba36d63ca24adb","contentHash":"c432839fd1e4b8673da315b6d81e1515e7b59746c0b6c97cc9989cd1bf43e50b"},"/Users/khalidsadat/Documents/Data/Khalid/Concordia/Semesters/5th Semester - Winter 2023/SOEN 390/untitled folder/Linkify/Linkify-src/server/test/message/sendMessage.js":{"path":"/Users/khalidsadat/Documents/Data/Khalid/Concordia/Semesters/5th Semester - Winter 2023/SOEN 390/untitled folder/Linkify/Linkify-src/server/test/message/sendMessage.js","statementMap":{"0":{"start":{"line":1,"column":0},"end":{"line":1,"column":30}},"1":{"start":{"line":3,"column":17},"end":{"line":3,"column":36}},"2":{"start":{"line":4,"column":30},"end":{"line":4,"column":62}},"3":{"start":{"line":5,"column":16},"end":{"line":5,"column":49}},"4":{"start":{"line":7,"column":13},"end":{"line":7,"column":28}},"5":{"start":{"line":8,"column":17},"end":{"line":8,"column":37}},"6":{"start":{"line":9,"column":0},"end":{"line":9,"column":19}},"7":{"start":{"line":11,"column":15},"end":{"line":11,"column":26}},"8":{"start":{"line":13,"column":12},"end":{"line":13,"column":38}},"9":{"start":{"line":14,"column":29},"end":{"line":14,"column":66}},"10":{"start":{"line":18,"column":0},"end":{"line":22,"column":3}},"11":{"start":{"line":19,"column":2},"end":{"line":19,"column":49}},"12":{"start":{"line":20,"column":19},"end":{"line":20,"column":39}},"13":{"start":{"line":21,"column":2},"end":{"line":21,"column":28}},"14":{"start":{"line":24,"column":0},"end":{"line":27,"column":3}},"15":{"start":{"line":25,"column":2},"end":{"line":25,"column":16}},"16":{"start":{"line":26,"column":2},"end":{"line":26,"column":27}},"17":{"start":{"line":29,"column":0},"end":{"line":55,"column":3}},"18":{"start":{"line":30,"column":2},"end":{"line":54,"column":5}},"19":{"start":{"line":31,"column":19},"end":{"line":31,"column":45}},"20":{"start":{"line":32,"column":21},"end":{"line":32,"column":47}},"21":{"start":{"line":34,"column":23},"end":{"line":36,"column":5}},"22":{"start":{"line":38,"column":25},"end":{"line":40,"column":5}},"23":{"start":{"line":42,"column":21},"end":{"line":42,"column":35}},"24":{"start":{"line":43,"column":23},"end":{"line":43,"column":39}},"25":{"start":{"line":44,"column":20},"end":{"line":44,"column":38}},"26":{"start":{"line":45,"column":17},"end":{"line":45,"column":29}},"27":{"start":{"line":47,"column":23},"end":{"line":47,"column":76}},"28":{"start":{"line":49,"column":16},"end":{"line":51,"column":51}},"29":{"start":{"line":53,"column":4},"end":{"line":53,"column":37}}},"fnMap":{"0":{"name":"(anonymous_0)","decl":{"start":{"line":18,"column":7},"end":{"line":18,"column":8}},"loc":{"start":{"line":18,"column":19},"end":{"line":22,"column":1}},"line":18},"1":{"name":"(anonymous_1)","decl":{"start":{"line":24,"column":6},"end":{"line":24,"column":7}},"loc":{"start":{"line":24,"column":18},"end":{"line":27,"column":1}},"line":24},"2":{"name":"(anonymous_2)","decl":{"start":{"line":29,"column":39},"end":{"line":29,"column":40}},"loc":{"start":{"line":29,"column":45},"end":{"line":55,"column":1}},"line":29},"3":{"name":"(anonymous_3)","decl":{"start":{"line":30,"column":43},"end":{"line":30,"column":44}},"loc":{"start":{"line":30,"column":55},"end":{"line":54,"column":3}},"line":30}},"branchMap":{},"s":{"0":1,"1":1,"2":1,"3":1,"4":1,"5":1,"6":1,"7":1,"8":1,"9":1,"10":1,"11":1,"12":1,"13":1,"14":1,"15":1,"16":1,"17":1,"18":1,"19":1,"20":1,"21":1,"22":1,"23":1,"24":1,"25":1,"26":1,"27":1,"28":1,"29":1},"f":{"0":1,"1":1,"2":1,"3":1},"b":{},"_coverageSchema":"1a1c01bbd47fc00a2c39e90264f33305004495a9","hash":"d75a440c58a702b2c0564c780fa0d50eb5dfb72b","contentHash":"e1d87a3170d05d7991e95e3efee028aa471e7bf0211b7fa3d48fdbd9f738aac4"}}