{"/Users/khalidsadat/Documents/Data/Khalid/Concordia/Semesters/5th Semester - Winter 2023/SOEN 390/Linkify/Linkify-src/server/test/account.js":{"path":"/Users/khalidsadat/Documents/Data/Khalid/Concordia/Semesters/5th Semester - Winter 2023/SOEN 390/Linkify/Linkify-src/server/test/account.js","statementMap":{},"fnMap":{},"branchMap":{},"s":{},"f":{},"b":{},"_coverageSchema":"1a1c01bbd47fc00a2c39e90264f33305004495a9","hash":"0e3147044d88ab06912d8a67248c84964ec58fb8","contentHash":"e24bb8854b1987636ea741d82a559c045797a16757a9966cf33f52db42070a6e"},"/Users/khalidsadat/Documents/Data/Khalid/Concordia/Semesters/5th Semester - Winter 2023/SOEN 390/Linkify/Linkify-src/server/test/account/getUserById.js":{"path":"/Users/khalidsadat/Documents/Data/Khalid/Concordia/Semesters/5th Semester - Winter 2023/SOEN 390/Linkify/Linkify-src/server/test/account/getUserById.js","statementMap":{"0":{"start":{"line":1,"column":13},"end":{"line":1,"column":28}},"1":{"start":{"line":2,"column":17},"end":{"line":2,"column":37}},"2":{"start":{"line":3,"column":0},"end":{"line":3,"column":19}},"3":{"start":{"line":5,"column":15},"end":{"line":5,"column":26}},"4":{"start":{"line":6,"column":16},"end":{"line":6,"column":36}},"5":{"start":{"line":8,"column":12},"end":{"line":8,"column":38}},"6":{"start":{"line":9,"column":13},"end":{"line":9,"column":49}},"7":{"start":{"line":11,"column":16},"end":{"line":11,"column":52}},"8":{"start":{"line":14,"column":0},"end":{"line":18,"column":2}},"9":{"start":{"line":15,"column":4},"end":{"line":17,"column":31}},"10":{"start":{"line":16,"column":16},"end":{"line":16,"column":22}},"11":{"start":{"line":17,"column":20},"end":{"line":17,"column":29}},"12":{"start":{"line":20,"column":0},"end":{"line":26,"column":3}},"13":{"start":{"line":21,"column":4},"end":{"line":25,"column":35}},"14":{"start":{"line":23,"column":8},"end":{"line":23,"column":15}},"15":{"start":{"line":25,"column":24},"end":{"line":25,"column":33}},"16":{"start":{"line":28,"column":0},"end":{"line":40,"column":3}},"17":{"start":{"line":29,"column":4},"end":{"line":39,"column":7}},"18":{"start":{"line":30,"column":23},"end":{"line":30,"column":49}},"19":{"start":{"line":31,"column":24},"end":{"line":33,"column":10}},"20":{"start":{"line":34,"column":20},"end":{"line":36,"column":38}},"21":{"start":{"line":38,"column":8},"end":{"line":38,"column":40}}},"fnMap":{"0":{"name":"(anonymous_0)","decl":{"start":{"line":14,"column":7},"end":{"line":14,"column":8}},"loc":{"start":{"line":14,"column":17},"end":{"line":18,"column":1}},"line":14},"1":{"name":"(anonymous_1)","decl":{"start":{"line":16,"column":10},"end":{"line":16,"column":11}},"loc":{"start":{"line":16,"column":16},"end":{"line":16,"column":22}},"line":16},"2":{"name":"(anonymous_2)","decl":{"start":{"line":17,"column":11},"end":{"line":17,"column":12}},"loc":{"start":{"line":17,"column":20},"end":{"line":17,"column":29}},"line":17},"3":{"name":"(anonymous_3)","decl":{"start":{"line":20,"column":6},"end":{"line":20,"column":7}},"loc":{"start":{"line":20,"column":16},"end":{"line":26,"column":1}},"line":20},"4":{"name":"(anonymous_4)","decl":{"start":{"line":22,"column":14},"end":{"line":22,"column":15}},"loc":{"start":{"line":22,"column":20},"end":{"line":24,"column":9}},"line":22},"5":{"name":"(anonymous_5)","decl":{"start":{"line":25,"column":15},"end":{"line":25,"column":16}},"loc":{"start":{"line":25,"column":24},"end":{"line":25,"column":33}},"line":25},"6":{"name":"(anonymous_6)","decl":{"start":{"line":28,"column":37},"end":{"line":28,"column":38}},"loc":{"start":{"line":28,"column":43},"end":{"line":40,"column":1}},"line":28},"7":{"name":"(anonymous_7)","decl":{"start":{"line":29,"column":33},"end":{"line":29,"column":34}},"loc":{"start":{"line":29,"column":45},"end":{"line":39,"column":5}},"line":29}},"branchMap":{},"s":{"0":1,"1":1,"2":1,"3":1,"4":1,"5":1,"6":1,"7":1,"8":1,"9":0,"10":0,"11":0,"12":1,"13":0,"14":0,"15":0,"16":1,"17":1,"18":0,"19":0,"20":0,"21":0},"f":{"0":0,"1":0,"2":0,"3":0,"4":0,"5":0,"6":1,"7":0},"b":{},"_coverageSchema":"1a1c01bbd47fc00a2c39e90264f33305004495a9","hash":"c48d79585c35fccce31d1bd77a6dde05c8972ee0","contentHash":"53c5c8a286cc1ef07f5a3494c25515f00d74f7ac2cae1f629e19d843feae24ed"},"/Users/khalidsadat/Documents/Data/Khalid/Concordia/Semesters/5th Semester - Winter 2023/SOEN 390/Linkify/Linkify-src/server/server.js":{"path":"/Users/khalidsadat/Documents/Data/Khalid/Concordia/Semesters/5th Semester - Winter 2023/SOEN 390/Linkify/Linkify-src/server/server.js","statementMap":{"0":{"start":{"line":3,"column":16},"end":{"line":3,"column":34}},"1":{"start":{"line":4,"column":22},"end":{"line":4,"column":54}},"2":{"start":{"line":5,"column":19},"end":{"line":5,"column":51}},"3":{"start":{"line":6,"column":17},"end":{"line":6,"column":44}},"4":{"start":{"line":7,"column":27},"end":{"line":7,"column":64}},"5":{"start":{"line":8,"column":25},"end":{"line":8,"column":60}},"6":{"start":{"line":9,"column":19},"end":{"line":9,"column":49}},"7":{"start":{"line":10,"column":23},"end":{"line":10,"column":56}},"8":{"start":{"line":11,"column":23},"end":{"line":11,"column":56}},"9":{"start":{"line":12,"column":20},"end":{"line":12,"column":50}},"10":{"start":{"line":13,"column":20},"end":{"line":13,"column":50}},"11":{"start":{"line":14,"column":24},"end":{"line":14,"column":59}},"12":{"start":{"line":15,"column":27},"end":{"line":15,"column":67}},"13":{"start":{"line":16,"column":17},"end":{"line":16,"column":36}},"14":{"start":{"line":17,"column":16},"end":{"line":17,"column":42}},"15":{"start":{"line":18,"column":23},"end":{"line":18,"column":58}},"16":{"start":{"line":19,"column":15},"end":{"line":19,"column":32}},"17":{"start":{"line":20,"column":12},"end":{"line":20,"column":21}},"18":{"start":{"line":22,"column":19},"end":{"line":22,"column":41}},"19":{"start":{"line":24,"column":0},"end":{"line":24,"column":44}},"20":{"start":{"line":25,"column":0},"end":{"line":25,"column":66}},"21":{"start":{"line":27,"column":0},"end":{"line":27,"column":16}},"22":{"start":{"line":28,"column":0},"end":{"line":28,"column":12}},"23":{"start":{"line":30,"column":0},"end":{"line":34,"column":3}},"24":{"start":{"line":31,"column":2},"end":{"line":31,"column":49}},"25":{"start":{"line":32,"column":2},"end":{"line":32,"column":65}},"26":{"start":{"line":33,"column":2},"end":{"line":33,"column":9}},"27":{"start":{"line":37,"column":0},"end":{"line":37,"column":25}},"28":{"start":{"line":38,"column":0},"end":{"line":45,"column":2}},"29":{"start":{"line":46,"column":0},"end":{"line":46,"column":31}},"30":{"start":{"line":47,"column":0},"end":{"line":47,"column":28}},"31":{"start":{"line":49,"column":0},"end":{"line":52,"column":3}},"32":{"start":{"line":50,"column":2},"end":{"line":50,"column":37}},"33":{"start":{"line":51,"column":2},"end":{"line":51,"column":9}},"34":{"start":{"line":54,"column":0},"end":{"line":54,"column":24}},"35":{"start":{"line":56,"column":0},"end":{"line":56,"column":36}},"36":{"start":{"line":57,"column":0},"end":{"line":57,"column":34}},"37":{"start":{"line":58,"column":0},"end":{"line":58,"column":50}},"38":{"start":{"line":59,"column":0},"end":{"line":59,"column":50}},"39":{"start":{"line":60,"column":0},"end":{"line":60,"column":38}},"40":{"start":{"line":61,"column":0},"end":{"line":61,"column":46}},"41":{"start":{"line":62,"column":0},"end":{"line":62,"column":41}},"42":{"start":{"line":63,"column":0},"end":{"line":63,"column":36}},"43":{"start":{"line":64,"column":0},"end":{"line":64,"column":36}},"44":{"start":{"line":65,"column":0},"end":{"line":65,"column":43}},"45":{"start":{"line":66,"column":0},"end":{"line":66,"column":50}},"46":{"start":{"line":68,"column":0},"end":{"line":68,"column":87}},"47":{"start":{"line":69,"column":0},"end":{"line":69,"column":81}},"48":{"start":{"line":70,"column":0},"end":{"line":70,"column":84}},"49":{"start":{"line":76,"column":0},"end":{"line":78,"column":2}},"50":{"start":{"line":77,"column":2},"end":{"line":77,"column":59}}},"fnMap":{"0":{"name":"(anonymous_0)","decl":{"start":{"line":30,"column":8},"end":{"line":30,"column":9}},"loc":{"start":{"line":30,"column":34},"end":{"line":34,"column":1}},"line":30},"1":{"name":"(anonymous_1)","decl":{"start":{"line":49,"column":8},"end":{"line":49,"column":9}},"loc":{"start":{"line":49,"column":28},"end":{"line":52,"column":1}},"line":49},"2":{"name":"(anonymous_2)","decl":{"start":{"line":76,"column":37},"end":{"line":76,"column":38}},"loc":{"start":{"line":77,"column":2},"end":{"line":77,"column":59}},"line":77}},"branchMap":{"0":{"loc":{"start":{"line":50,"column":20},"end":{"line":50,"column":36}},"type":"binary-expr","locations":[{"start":{"line":50,"column":20},"end":{"line":50,"column":28}},{"start":{"line":50,"column":32},"end":{"line":50,"column":36}}],"line":50},"1":{"loc":{"start":{"line":76,"column":11},"end":{"line":76,"column":35}},"type":"binary-expr","locations":[{"start":{"line":76,"column":11},"end":{"line":76,"column":27}},{"start":{"line":76,"column":31},"end":{"line":76,"column":35}}],"line":76}},"s":{"0":1,"1":1,"2":1,"3":1,"4":1,"5":1,"6":1,"7":1,"8":1,"9":1,"10":1,"11":1,"12":1,"13":1,"14":1,"15":1,"16":1,"17":1,"18":1,"19":1,"20":1,"21":1,"22":1,"23":1,"24":0,"25":0,"26":0,"27":1,"28":1,"29":1,"30":1,"31":1,"32":0,"33":0,"34":1,"35":1,"36":1,"37":1,"38":1,"39":1,"40":1,"41":1,"42":1,"43":1,"44":1,"45":1,"46":1,"47":1,"48":1,"49":1,"50":0},"f":{"0":0,"1":0,"2":0},"b":{"0":[0,0],"1":[1,0]},"_coverageSchema":"1a1c01bbd47fc00a2c39e90264f33305004495a9","hash":"25cb48688e3ad23e915752fea06bf932577f5192","contentHash":"82e924c076685095a1d140a571dce2b7504ee0c8930306cddc4450c4a9dcbad9"},"/Users/khalidsadat/Documents/Data/Khalid/Concordia/Semesters/5th Semester - Winter 2023/SOEN 390/Linkify/Linkify-src/server/config/connectDB.js":{"path":"/Users/khalidsadat/Documents/Data/Khalid/Concordia/Semesters/5th Semester - Winter 2023/SOEN 390/Linkify/Linkify-src/server/config/connectDB.js","statementMap":{"0":{"start":{"line":1,"column":17},"end":{"line":1,"column":36}},"1":{"start":{"line":3,"column":0},"end":{"line":3,"column":34}},"2":{"start":{"line":6,"column":18},"end":{"line":16,"column":1}},"3":{"start":{"line":7,"column":2},"end":{"line":15,"column":3}},"4":{"start":{"line":8,"column":17},"end":{"line":11,"column":6}},"5":{"start":{"line":12,"column":4},"end":{"line":12,"column":65}},"6":{"start":{"line":14,"column":4},"end":{"line":14,"column":48}},"7":{"start":{"line":19,"column":2},"end":{"line":19,"column":31}},"8":{"start":{"line":22,"column":0},"end":{"line":22,"column":36}}},"fnMap":{"0":{"name":"(anonymous_0)","decl":{"start":{"line":6,"column":18},"end":{"line":6,"column":19}},"loc":{"start":{"line":6,"column":30},"end":{"line":16,"column":1}},"line":6},"1":{"name":"close","decl":{"start":{"line":18,"column":9},"end":{"line":18,"column":14}},"loc":{"start":{"line":18,"column":17},"end":{"line":20,"column":1}},"line":18}},"branchMap":{},"s":{"0":1,"1":1,"2":1,"3":1,"4":1,"5":0,"6":0,"7":0,"8":1},"f":{"0":1,"1":0},"b":{},"_coverageSchema":"1a1c01bbd47fc00a2c39e90264f33305004495a9","hash":"0c344a7e636df9b31a10990539bcd968292aa7d0","contentHash":"325f00a364bb2b20407c9875b78b0e3f0ff839c204ccf9bfc9a6dfa9059a912c"},"/Users/khalidsadat/Documents/Data/Khalid/Concordia/Semesters/5th Semester - Winter 2023/SOEN 390/Linkify/Linkify-src/server/routes/accountRoute.js":{"path":"/Users/khalidsadat/Documents/Data/Khalid/Concordia/Semesters/5th Semester - Winter 2023/SOEN 390/Linkify/Linkify-src/server/routes/accountRoute.js","statementMap":{"0":{"start":{"line":1,"column":16},"end":{"line":1,"column":34}},"1":{"start":{"line":2,"column":26},"end":{"line":2,"column":72}},"2":{"start":{"line":3,"column":15},"end":{"line":3,"column":31}},"3":{"start":{"line":10,"column":0},"end":{"line":10,"column":57}},"4":{"start":{"line":17,"column":0},"end":{"line":17,"column":47}},"5":{"start":{"line":24,"column":0},"end":{"line":24,"column":52}},"6":{"start":{"line":31,"column":0},"end":{"line":31,"column":61}},"7":{"start":{"line":38,"column":0},"end":{"line":38,"column":59}},"8":{"start":{"line":45,"column":0},"end":{"line":45,"column":56}},"9":{"start":{"line":52,"column":0},"end":{"line":52,"column":67}},"10":{"start":{"line":59,"column":0},"end":{"line":59,"column":59}},"11":{"start":{"line":66,"column":0},"end":{"line":66,"column":62}},"12":{"start":{"line":73,"column":0},"end":{"line":73,"column":70}},"13":{"start":{"line":80,"column":0},"end":{"line":80,"column":53}},"14":{"start":{"line":87,"column":0},"end":{"line":87,"column":64}},"15":{"start":{"line":94,"column":0},"end":{"line":94,"column":65}},"16":{"start":{"line":101,"column":0},"end":{"line":101,"column":63}},"17":{"start":{"line":108,"column":0},"end":{"line":108,"column":59}},"18":{"start":{"line":115,"column":0},"end":{"line":115,"column":71}},"19":{"start":{"line":118,"column":0},"end":{"line":118,"column":24}}},"fnMap":{},"branchMap":{},"s":{"0":1,"1":1,"2":1,"3":1,"4":1,"5":1,"6":1,"7":1,"8":1,"9":1,"10":1,"11":1,"12":1,"13":1,"14":1,"15":1,"16":1,"17":1,"18":1,"19":1},"f":{},"b":{},"_coverageSchema":"1a1c01bbd47fc00a2c39e90264f33305004495a9","hash":"dae39f8574bd219e97bf293f0e8bbad7bdb9b008","contentHash":"0b0e4b8523c25cef635d50516fe90fa65376d695d462bd1125326d8ee6a0c19e"},"/Users/khalidsadat/Documents/Data/Khalid/Concordia/Semesters/5th Semester - Winter 2023/SOEN 390/Linkify/Linkify-src/server/controllers/accountController.js":{"path":"/Users/khalidsadat/Documents/Data/Khalid/Concordia/Semesters/5th Semester - Winter 2023/SOEN 390/Linkify/Linkify-src/server/controllers/accountController.js","statementMap":{"0":{"start":{"line":9,"column":17},"end":{"line":9,"column":53}},"1":{"start":{"line":10,"column":21},"end":{"line":10,"column":53}},"2":{"start":{"line":11,"column":19},"end":{"line":11,"column":40}},"3":{"start":{"line":12,"column":15},"end":{"line":12,"column":32}},"4":{"start":{"line":13,"column":17},"end":{"line":13,"column":36}},"5":{"start":{"line":15,"column":14},"end":{"line":29,"column":2}},"6":{"start":{"line":16,"column":30},"end":{"line":16,"column":38}},"7":{"start":{"line":17,"column":15},"end":{"line":17,"column":48}},"8":{"start":{"line":18,"column":2},"end":{"line":28,"column":3}},"9":{"start":{"line":19,"column":4},"end":{"line":24,"column":7}},"10":{"start":{"line":26,"column":4},"end":{"line":26,"column":20}},"11":{"start":{"line":27,"column":4},"end":{"line":27,"column":49}},"12":{"start":{"line":31,"column":21},"end":{"line":69,"column":2}},"13":{"start":{"line":32,"column":48},"end":{"line":32,"column":56}},"14":{"start":{"line":35,"column":23},"end":{"line":35,"column":77}},"15":{"start":{"line":37,"column":2},"end":{"line":68,"column":3}},"16":{"start":{"line":38,"column":4},"end":{"line":38,"column":20}},"17":{"start":{"line":39,"column":4},"end":{"line":39,"column":43}},"18":{"start":{"line":42,"column":31},"end":{"line":42,"column":101}},"19":{"start":{"line":43,"column":4},"end":{"line":46,"column":5}},"20":{"start":{"line":44,"column":6},"end":{"line":44,"column":22}},"21":{"start":{"line":45,"column":6},"end":{"line":45,"column":159}},"22":{"start":{"line":49,"column":20},"end":{"line":54,"column":6}},"23":{"start":{"line":56,"column":4},"end":{"line":67,"column":5}},"24":{"start":{"line":57,"column":6},"end":{"line":63,"column":9}},"25":{"start":{"line":65,"column":6},"end":{"line":65,"column":22}},"26":{"start":{"line":66,"column":6},"end":{"line":66,"column":43}},"27":{"start":{"line":73,"column":20},"end":{"line":81,"column":2}},"28":{"start":{"line":74,"column":16},"end":{"line":74,"column":39}},"29":{"start":{"line":75,"column":2},"end":{"line":80,"column":3}},"30":{"start":{"line":76,"column":4},"end":{"line":76,"column":20}},"31":{"start":{"line":78,"column":4},"end":{"line":78,"column":20}},"32":{"start":{"line":79,"column":4},"end":{"line":79,"column":39}},"33":{"start":{"line":85,"column":27},"end":{"line":94,"column":2}},"34":{"start":{"line":86,"column":17},"end":{"line":86,"column":26}},"35":{"start":{"line":87,"column":15},"end":{"line":87,"column":42}},"36":{"start":{"line":88,"column":2},"end":{"line":93,"column":3}},"37":{"start":{"line":89,"column":4},"end":{"line":89,"column":19}},"38":{"start":{"line":91,"column":4},"end":{"line":91,"column":20}},"39":{"start":{"line":92,"column":4},"end":{"line":92,"column":38}},"40":{"start":{"line":98,"column":22},"end":{"line":107,"column":2}},"41":{"start":{"line":99,"column":20},"end":{"line":99,"column":29}},"42":{"start":{"line":100,"column":15},"end":{"line":100,"column":48}},"43":{"start":{"line":101,"column":2},"end":{"line":106,"column":3}},"44":{"start":{"line":102,"column":4},"end":{"line":102,"column":19}},"45":{"start":{"line":104,"column":4},"end":{"line":104,"column":20}},"46":{"start":{"line":105,"column":4},"end":{"line":105,"column":38}},"47":{"start":{"line":111,"column":19},"end":{"line":125,"column":2}},"48":{"start":{"line":112,"column":49},"end":{"line":112,"column":58}},"49":{"start":{"line":113,"column":15},"end":{"line":113,"column":42}},"50":{"start":{"line":114,"column":2},"end":{"line":124,"column":3}},"51":{"start":{"line":115,"column":4},"end":{"line":115,"column":21}},"52":{"start":{"line":116,"column":4},"end":{"line":116,"column":23}},"53":{"start":{"line":117,"column":4},"end":{"line":117,"column":29}},"54":{"start":{"line":118,"column":4},"end":{"line":118,"column":27}},"55":{"start":{"line":119,"column":24},"end":{"line":119,"column":41}},"56":{"start":{"line":120,"column":4},"end":{"line":120,"column":26}},"57":{"start":{"line":122,"column":4},"end":{"line":122,"column":20}},"58":{"start":{"line":123,"column":4},"end":{"line":123,"column":38}},"59":{"start":{"line":129,"column":23},"end":{"line":148,"column":2}},"60":{"start":{"line":130,"column":43},"end":{"line":130,"column":51}},"61":{"start":{"line":131,"column":15},"end":{"line":131,"column":42}},"62":{"start":{"line":132,"column":2},"end":{"line":147,"column":3}},"63":{"start":{"line":133,"column":4},"end":{"line":143,"column":5}},"64":{"start":{"line":134,"column":6},"end":{"line":134,"column":34}},"65":{"start":{"line":135,"column":26},"end":{"line":135,"column":43}},"66":{"start":{"line":136,"column":6},"end":{"line":139,"column":9}},"67":{"start":{"line":141,"column":6},"end":{"line":141,"column":22}},"68":{"start":{"line":142,"column":6},"end":{"line":142,"column":51}},"69":{"start":{"line":145,"column":4},"end":{"line":145,"column":20}},"70":{"start":{"line":146,"column":4},"end":{"line":146,"column":38}},"71":{"start":{"line":152,"column":24},"end":{"line":166,"column":2}},"72":{"start":{"line":153,"column":17},"end":{"line":153,"column":26}},"73":{"start":{"line":154,"column":15},"end":{"line":154,"column":42}},"74":{"start":{"line":155,"column":2},"end":{"line":165,"column":3}},"75":{"start":{"line":156,"column":4},"end":{"line":156,"column":40}},"76":{"start":{"line":157,"column":24},"end":{"line":157,"column":41}},"77":{"start":{"line":158,"column":4},"end":{"line":161,"column":7}},"78":{"start":{"line":163,"column":4},"end":{"line":163,"column":20}},"79":{"start":{"line":164,"column":4},"end":{"line":164,"column":38}},"80":{"start":{"line":170,"column":19},"end":{"line":182,"column":2}},"81":{"start":{"line":171,"column":17},"end":{"line":171,"column":26}},"82":{"start":{"line":172,"column":15},"end":{"line":172,"column":42}},"83":{"start":{"line":173,"column":2},"end":{"line":173,"column":20}},"84":{"start":{"line":174,"column":2},"end":{"line":181,"column":3}},"85":{"start":{"line":175,"column":4},"end":{"line":175,"column":21}},"86":{"start":{"line":176,"column":4},"end":{"line":176,"column":20}},"87":{"start":{"line":177,"column":4},"end":{"line":177,"column":42}},"88":{"start":{"line":179,"column":4},"end":{"line":179,"column":20}},"89":{"start":{"line":180,"column":4},"end":{"line":180,"column":38}},"90":{"start":{"line":186,"column":29},"end":{"line":198,"column":2}},"91":{"start":{"line":187,"column":30},"end":{"line":187,"column":38}},"92":{"start":{"line":188,"column":15},"end":{"line":188,"column":48}},"93":{"start":{"line":189,"column":2},"end":{"line":197,"column":3}},"94":{"start":{"line":190,"column":4},"end":{"line":192,"column":6}},"95":{"start":{"line":194,"column":4},"end":{"line":196,"column":6}},"96":{"start":{"line":202,"column":22},"end":{"line":214,"column":2}},"97":{"start":{"line":203,"column":30},"end":{"line":203,"column":38}},"98":{"start":{"line":204,"column":15},"end":{"line":204,"column":42}},"99":{"start":{"line":205,"column":2},"end":{"line":213,"column":3}},"100":{"start":{"line":206,"column":4},"end":{"line":206,"column":21}},"101":{"start":{"line":207,"column":4},"end":{"line":207,"column":23}},"102":{"start":{"line":208,"column":24},"end":{"line":208,"column":41}},"103":{"start":{"line":209,"column":4},"end":{"line":209,"column":26}},"104":{"start":{"line":211,"column":4},"end":{"line":211,"column":20}},"105":{"start":{"line":212,"column":4},"end":{"line":212,"column":38}},"106":{"start":{"line":218,"column":20},"end":{"line":232,"column":1}},"107":{"start":{"line":219,"column":2},"end":{"line":231,"column":3}},"108":{"start":{"line":220,"column":24},"end":{"line":220,"column":35}},"109":{"start":{"line":221,"column":18},"end":{"line":226,"column":6}},"110":{"start":{"line":227,"column":4},"end":{"line":227,"column":32}},"111":{"start":{"line":229,"column":4},"end":{"line":229,"column":23}},"112":{"start":{"line":230,"column":4},"end":{"line":230,"column":52}},"113":{"start":{"line":234,"column":23},"end":{"line":283,"column":2}},"114":{"start":{"line":235,"column":20},"end":{"line":235,"column":28}},"115":{"start":{"line":236,"column":15},"end":{"line":236,"column":48}},"116":{"start":{"line":238,"column":2},"end":{"line":241,"column":3}},"117":{"start":{"line":239,"column":4},"end":{"line":239,"column":20}},"118":{"start":{"line":240,"column":4},"end":{"line":240,"column":38}},"119":{"start":{"line":243,"column":21},"end":{"line":243,"column":59}},"120":{"start":{"line":245,"column":2},"end":{"line":245,"column":46}},"121":{"start":{"line":246,"column":2},"end":{"line":246,"column":36}},"122":{"start":{"line":248,"column":2},"end":{"line":248,"column":39}},"123":{"start":{"line":249,"column":2},"end":{"line":249,"column":51}},"124":{"start":{"line":250,"column":2},"end":{"line":250,"column":20}},"125":{"start":{"line":253,"column":22},"end":{"line":264,"column":4}},"126":{"start":{"line":267,"column":22},"end":{"line":272,"column":3}},"127":{"start":{"line":275,"column":2},"end":{"line":282,"column":5}},"128":{"start":{"line":276,"column":4},"end":{"line":281,"column":5}},"129":{"start":{"line":277,"column":6},"end":{"line":277,"column":51}},"130":{"start":{"line":278,"column":6},"end":{"line":278,"column":63}},"131":{"start":{"line":280,"column":6},"end":{"line":280,"column":69}},"132":{"start":{"line":285,"column":22},"end":{"line":307,"column":2}},"133":{"start":{"line":286,"column":33},"end":{"line":286,"column":41}},"134":{"start":{"line":287,"column":2},"end":{"line":287,"column":38}},"135":{"start":{"line":288,"column":15},"end":{"line":291,"column":4}},"136":{"start":{"line":292,"column":2},"end":{"line":292,"column":35}},"137":{"start":{"line":293,"column":2},"end":{"line":296,"column":3}},"138":{"start":{"line":294,"column":4},"end":{"line":294,"column":20}},"139":{"start":{"line":295,"column":4},"end":{"line":295,"column":48}},"140":{"start":{"line":299,"column":2},"end":{"line":299,"column":30}},"141":{"start":{"line":301,"column":2},"end":{"line":301,"column":38}},"142":{"start":{"line":302,"column":2},"end":{"line":302,"column":40}},"143":{"start":{"line":304,"column":2},"end":{"line":304,"column":20}},"144":{"start":{"line":306,"column":2},"end":{"line":306,"column":67}},"145":{"start":{"line":311,"column":20},"end":{"line":313,"column":2}},"146":{"start":{"line":316,"column":23},"end":{"line":330,"column":1}},"147":{"start":{"line":317,"column":2},"end":{"line":329,"column":21}},"148":{"start":{"line":318,"column":4},"end":{"line":320,"column":5}},"149":{"start":{"line":319,"column":6},"end":{"line":319,"column":25}},"150":{"start":{"line":321,"column":4},"end":{"line":328,"column":5}},"151":{"start":{"line":322,"column":6},"end":{"line":322,"column":55}},"152":{"start":{"line":323,"column":6},"end":{"line":323,"column":58}},"153":{"start":{"line":325,"column":6},"end":{"line":325,"column":51}},"154":{"start":{"line":326,"column":44},"end":{"line":326,"column":48}},"155":{"start":{"line":327,"column":6},"end":{"line":327,"column":100}},"156":{"start":{"line":332,"column":0},"end":{"line":349,"column":2}}},"fnMap":{"0":{"name":"(anonymous_0)","decl":{"start":{"line":15,"column":27},"end":{"line":15,"column":28}},"loc":{"start":{"line":15,"column":47},"end":{"line":29,"column":1}},"line":15},"1":{"name":"(anonymous_1)","decl":{"start":{"line":31,"column":34},"end":{"line":31,"column":35}},"loc":{"start":{"line":31,"column":54},"end":{"line":69,"column":1}},"line":31},"2":{"name":"(anonymous_2)","decl":{"start":{"line":73,"column":33},"end":{"line":73,"column":34}},"loc":{"start":{"line":73,"column":53},"end":{"line":81,"column":1}},"line":73},"3":{"name":"(anonymous_3)","decl":{"start":{"line":85,"column":40},"end":{"line":85,"column":41}},"loc":{"start":{"line":85,"column":60},"end":{"line":94,"column":1}},"line":85},"4":{"name":"(anonymous_4)","decl":{"start":{"line":98,"column":35},"end":{"line":98,"column":36}},"loc":{"start":{"line":98,"column":55},"end":{"line":107,"column":1}},"line":98},"5":{"name":"(anonymous_5)","decl":{"start":{"line":111,"column":32},"end":{"line":111,"column":33}},"loc":{"start":{"line":111,"column":52},"end":{"line":125,"column":1}},"line":111},"6":{"name":"(anonymous_6)","decl":{"start":{"line":129,"column":36},"end":{"line":129,"column":37}},"loc":{"start":{"line":129,"column":56},"end":{"line":148,"column":1}},"line":129},"7":{"name":"(anonymous_7)","decl":{"start":{"line":152,"column":37},"end":{"line":152,"column":38}},"loc":{"start":{"line":152,"column":57},"end":{"line":166,"column":1}},"line":152},"8":{"name":"(anonymous_8)","decl":{"start":{"line":170,"column":32},"end":{"line":170,"column":33}},"loc":{"start":{"line":170,"column":52},"end":{"line":182,"column":1}},"line":170},"9":{"name":"(anonymous_9)","decl":{"start":{"line":186,"column":42},"end":{"line":186,"column":43}},"loc":{"start":{"line":186,"column":62},"end":{"line":198,"column":1}},"line":186},"10":{"name":"(anonymous_10)","decl":{"start":{"line":202,"column":35},"end":{"line":202,"column":36}},"loc":{"start":{"line":202,"column":55},"end":{"line":214,"column":1}},"line":202},"11":{"name":"(anonymous_11)","decl":{"start":{"line":218,"column":20},"end":{"line":218,"column":21}},"loc":{"start":{"line":218,"column":40},"end":{"line":232,"column":1}},"line":218},"12":{"name":"(anonymous_12)","decl":{"start":{"line":234,"column":36},"end":{"line":234,"column":37}},"loc":{"start":{"line":234,"column":56},"end":{"line":283,"column":1}},"line":234},"13":{"name":"(anonymous_13)","decl":{"start":{"line":275,"column":36},"end":{"line":275,"column":37}},"loc":{"start":{"line":275,"column":53},"end":{"line":282,"column":3}},"line":275},"14":{"name":"(anonymous_14)","decl":{"start":{"line":285,"column":35},"end":{"line":285,"column":36}},"loc":{"start":{"line":285,"column":55},"end":{"line":307,"column":1}},"line":285},"15":{"name":"(anonymous_15)","decl":{"start":{"line":316,"column":23},"end":{"line":316,"column":24}},"loc":{"start":{"line":316,"column":43},"end":{"line":330,"column":1}},"line":316},"16":{"name":"(anonymous_16)","decl":{"start":{"line":317,"column":86},"end":{"line":317,"column":87}},"loc":{"start":{"line":317,"column":115},"end":{"line":329,"column":3}},"line":317}},"branchMap":{"0":{"loc":{"start":{"line":18,"column":2},"end":{"line":28,"column":3}},"type":"if","locations":[{"start":{"line":18,"column":2},"end":{"line":28,"column":3}},{"start":{"line":18,"column":2},"end":{"line":28,"column":3}}],"line":18},"1":{"loc":{"start":{"line":18,"column":6},"end":{"line":18,"column":50}},"type":"binary-expr","locations":[{"start":{"line":18,"column":6},"end":{"line":18,"column":10}},{"start":{"line":18,"column":15},"end":{"line":18,"column":49}}],"line":18},"2":{"loc":{"start":{"line":37,"column":2},"end":{"line":68,"column":3}},"type":"if","locations":[{"start":{"line":37,"column":2},"end":{"line":68,"column":3}},{"start":{"line":37,"column":2},"end":{"line":68,"column":3}}],"line":37},"3":{"loc":{"start":{"line":43,"column":4},"end":{"line":46,"column":5}},"type":"if","locations":[{"start":{"line":43,"column":4},"end":{"line":46,"column":5}},{"start":{"line":43,"column":4},"end":{"line":46,"column":5}}],"line":43},"4":{"loc":{"start":{"line":56,"column":4},"end":{"line":67,"column":5}},"type":"if","locations":[{"start":{"line":56,"column":4},"end":{"line":67,"column":5}},{"start":{"line":56,"column":4},"end":{"line":67,"column":5}}],"line":56},"5":{"loc":{"start":{"line":75,"column":2},"end":{"line":80,"column":3}},"type":"if","locations":[{"start":{"line":75,"column":2},"end":{"line":80,"column":3}},{"start":{"line":75,"column":2},"end":{"line":80,"column":3}}],"line":75},"6":{"loc":{"start":{"line":88,"column":2},"end":{"line":93,"column":3}},"type":"if","locations":[{"start":{"line":88,"column":2},"end":{"line":93,"column":3}},{"start":{"line":88,"column":2},"end":{"line":93,"column":3}}],"line":88},"7":{"loc":{"start":{"line":101,"column":2},"end":{"line":106,"column":3}},"type":"if","locations":[{"start":{"line":101,"column":2},"end":{"line":106,"column":3}},{"start":{"line":101,"column":2},"end":{"line":106,"column":3}}],"line":101},"8":{"loc":{"start":{"line":114,"column":2},"end":{"line":124,"column":3}},"type":"if","locations":[{"start":{"line":114,"column":2},"end":{"line":124,"column":3}},{"start":{"line":114,"column":2},"end":{"line":124,"column":3}}],"line":114},"9":{"loc":{"start":{"line":132,"column":2},"end":{"line":147,"column":3}},"type":"if","locations":[{"start":{"line":132,"column":2},"end":{"line":147,"column":3}},{"start":{"line":132,"column":2},"end":{"line":147,"column":3}}],"line":132},"10":{"loc":{"start":{"line":133,"column":4},"end":{"line":143,"column":5}},"type":"if","locations":[{"start":{"line":133,"column":4},"end":{"line":143,"column":5}},{"start":{"line":133,"column":4},"end":{"line":143,"column":5}}],"line":133},"11":{"loc":{"start":{"line":155,"column":2},"end":{"line":165,"column":3}},"type":"if","locations":[{"start":{"line":155,"column":2},"end":{"line":165,"column":3}},{"start":{"line":155,"column":2},"end":{"line":165,"column":3}}],"line":155},"12":{"loc":{"start":{"line":174,"column":2},"end":{"line":181,"column":3}},"type":"if","locations":[{"start":{"line":174,"column":2},"end":{"line":181,"column":3}},{"start":{"line":174,"column":2},"end":{"line":181,"column":3}}],"line":174},"13":{"loc":{"start":{"line":189,"column":2},"end":{"line":197,"column":3}},"type":"if","locations":[{"start":{"line":189,"column":2},"end":{"line":197,"column":3}},{"start":{"line":189,"column":2},"end":{"line":197,"column":3}}],"line":189},"14":{"loc":{"start":{"line":189,"column":6},"end":{"line":189,"column":50}},"type":"binary-expr","locations":[{"start":{"line":189,"column":6},"end":{"line":189,"column":10}},{"start":{"line":189,"column":15},"end":{"line":189,"column":49}}],"line":189},"15":{"loc":{"start":{"line":205,"column":2},"end":{"line":213,"column":3}},"type":"if","locations":[{"start":{"line":205,"column":2},"end":{"line":213,"column":3}},{"start":{"line":205,"column":2},"end":{"line":213,"column":3}}],"line":205},"16":{"loc":{"start":{"line":238,"column":2},"end":{"line":241,"column":3}},"type":"if","locations":[{"start":{"line":238,"column":2},"end":{"line":241,"column":3}},{"start":{"line":238,"column":2},"end":{"line":241,"column":3}}],"line":238},"17":{"loc":{"start":{"line":276,"column":4},"end":{"line":281,"column":5}},"type":"if","locations":[{"start":{"line":276,"column":4},"end":{"line":281,"column":5}},{"start":{"line":276,"column":4},"end":{"line":281,"column":5}}],"line":276},"18":{"loc":{"start":{"line":293,"column":2},"end":{"line":296,"column":3}},"type":"if","locations":[{"start":{"line":293,"column":2},"end":{"line":296,"column":3}},{"start":{"line":293,"column":2},"end":{"line":296,"column":3}}],"line":293},"19":{"loc":{"start":{"line":318,"column":4},"end":{"line":320,"column":5}},"type":"if","locations":[{"start":{"line":318,"column":4},"end":{"line":320,"column":5}},{"start":{"line":318,"column":4},"end":{"line":320,"column":5}}],"line":318},"20":{"loc":{"start":{"line":321,"column":4},"end":{"line":328,"column":5}},"type":"if","locations":[{"start":{"line":321,"column":4},"end":{"line":328,"column":5}},{"start":{"line":321,"column":4},"end":{"line":328,"column":5}}],"line":321}},"s":{"0":1,"1":1,"2":1,"3":1,"4":1,"5":1,"6":0,"7":0,"8":0,"9":0,"10":0,"11":0,"12":1,"13":0,"14":0,"15":0,"16":0,"17":0,"18":0,"19":0,"20":0,"21":0,"22":0,"23":0,"24":0,"25":0,"26":0,"27":1,"28":0,"29":0,"30":0,"31":0,"32":0,"33":1,"34":0,"35":0,"36":0,"37":0,"38":0,"39":0,"40":1,"41":0,"42":0,"43":0,"44":0,"45":0,"46":0,"47":1,"48":0,"49":0,"50":0,"51":0,"52":0,"53":0,"54":0,"55":0,"56":0,"57":0,"58":0,"59":1,"60":0,"61":0,"62":0,"63":0,"64":0,"65":0,"66":0,"67":0,"68":0,"69":0,"70":0,"71":1,"72":0,"73":0,"74":0,"75":0,"76":0,"77":0,"78":0,"79":0,"80":1,"81":0,"82":0,"83":0,"84":0,"85":0,"86":0,"87":0,"88":0,"89":0,"90":1,"91":0,"92":0,"93":0,"94":0,"95":0,"96":1,"97":0,"98":0,"99":0,"100":0,"101":0,"102":0,"103":0,"104":0,"105":0,"106":1,"107":0,"108":0,"109":0,"110":0,"111":0,"112":0,"113":1,"114":0,"115":0,"116":0,"117":0,"118":0,"119":0,"120":0,"121":0,"122":0,"123":0,"124":0,"125":0,"126":0,"127":0,"128":0,"129":0,"130":0,"131":0,"132":1,"133":0,"134":0,"135":0,"136":0,"137":0,"138":0,"139":0,"140":0,"141":0,"142":0,"143":0,"144":0,"145":1,"146":1,"147":0,"148":0,"149":0,"150":0,"151":0,"152":0,"153":0,"154":0,"155":0,"156":1},"f":{"0":0,"1":0,"2":0,"3":0,"4":0,"5":0,"6":0,"7":0,"8":0,"9":0,"10":0,"11":0,"12":0,"13":0,"14":0,"15":0,"16":0},"b":{"0":[0,0],"1":[0,0],"2":[0,0],"3":[0,0],"4":[0,0],"5":[0,0],"6":[0,0],"7":[0,0],"8":[0,0],"9":[0,0],"10":[0,0],"11":[0,0],"12":[0,0],"13":[0,0],"14":[0,0],"15":[0,0],"16":[0,0],"17":[0,0],"18":[0,0],"19":[0,0],"20":[0,0]},"_coverageSchema":"1a1c01bbd47fc00a2c39e90264f33305004495a9","hash":"62e0ccff9604465488836bd67c7485e2db03e35a","contentHash":"cbc3d0a8ff3acfc031f117c3d7557912b79b8d10655d21d189d7d7c0cd33a384"},"/Users/khalidsadat/Documents/Data/Khalid/Concordia/Semesters/5th Semester - Winter 2023/SOEN 390/Linkify/Linkify-src/server/models/accountModel.js":{"path":"/Users/khalidsadat/Documents/Data/Khalid/Concordia/Semesters/5th Semester - Winter 2023/SOEN 390/Linkify/Linkify-src/server/models/accountModel.js","statementMap":{"0":{"start":{"line":1,"column":17},"end":{"line":1,"column":36}},"1":{"start":{"line":2,"column":15},"end":{"line":2,"column":32}},"2":{"start":{"line":5,"column":24},"end":{"line":26,"column":2}},"3":{"start":{"line":30,"column":22},"end":{"line":157,"column":2}},"4":{"start":{"line":160,"column":0},"end":{"line":168,"column":3}},"5":{"start":{"line":161,"column":13},"end":{"line":161,"column":17}},"6":{"start":{"line":163,"column":2},"end":{"line":165,"column":3}},"7":{"start":{"line":164,"column":4},"end":{"line":164,"column":11}},"8":{"start":{"line":166,"column":15},"end":{"line":166,"column":39}},"9":{"start":{"line":167,"column":2},"end":{"line":167,"column":57}},"10":{"start":{"line":171,"column":0},"end":{"line":173,"column":2}},"11":{"start":{"line":172,"column":2},"end":{"line":172,"column":62}},"12":{"start":{"line":176,"column":17},"end":{"line":176,"column":57}},"13":{"start":{"line":178,"column":0},"end":{"line":178,"column":26}}},"fnMap":{"0":{"name":"(anonymous_0)","decl":{"start":{"line":160,"column":26},"end":{"line":160,"column":27}},"loc":{"start":{"line":160,"column":48},"end":{"line":168,"column":1}},"line":160},"1":{"name":"(anonymous_1)","decl":{"start":{"line":171,"column":38},"end":{"line":171,"column":39}},"loc":{"start":{"line":171,"column":71},"end":{"line":173,"column":1}},"line":171}},"branchMap":{"0":{"loc":{"start":{"line":163,"column":2},"end":{"line":165,"column":3}},"type":"if","locations":[{"start":{"line":163,"column":2},"end":{"line":165,"column":3}},{"start":{"line":163,"column":2},"end":{"line":165,"column":3}}],"line":163}},"s":{"0":1,"1":1,"2":1,"3":1,"4":1,"5":0,"6":0,"7":0,"8":0,"9":0,"10":1,"11":0,"12":1,"13":1},"f":{"0":0,"1":0},"b":{"0":[0,0]},"_coverageSchema":"1a1c01bbd47fc00a2c39e90264f33305004495a9","hash":"9146459c27af730d89f37947ed441a90b0416f80","contentHash":"a4dc42506bf074ff3f7e0b56682f279f65e168b875822a9c81de6ed6ce50adbd"},"/Users/khalidsadat/Documents/Data/Khalid/Concordia/Semesters/5th Semester - Winter 2023/SOEN 390/Linkify/Linkify-src/server/routes/cvRoute.js":{"path":"/Users/khalidsadat/Documents/Data/Khalid/Concordia/Semesters/5th Semester - Winter 2023/SOEN 390/Linkify/Linkify-src/server/routes/cvRoute.js","statementMap":{"0":{"start":{"line":1,"column":16},"end":{"line":1,"column":34}},"1":{"start":{"line":2,"column":21},"end":{"line":2,"column":73}},"2":{"start":{"line":4,"column":15},"end":{"line":4,"column":31}},"3":{"start":{"line":9,"column":0},"end":{"line":9,"column":60}},"4":{"start":{"line":14,"column":0},"end":{"line":14,"column":68}},"5":{"start":{"line":19,"column":0},"end":{"line":19,"column":50}},"6":{"start":{"line":24,"column":0},"end":{"line":24,"column":58}},"7":{"start":{"line":26,"column":0},"end":{"line":26,"column":24}}},"fnMap":{},"branchMap":{},"s":{"0":1,"1":1,"2":1,"3":1,"4":1,"5":1,"6":1,"7":1},"f":{},"b":{},"_coverageSchema":"1a1c01bbd47fc00a2c39e90264f33305004495a9","hash":"f061132b5c03bdea1b2d5053bdef3da445ce4a3a","contentHash":"a896cd7a108796f559b8d5edcfe1663aedf3094959c1b5b41cf90516bfe11467"},"/Users/khalidsadat/Documents/Data/Khalid/Concordia/Semesters/5th Semester - Winter 2023/SOEN 390/Linkify/Linkify-src/server/controllers/CVcoverLetterController.js":{"path":"/Users/khalidsadat/Documents/Data/Khalid/Concordia/Semesters/5th Semester - Winter 2023/SOEN 390/Linkify/Linkify-src/server/controllers/CVcoverLetterController.js","statementMap":{"0":{"start":{"line":9,"column":17},"end":{"line":9,"column":53}},"1":{"start":{"line":10,"column":21},"end":{"line":10,"column":53}},"2":{"start":{"line":13,"column":23},"end":{"line":27,"column":2}},"3":{"start":{"line":14,"column":30},"end":{"line":14,"column":38}},"4":{"start":{"line":15,"column":15},"end":{"line":15,"column":42}},"5":{"start":{"line":16,"column":2},"end":{"line":26,"column":3}},"6":{"start":{"line":17,"column":4},"end":{"line":17,"column":39}},"7":{"start":{"line":18,"column":4},"end":{"line":18,"column":22}},"8":{"start":{"line":19,"column":4},"end":{"line":22,"column":7}},"9":{"start":{"line":24,"column":4},"end":{"line":24,"column":20}},"10":{"start":{"line":25,"column":4},"end":{"line":25,"column":38}},"11":{"start":{"line":30,"column":26},"end":{"line":44,"column":2}},"12":{"start":{"line":31,"column":30},"end":{"line":31,"column":38}},"13":{"start":{"line":32,"column":15},"end":{"line":32,"column":42}},"14":{"start":{"line":33,"column":2},"end":{"line":43,"column":3}},"15":{"start":{"line":34,"column":4},"end":{"line":34,"column":79}},"16":{"start":{"line":34,"column":57},"end":{"line":34,"column":77}},"17":{"start":{"line":35,"column":4},"end":{"line":35,"column":22}},"18":{"start":{"line":36,"column":4},"end":{"line":39,"column":7}},"19":{"start":{"line":41,"column":4},"end":{"line":41,"column":20}},"20":{"start":{"line":42,"column":4},"end":{"line":42,"column":38}},"21":{"start":{"line":47,"column":18},"end":{"line":61,"column":2}},"22":{"start":{"line":48,"column":25},"end":{"line":48,"column":33}},"23":{"start":{"line":49,"column":15},"end":{"line":49,"column":42}},"24":{"start":{"line":50,"column":2},"end":{"line":60,"column":3}},"25":{"start":{"line":51,"column":4},"end":{"line":51,"column":29}},"26":{"start":{"line":52,"column":4},"end":{"line":52,"column":22}},"27":{"start":{"line":53,"column":4},"end":{"line":56,"column":7}},"28":{"start":{"line":58,"column":4},"end":{"line":58,"column":20}},"29":{"start":{"line":59,"column":4},"end":{"line":59,"column":38}},"30":{"start":{"line":64,"column":21},"end":{"line":78,"column":2}},"31":{"start":{"line":65,"column":25},"end":{"line":65,"column":33}},"32":{"start":{"line":66,"column":15},"end":{"line":66,"column":42}},"33":{"start":{"line":67,"column":2},"end":{"line":77,"column":3}},"34":{"start":{"line":68,"column":4},"end":{"line":68,"column":64}},"35":{"start":{"line":68,"column":47},"end":{"line":68,"column":62}},"36":{"start":{"line":69,"column":4},"end":{"line":69,"column":22}},"37":{"start":{"line":70,"column":4},"end":{"line":73,"column":7}},"38":{"start":{"line":75,"column":4},"end":{"line":75,"column":20}},"39":{"start":{"line":76,"column":4},"end":{"line":76,"column":38}},"40":{"start":{"line":80,"column":0},"end":{"line":85,"column":2}}},"fnMap":{"0":{"name":"(anonymous_0)","decl":{"start":{"line":13,"column":36},"end":{"line":13,"column":37}},"loc":{"start":{"line":13,"column":56},"end":{"line":27,"column":1}},"line":13},"1":{"name":"(anonymous_1)","decl":{"start":{"line":30,"column":39},"end":{"line":30,"column":40}},"loc":{"start":{"line":30,"column":59},"end":{"line":44,"column":1}},"line":30},"2":{"name":"(anonymous_2)","decl":{"start":{"line":34,"column":47},"end":{"line":34,"column":48}},"loc":{"start":{"line":34,"column":57},"end":{"line":34,"column":77}},"line":34},"3":{"name":"(anonymous_3)","decl":{"start":{"line":47,"column":31},"end":{"line":47,"column":32}},"loc":{"start":{"line":47,"column":51},"end":{"line":61,"column":1}},"line":47},"4":{"name":"(anonymous_4)","decl":{"start":{"line":64,"column":34},"end":{"line":64,"column":35}},"loc":{"start":{"line":64,"column":54},"end":{"line":78,"column":1}},"line":64},"5":{"name":"(anonymous_5)","decl":{"start":{"line":68,"column":37},"end":{"line":68,"column":38}},"loc":{"start":{"line":68,"column":47},"end":{"line":68,"column":62}},"line":68}},"branchMap":{"0":{"loc":{"start":{"line":16,"column":2},"end":{"line":26,"column":3}},"type":"if","locations":[{"start":{"line":16,"column":2},"end":{"line":26,"column":3}},{"start":{"line":16,"column":2},"end":{"line":26,"column":3}}],"line":16},"1":{"loc":{"start":{"line":33,"column":2},"end":{"line":43,"column":3}},"type":"if","locations":[{"start":{"line":33,"column":2},"end":{"line":43,"column":3}},{"start":{"line":33,"column":2},"end":{"line":43,"column":3}}],"line":33},"2":{"loc":{"start":{"line":50,"column":2},"end":{"line":60,"column":3}},"type":"if","locations":[{"start":{"line":50,"column":2},"end":{"line":60,"column":3}},{"start":{"line":50,"column":2},"end":{"line":60,"column":3}}],"line":50},"3":{"loc":{"start":{"line":67,"column":2},"end":{"line":77,"column":3}},"type":"if","locations":[{"start":{"line":67,"column":2},"end":{"line":77,"column":3}},{"start":{"line":67,"column":2},"end":{"line":77,"column":3}}],"line":67}},"s":{"0":1,"1":1,"2":1,"3":0,"4":0,"5":0,"6":0,"7":0,"8":0,"9":0,"10":0,"11":1,"12":0,"13":0,"14":0,"15":0,"16":0,"17":0,"18":0,"19":0,"20":0,"21":1,"22":0,"23":0,"24":0,"25":0,"26":0,"27":0,"28":0,"29":0,"30":1,"31":0,"32":0,"33":0,"34":0,"35":0,"36":0,"37":0,"38":0,"39":0,"40":1},"f":{"0":0,"1":0,"2":0,"3":0,"4":0,"5":0},"b":{"0":[0,0],"1":[0,0],"2":[0,0],"3":[0,0]},"_coverageSchema":"1a1c01bbd47fc00a2c39e90264f33305004495a9","hash":"6c955d8cbdb6a1ffb3a518135cc61ac115c74441","contentHash":"079dbe3bc5987f88dff0b042b34edd191f6364d78b9a843d939c7792e30f47ab"},"/Users/khalidsadat/Documents/Data/Khalid/Concordia/Semesters/5th Semester - Winter 2023/SOEN 390/Linkify/Linkify-src/server/routes/userPropertyRoute.js":{"path":"/Users/khalidsadat/Documents/Data/Khalid/Concordia/Semesters/5th Semester - Winter 2023/SOEN 390/Linkify/Linkify-src/server/routes/userPropertyRoute.js","statementMap":{"0":{"start":{"line":1,"column":16},"end":{"line":1,"column":34}},"1":{"start":{"line":2,"column":15},"end":{"line":2,"column":31}},"2":{"start":{"line":3,"column":21},"end":{"line":3,"column":62}},"3":{"start":{"line":4,"column":31},"end":{"line":4,"column":84}},"4":{"start":{"line":9,"column":0},"end":{"line":9,"column":58}},"5":{"start":{"line":14,"column":0},"end":{"line":14,"column":66}},"6":{"start":{"line":19,"column":0},"end":{"line":19,"column":64}},"7":{"start":{"line":24,"column":0},"end":{"line":24,"column":72}},"8":{"start":{"line":29,"column":0},"end":{"line":29,"column":69}},"9":{"start":{"line":35,"column":0},"end":{"line":35,"column":73}},"10":{"start":{"line":40,"column":0},"end":{"line":40,"column":66}},"11":{"start":{"line":45,"column":0},"end":{"line":45,"column":74}},"12":{"start":{"line":50,"column":0},"end":{"line":50,"column":64}},"13":{"start":{"line":55,"column":0},"end":{"line":55,"column":67}},"14":{"start":{"line":60,"column":0},"end":{"line":60,"column":74}},"15":{"start":{"line":65,"column":0},"end":{"line":65,"column":62}},"16":{"start":{"line":70,"column":0},"end":{"line":70,"column":70}},"17":{"start":{"line":75,"column":0},"end":{"line":75,"column":91}},"18":{"start":{"line":80,"column":0},"end":{"line":80,"column":68}},"19":{"start":{"line":82,"column":0},"end":{"line":82,"column":24}}},"fnMap":{},"branchMap":{},"s":{"0":1,"1":1,"2":1,"3":1,"4":1,"5":1,"6":1,"7":1,"8":1,"9":1,"10":1,"11":1,"12":1,"13":1,"14":1,"15":1,"16":1,"17":1,"18":1,"19":1},"f":{},"b":{},"_coverageSchema":"1a1c01bbd47fc00a2c39e90264f33305004495a9","hash":"96e5a221a1ac1eceab79fe3e36092e3d91dcd28f","contentHash":"56ee782ca7bfe44fb6bd0b3bafc5f73e347362fd119d6c76fe45bf82ff4a5bbe"},"/Users/khalidsadat/Documents/Data/Khalid/Concordia/Semesters/5th Semester - Winter 2023/SOEN 390/Linkify/Linkify-src/server/middleware/multerAvatars.js":{"path":"/Users/khalidsadat/Documents/Data/Khalid/Concordia/Semesters/5th Semester - Winter 2023/SOEN 390/Linkify/Linkify-src/server/middleware/multerAvatars.js","statementMap":{"0":{"start":{"line":1,"column":15},"end":{"line":1,"column":32}},"1":{"start":{"line":3,"column":16},"end":{"line":11,"column":2}},"2":{"start":{"line":5,"column":4},"end":{"line":5,"column":44}},"3":{"start":{"line":8,"column":25},"end":{"line":8,"column":75}},"4":{"start":{"line":9,"column":4},"end":{"line":9,"column":59}},"5":{"start":{"line":13,"column":19},"end":{"line":19,"column":1}},"6":{"start":{"line":14,"column":2},"end":{"line":18,"column":3}},"7":{"start":{"line":15,"column":4},"end":{"line":15,"column":19}},"8":{"start":{"line":17,"column":4},"end":{"line":17,"column":20}},"9":{"start":{"line":21,"column":15},"end":{"line":27,"column":2}},"10":{"start":{"line":29,"column":0},"end":{"line":29,"column":24}}},"fnMap":{"0":{"name":"(anonymous_0)","decl":{"start":{"line":4,"column":15},"end":{"line":4,"column":16}},"loc":{"start":{"line":4,"column":40},"end":{"line":6,"column":3}},"line":4},"1":{"name":"(anonymous_1)","decl":{"start":{"line":7,"column":12},"end":{"line":7,"column":13}},"loc":{"start":{"line":7,"column":37},"end":{"line":10,"column":3}},"line":7},"2":{"name":"(anonymous_2)","decl":{"start":{"line":13,"column":19},"end":{"line":13,"column":20}},"loc":{"start":{"line":13,"column":38},"end":{"line":19,"column":1}},"line":13}},"branchMap":{"0":{"loc":{"start":{"line":14,"column":2},"end":{"line":18,"column":3}},"type":"if","locations":[{"start":{"line":14,"column":2},"end":{"line":18,"column":3}},{"start":{"line":14,"column":2},"end":{"line":18,"column":3}}],"line":14},"1":{"loc":{"start":{"line":14,"column":6},"end":{"line":14,"column":69}},"type":"binary-expr","locations":[{"start":{"line":14,"column":6},"end":{"line":14,"column":36}},{"start":{"line":14,"column":40},"end":{"line":14,"column":69}}],"line":14}},"s":{"0":1,"1":1,"2":0,"3":0,"4":0,"5":1,"6":0,"7":0,"8":0,"9":1,"10":1},"f":{"0":0,"1":0,"2":0},"b":{"0":[0,0],"1":[0,0]},"_coverageSchema":"1a1c01bbd47fc00a2c39e90264f33305004495a9","hash":"d39edccc7c924bb621e4e6b61c515a87ca2cae58","contentHash":"fd7d8d4ecff1e033ac931e48a2b2c8f7abd2ebd49b891dfb5e29abd8a5b12c0f"},"/Users/khalidsadat/Documents/Data/Khalid/Concordia/Semesters/5th Semester - Winter 2023/SOEN 390/Linkify/Linkify-src/server/controllers/userPropertiesController.js":{"path":"/Users/khalidsadat/Documents/Data/Khalid/Concordia/Semesters/5th Semester - Winter 2023/SOEN 390/Linkify/Linkify-src/server/controllers/userPropertiesController.js","statementMap":{"0":{"start":{"line":10,"column":14},"end":{"line":10,"column":30}},"1":{"start":{"line":11,"column":17},"end":{"line":11,"column":50}},"2":{"start":{"line":12,"column":21},"end":{"line":12,"column":53}},"3":{"start":{"line":13,"column":11},"end":{"line":13,"column":24}},"4":{"start":{"line":16,"column":17},"end":{"line":30,"column":2}},"5":{"start":{"line":17,"column":24},"end":{"line":17,"column":32}},"6":{"start":{"line":18,"column":15},"end":{"line":18,"column":42}},"7":{"start":{"line":19,"column":2},"end":{"line":29,"column":3}},"8":{"start":{"line":20,"column":4},"end":{"line":20,"column":28}},"9":{"start":{"line":21,"column":4},"end":{"line":21,"column":22}},"10":{"start":{"line":22,"column":4},"end":{"line":25,"column":7}},"11":{"start":{"line":27,"column":4},"end":{"line":27,"column":20}},"12":{"start":{"line":28,"column":4},"end":{"line":28,"column":38}},"13":{"start":{"line":33,"column":20},"end":{"line":47,"column":2}},"14":{"start":{"line":34,"column":24},"end":{"line":34,"column":33}},"15":{"start":{"line":35,"column":15},"end":{"line":35,"column":42}},"16":{"start":{"line":36,"column":2},"end":{"line":46,"column":3}},"17":{"start":{"line":37,"column":4},"end":{"line":37,"column":63}},"18":{"start":{"line":37,"column":47},"end":{"line":37,"column":61}},"19":{"start":{"line":38,"column":4},"end":{"line":38,"column":22}},"20":{"start":{"line":39,"column":4},"end":{"line":42,"column":7}},"21":{"start":{"line":44,"column":4},"end":{"line":44,"column":20}},"22":{"start":{"line":45,"column":4},"end":{"line":45,"column":38}},"23":{"start":{"line":50,"column":20},"end":{"line":64,"column":2}},"24":{"start":{"line":51,"column":27},"end":{"line":51,"column":35}},"25":{"start":{"line":52,"column":15},"end":{"line":52,"column":42}},"26":{"start":{"line":53,"column":2},"end":{"line":63,"column":3}},"27":{"start":{"line":54,"column":4},"end":{"line":54,"column":34}},"28":{"start":{"line":55,"column":4},"end":{"line":55,"column":22}},"29":{"start":{"line":56,"column":4},"end":{"line":59,"column":7}},"30":{"start":{"line":61,"column":4},"end":{"line":61,"column":20}},"31":{"start":{"line":62,"column":4},"end":{"line":62,"column":38}},"32":{"start":{"line":67,"column":23},"end":{"line":81,"column":2}},"33":{"start":{"line":68,"column":27},"end":{"line":68,"column":35}},"34":{"start":{"line":69,"column":15},"end":{"line":69,"column":42}},"35":{"start":{"line":70,"column":2},"end":{"line":80,"column":3}},"36":{"start":{"line":71,"column":4},"end":{"line":71,"column":72}},"37":{"start":{"line":71,"column":53},"end":{"line":71,"column":70}},"38":{"start":{"line":72,"column":4},"end":{"line":72,"column":22}},"39":{"start":{"line":73,"column":4},"end":{"line":76,"column":7}},"40":{"start":{"line":78,"column":4},"end":{"line":78,"column":20}},"41":{"start":{"line":79,"column":4},"end":{"line":79,"column":38}},"42":{"start":{"line":84,"column":23},"end":{"line":98,"column":2}},"43":{"start":{"line":85,"column":29},"end":{"line":85,"column":37}},"44":{"start":{"line":86,"column":15},"end":{"line":86,"column":42}},"45":{"start":{"line":87,"column":2},"end":{"line":97,"column":3}},"46":{"start":{"line":88,"column":4},"end":{"line":88,"column":37}},"47":{"start":{"line":89,"column":4},"end":{"line":89,"column":22}},"48":{"start":{"line":90,"column":4},"end":{"line":93,"column":7}},"49":{"start":{"line":95,"column":4},"end":{"line":95,"column":20}},"50":{"start":{"line":96,"column":4},"end":{"line":96,"column":38}},"51":{"start":{"line":101,"column":25},"end":{"line":115,"column":2}},"52":{"start":{"line":102,"column":29},"end":{"line":102,"column":37}},"53":{"start":{"line":103,"column":15},"end":{"line":103,"column":42}},"54":{"start":{"line":104,"column":2},"end":{"line":114,"column":3}},"55":{"start":{"line":105,"column":4},"end":{"line":105,"column":76}},"56":{"start":{"line":105,"column":55},"end":{"line":105,"column":74}},"57":{"start":{"line":106,"column":4},"end":{"line":106,"column":22}},"58":{"start":{"line":107,"column":4},"end":{"line":110,"column":7}},"59":{"start":{"line":112,"column":4},"end":{"line":112,"column":20}},"60":{"start":{"line":113,"column":4},"end":{"line":113,"column":38}},"61":{"start":{"line":117,"column":26},"end":{"line":126,"column":2}},"62":{"start":{"line":118,"column":17},"end":{"line":118,"column":26}},"63":{"start":{"line":119,"column":15},"end":{"line":119,"column":64}},"64":{"start":{"line":120,"column":2},"end":{"line":125,"column":3}},"65":{"start":{"line":121,"column":4},"end":{"line":121,"column":29}},"66":{"start":{"line":123,"column":4},"end":{"line":123,"column":20}},"67":{"start":{"line":124,"column":4},"end":{"line":124,"column":38}},"68":{"start":{"line":129,"column":21},"end":{"line":145,"column":2}},"69":{"start":{"line":130,"column":17},"end":{"line":130,"column":25}},"70":{"start":{"line":131,"column":53},"end":{"line":131,"column":61}},"71":{"start":{"line":132,"column":15},"end":{"line":132,"column":42}},"72":{"start":{"line":133,"column":2},"end":{"line":144,"column":3}},"73":{"start":{"line":134,"column":25},"end":{"line":134,"column":67}},"74":{"start":{"line":135,"column":4},"end":{"line":135,"column":38}},"75":{"start":{"line":136,"column":4},"end":{"line":136,"column":22}},"76":{"start":{"line":137,"column":4},"end":{"line":140,"column":7}},"77":{"start":{"line":142,"column":4},"end":{"line":142,"column":20}},"78":{"start":{"line":143,"column":4},"end":{"line":143,"column":38}},"79":{"start":{"line":148,"column":24},"end":{"line":164,"column":2}},"80":{"start":{"line":149,"column":30},"end":{"line":149,"column":38}},"81":{"start":{"line":150,"column":15},"end":{"line":150,"column":42}},"82":{"start":{"line":151,"column":2},"end":{"line":163,"column":3}},"83":{"start":{"line":152,"column":4},"end":{"line":154,"column":6}},"84":{"start":{"line":153,"column":16},"end":{"line":153,"column":51}},"85":{"start":{"line":155,"column":4},"end":{"line":155,"column":22}},"86":{"start":{"line":156,"column":4},"end":{"line":159,"column":7}},"87":{"start":{"line":161,"column":4},"end":{"line":161,"column":20}},"88":{"start":{"line":162,"column":4},"end":{"line":162,"column":38}},"89":{"start":{"line":167,"column":22},"end":{"line":194,"column":2}},"90":{"start":{"line":168,"column":30},"end":{"line":168,"column":38}},"91":{"start":{"line":169,"column":15},"end":{"line":169,"column":42}},"92":{"start":{"line":170,"column":2},"end":{"line":193,"column":3}},"93":{"start":{"line":171,"column":27},"end":{"line":173,"column":5}},"94":{"start":{"line":172,"column":21},"end":{"line":172,"column":61}},"95":{"start":{"line":174,"column":4},"end":{"line":189,"column":5}},"96":{"start":{"line":175,"column":57},"end":{"line":175,"column":65}},"97":{"start":{"line":176,"column":6},"end":{"line":176,"column":53}},"98":{"start":{"line":177,"column":6},"end":{"line":177,"column":53}},"99":{"start":{"line":178,"column":6},"end":{"line":178,"column":65}},"100":{"start":{"line":179,"column":6},"end":{"line":179,"column":49}},"101":{"start":{"line":180,"column":6},"end":{"line":180,"column":45}},"102":{"start":{"line":181,"column":6},"end":{"line":181,"column":24}},"103":{"start":{"line":182,"column":6},"end":{"line":185,"column":9}},"104":{"start":{"line":187,"column":6},"end":{"line":187,"column":22}},"105":{"start":{"line":188,"column":6},"end":{"line":188,"column":45}},"106":{"start":{"line":191,"column":4},"end":{"line":191,"column":20}},"107":{"start":{"line":192,"column":4},"end":{"line":192,"column":38}},"108":{"start":{"line":197,"column":20},"end":{"line":211,"column":2}},"109":{"start":{"line":198,"column":27},"end":{"line":198,"column":35}},"110":{"start":{"line":199,"column":15},"end":{"line":199,"column":42}},"111":{"start":{"line":200,"column":2},"end":{"line":210,"column":3}},"112":{"start":{"line":201,"column":4},"end":{"line":201,"column":29}},"113":{"start":{"line":202,"column":4},"end":{"line":202,"column":22}},"114":{"start":{"line":203,"column":4},"end":{"line":206,"column":7}},"115":{"start":{"line":208,"column":4},"end":{"line":208,"column":20}},"116":{"start":{"line":209,"column":4},"end":{"line":209,"column":38}},"117":{"start":{"line":214,"column":19},"end":{"line":228,"column":2}},"118":{"start":{"line":215,"column":26},"end":{"line":215,"column":34}},"119":{"start":{"line":216,"column":15},"end":{"line":216,"column":42}},"120":{"start":{"line":217,"column":2},"end":{"line":227,"column":3}},"121":{"start":{"line":218,"column":4},"end":{"line":218,"column":32}},"122":{"start":{"line":219,"column":4},"end":{"line":219,"column":22}},"123":{"start":{"line":220,"column":4},"end":{"line":223,"column":7}},"124":{"start":{"line":225,"column":4},"end":{"line":225,"column":20}},"125":{"start":{"line":226,"column":4},"end":{"line":226,"column":38}},"126":{"start":{"line":231,"column":22},"end":{"line":245,"column":2}},"127":{"start":{"line":232,"column":26},"end":{"line":232,"column":34}},"128":{"start":{"line":233,"column":15},"end":{"line":233,"column":42}},"129":{"start":{"line":234,"column":2},"end":{"line":244,"column":3}},"130":{"start":{"line":235,"column":4},"end":{"line":235,"column":69}},"131":{"start":{"line":235,"column":51},"end":{"line":235,"column":67}},"132":{"start":{"line":236,"column":4},"end":{"line":236,"column":22}},"133":{"start":{"line":237,"column":4},"end":{"line":240,"column":7}},"134":{"start":{"line":242,"column":4},"end":{"line":242,"column":20}},"135":{"start":{"line":243,"column":4},"end":{"line":243,"column":38}},"136":{"start":{"line":248,"column":18},"end":{"line":279,"column":2}},"137":{"start":{"line":249,"column":2},"end":{"line":278,"column":3}},"138":{"start":{"line":250,"column":19},"end":{"line":250,"column":34}},"139":{"start":{"line":251,"column":21},"end":{"line":251,"column":54}},"140":{"start":{"line":253,"column":17},"end":{"line":253,"column":48}},"141":{"start":{"line":255,"column":4},"end":{"line":258,"column":5}},"142":{"start":{"line":256,"column":6},"end":{"line":256,"column":46}},"143":{"start":{"line":257,"column":6},"end":{"line":257,"column":13}},"144":{"start":{"line":261,"column":4},"end":{"line":267,"column":5}},"145":{"start":{"line":262,"column":6},"end":{"line":266,"column":7}},"146":{"start":{"line":263,"column":8},"end":{"line":263,"column":35}},"147":{"start":{"line":265,"column":8},"end":{"line":265,"column":60}},"148":{"start":{"line":269,"column":4},"end":{"line":269,"column":67}},"149":{"start":{"line":271,"column":4},"end":{"line":274,"column":7}},"150":{"start":{"line":276,"column":4},"end":{"line":276,"column":60}},"151":{"start":{"line":277,"column":4},"end":{"line":277,"column":52}},"152":{"start":{"line":283,"column":21},"end":{"line":306,"column":2}},"153":{"start":{"line":284,"column":17},"end":{"line":284,"column":25}},"154":{"start":{"line":285,"column":15},"end":{"line":285,"column":42}},"155":{"start":{"line":286,"column":2},"end":{"line":305,"column":3}},"156":{"start":{"line":287,"column":4},"end":{"line":301,"column":5}},"157":{"start":{"line":288,"column":6},"end":{"line":292,"column":7}},"158":{"start":{"line":289,"column":8},"end":{"line":289,"column":35}},"159":{"start":{"line":291,"column":8},"end":{"line":291,"column":60}},"160":{"start":{"line":293,"column":6},"end":{"line":293,"column":25}},"161":{"start":{"line":294,"column":6},"end":{"line":294,"column":24}},"162":{"start":{"line":295,"column":6},"end":{"line":297,"column":9}},"163":{"start":{"line":299,"column":6},"end":{"line":299,"column":22}},"164":{"start":{"line":300,"column":6},"end":{"line":300,"column":45}},"165":{"start":{"line":303,"column":4},"end":{"line":303,"column":20}},"166":{"start":{"line":304,"column":4},"end":{"line":304,"column":38}},"167":{"start":{"line":309,"column":0},"end":{"line":325,"column":2}}},"fnMap":{"0":{"name":"(anonymous_0)","decl":{"start":{"line":16,"column":30},"end":{"line":16,"column":31}},"loc":{"start":{"line":16,"column":50},"end":{"line":30,"column":1}},"line":16},"1":{"name":"(anonymous_1)","decl":{"start":{"line":33,"column":33},"end":{"line":33,"column":34}},"loc":{"start":{"line":33,"column":53},"end":{"line":47,"column":1}},"line":33},"2":{"name":"(anonymous_2)","decl":{"start":{"line":37,"column":37},"end":{"line":37,"column":38}},"loc":{"start":{"line":37,"column":47},"end":{"line":37,"column":61}},"line":37},"3":{"name":"(anonymous_3)","decl":{"start":{"line":50,"column":33},"end":{"line":50,"column":34}},"loc":{"start":{"line":50,"column":53},"end":{"line":64,"column":1}},"line":50},"4":{"name":"(anonymous_4)","decl":{"start":{"line":67,"column":36},"end":{"line":67,"column":37}},"loc":{"start":{"line":67,"column":56},"end":{"line":81,"column":1}},"line":67},"5":{"name":"(anonymous_5)","decl":{"start":{"line":71,"column":43},"end":{"line":71,"column":44}},"loc":{"start":{"line":71,"column":53},"end":{"line":71,"column":70}},"line":71},"6":{"name":"(anonymous_6)","decl":{"start":{"line":84,"column":36},"end":{"line":84,"column":37}},"loc":{"start":{"line":84,"column":56},"end":{"line":98,"column":1}},"line":84},"7":{"name":"(anonymous_7)","decl":{"start":{"line":101,"column":38},"end":{"line":101,"column":39}},"loc":{"start":{"line":101,"column":58},"end":{"line":115,"column":1}},"line":101},"8":{"name":"(anonymous_8)","decl":{"start":{"line":105,"column":45},"end":{"line":105,"column":46}},"loc":{"start":{"line":105,"column":55},"end":{"line":105,"column":74}},"line":105},"9":{"name":"(anonymous_9)","decl":{"start":{"line":117,"column":39},"end":{"line":117,"column":40}},"loc":{"start":{"line":117,"column":59},"end":{"line":126,"column":1}},"line":117},"10":{"name":"(anonymous_10)","decl":{"start":{"line":129,"column":34},"end":{"line":129,"column":35}},"loc":{"start":{"line":129,"column":54},"end":{"line":145,"column":1}},"line":129},"11":{"name":"(anonymous_11)","decl":{"start":{"line":148,"column":37},"end":{"line":148,"column":38}},"loc":{"start":{"line":148,"column":57},"end":{"line":164,"column":1}},"line":148},"12":{"name":"(anonymous_12)","decl":{"start":{"line":153,"column":6},"end":{"line":153,"column":7}},"loc":{"start":{"line":153,"column":16},"end":{"line":153,"column":51}},"line":153},"13":{"name":"(anonymous_13)","decl":{"start":{"line":167,"column":35},"end":{"line":167,"column":36}},"loc":{"start":{"line":167,"column":55},"end":{"line":194,"column":1}},"line":167},"14":{"name":"(anonymous_14)","decl":{"start":{"line":172,"column":6},"end":{"line":172,"column":7}},"loc":{"start":{"line":172,"column":21},"end":{"line":172,"column":61}},"line":172},"15":{"name":"(anonymous_15)","decl":{"start":{"line":197,"column":33},"end":{"line":197,"column":34}},"loc":{"start":{"line":197,"column":53},"end":{"line":211,"column":1}},"line":197},"16":{"name":"(anonymous_16)","decl":{"start":{"line":214,"column":32},"end":{"line":214,"column":33}},"loc":{"start":{"line":214,"column":52},"end":{"line":228,"column":1}},"line":214},"17":{"name":"(anonymous_17)","decl":{"start":{"line":231,"column":35},"end":{"line":231,"column":36}},"loc":{"start":{"line":231,"column":55},"end":{"line":245,"column":1}},"line":231},"18":{"name":"(anonymous_18)","decl":{"start":{"line":235,"column":41},"end":{"line":235,"column":42}},"loc":{"start":{"line":235,"column":51},"end":{"line":235,"column":67}},"line":235},"19":{"name":"(anonymous_19)","decl":{"start":{"line":248,"column":31},"end":{"line":248,"column":32}},"loc":{"start":{"line":248,"column":51},"end":{"line":279,"column":1}},"line":248},"20":{"name":"(anonymous_20)","decl":{"start":{"line":283,"column":34},"end":{"line":283,"column":35}},"loc":{"start":{"line":283,"column":54},"end":{"line":306,"column":1}},"line":283}},"branchMap":{"0":{"loc":{"start":{"line":19,"column":2},"end":{"line":29,"column":3}},"type":"if","locations":[{"start":{"line":19,"column":2},"end":{"line":29,"column":3}},{"start":{"line":19,"column":2},"end":{"line":29,"column":3}}],"line":19},"1":{"loc":{"start":{"line":36,"column":2},"end":{"line":46,"column":3}},"type":"if","locations":[{"start":{"line":36,"column":2},"end":{"line":46,"column":3}},{"start":{"line":36,"column":2},"end":{"line":46,"column":3}}],"line":36},"2":{"loc":{"start":{"line":53,"column":2},"end":{"line":63,"column":3}},"type":"if","locations":[{"start":{"line":53,"column":2},"end":{"line":63,"column":3}},{"start":{"line":53,"column":2},"end":{"line":63,"column":3}}],"line":53},"3":{"loc":{"start":{"line":70,"column":2},"end":{"line":80,"column":3}},"type":"if","locations":[{"start":{"line":70,"column":2},"end":{"line":80,"column":3}},{"start":{"line":70,"column":2},"end":{"line":80,"column":3}}],"line":70},"4":{"loc":{"start":{"line":87,"column":2},"end":{"line":97,"column":3}},"type":"if","locations":[{"start":{"line":87,"column":2},"end":{"line":97,"column":3}},{"start":{"line":87,"column":2},"end":{"line":97,"column":3}}],"line":87},"5":{"loc":{"start":{"line":104,"column":2},"end":{"line":114,"column":3}},"type":"if","locations":[{"start":{"line":104,"column":2},"end":{"line":114,"column":3}},{"start":{"line":104,"column":2},"end":{"line":114,"column":3}}],"line":104},"6":{"loc":{"start":{"line":120,"column":2},"end":{"line":125,"column":3}},"type":"if","locations":[{"start":{"line":120,"column":2},"end":{"line":125,"column":3}},{"start":{"line":120,"column":2},"end":{"line":125,"column":3}}],"line":120},"7":{"loc":{"start":{"line":133,"column":2},"end":{"line":144,"column":3}},"type":"if","locations":[{"start":{"line":133,"column":2},"end":{"line":144,"column":3}},{"start":{"line":133,"column":2},"end":{"line":144,"column":3}}],"line":133},"8":{"loc":{"start":{"line":151,"column":2},"end":{"line":163,"column":3}},"type":"if","locations":[{"start":{"line":151,"column":2},"end":{"line":163,"column":3}},{"start":{"line":151,"column":2},"end":{"line":163,"column":3}}],"line":151},"9":{"loc":{"start":{"line":170,"column":2},"end":{"line":193,"column":3}},"type":"if","locations":[{"start":{"line":170,"column":2},"end":{"line":193,"column":3}},{"start":{"line":170,"column":2},"end":{"line":193,"column":3}}],"line":170},"10":{"loc":{"start":{"line":174,"column":4},"end":{"line":189,"column":5}},"type":"if","locations":[{"start":{"line":174,"column":4},"end":{"line":189,"column":5}},{"start":{"line":174,"column":4},"end":{"line":189,"column":5}}],"line":174},"11":{"loc":{"start":{"line":200,"column":2},"end":{"line":210,"column":3}},"type":"if","locations":[{"start":{"line":200,"column":2},"end":{"line":210,"column":3}},{"start":{"line":200,"column":2},"end":{"line":210,"column":3}}],"line":200},"12":{"loc":{"start":{"line":217,"column":2},"end":{"line":227,"column":3}},"type":"if","locations":[{"start":{"line":217,"column":2},"end":{"line":227,"column":3}},{"start":{"line":217,"column":2},"end":{"line":227,"column":3}}],"line":217},"13":{"loc":{"start":{"line":234,"column":2},"end":{"line":244,"column":3}},"type":"if","locations":[{"start":{"line":234,"column":2},"end":{"line":244,"column":3}},{"start":{"line":234,"column":2},"end":{"line":244,"column":3}}],"line":234},"14":{"loc":{"start":{"line":255,"column":4},"end":{"line":258,"column":5}},"type":"if","locations":[{"start":{"line":255,"column":4},"end":{"line":258,"column":5}},{"start":{"line":255,"column":4},"end":{"line":258,"column":5}}],"line":255},"15":{"loc":{"start":{"line":261,"column":4},"end":{"line":267,"column":5}},"type":"if","locations":[{"start":{"line":261,"column":4},"end":{"line":267,"column":5}},{"start":{"line":261,"column":4},"end":{"line":267,"column":5}}],"line":261},"16":{"loc":{"start":{"line":286,"column":2},"end":{"line":305,"column":3}},"type":"if","locations":[{"start":{"line":286,"column":2},"end":{"line":305,"column":3}},{"start":{"line":286,"column":2},"end":{"line":305,"column":3}}],"line":286},"17":{"loc":{"start":{"line":287,"column":4},"end":{"line":301,"column":5}},"type":"if","locations":[{"start":{"line":287,"column":4},"end":{"line":301,"column":5}},{"start":{"line":287,"column":4},"end":{"line":301,"column":5}}],"line":287}},"s":{"0":1,"1":1,"2":1,"3":1,"4":1,"5":0,"6":0,"7":0,"8":0,"9":0,"10":0,"11":0,"12":0,"13":1,"14":0,"15":0,"16":0,"17":0,"18":0,"19":0,"20":0,"21":0,"22":0,"23":1,"24":0,"25":0,"26":0,"27":0,"28":0,"29":0,"30":0,"31":0,"32":1,"33":0,"34":0,"35":0,"36":0,"37":0,"38":0,"39":0,"40":0,"41":0,"42":1,"43":0,"44":0,"45":0,"46":0,"47":0,"48":0,"49":0,"50":0,"51":1,"52":0,"53":0,"54":0,"55":0,"56":0,"57":0,"58":0,"59":0,"60":0,"61":1,"62":0,"63":0,"64":0,"65":0,"66":0,"67":0,"68":1,"69":0,"70":0,"71":0,"72":0,"73":0,"74":0,"75":0,"76":0,"77":0,"78":0,"79":1,"80":0,"81":0,"82":0,"83":0,"84":0,"85":0,"86":0,"87":0,"88":0,"89":1,"90":0,"91":0,"92":0,"93":0,"94":0,"95":0,"96":0,"97":0,"98":0,"99":0,"100":0,"101":0,"102":0,"103":0,"104":0,"105":0,"106":0,"107":0,"108":1,"109":0,"110":0,"111":0,"112":0,"113":0,"114":0,"115":0,"116":0,"117":1,"118":0,"119":0,"120":0,"121":0,"122":0,"123":0,"124":0,"125":0,"126":1,"127":0,"128":0,"129":0,"130":0,"131":0,"132":0,"133":0,"134":0,"135":0,"136":1,"137":0,"138":0,"139":0,"140":0,"141":0,"142":0,"143":0,"144":0,"145":0,"146":0,"147":0,"148":0,"149":0,"150":0,"151":0,"152":1,"153":0,"154":0,"155":0,"156":0,"157":0,"158":0,"159":0,"160":0,"161":0,"162":0,"163":0,"164":0,"165":0,"166":0,"167":1},"f":{"0":0,"1":0,"2":0,"3":0,"4":0,"5":0,"6":0,"7":0,"8":0,"9":0,"10":0,"11":0,"12":0,"13":0,"14":0,"15":0,"16":0,"17":0,"18":0,"19":0,"20":0},"b":{"0":[0,0],"1":[0,0],"2":[0,0],"3":[0,0],"4":[0,0],"5":[0,0],"6":[0,0],"7":[0,0],"8":[0,0],"9":[0,0],"10":[0,0],"11":[0,0],"12":[0,0],"13":[0,0],"14":[0,0],"15":[0,0],"16":[0,0],"17":[0,0]},"_coverageSchema":"1a1c01bbd47fc00a2c39e90264f33305004495a9","hash":"6fbcf22422e0b6fdf55f3c5d36fde22cd846d31e","contentHash":"577f5a20fdca5564bec5eb1ce42e07b61018b4747ecd685fdb951551dd9e5fdd"},"/Users/khalidsadat/Documents/Data/Khalid/Concordia/Semesters/5th Semester - Winter 2023/SOEN 390/Linkify/Linkify-src/server/routes/connectionRoute.js":{"path":"/Users/khalidsadat/Documents/Data/Khalid/Concordia/Semesters/5th Semester - Winter 2023/SOEN 390/Linkify/Linkify-src/server/routes/connectionRoute.js","statementMap":{"0":{"start":{"line":1,"column":16},"end":{"line":1,"column":34}},"1":{"start":{"line":2,"column":29},"end":{"line":2,"column":78}},"2":{"start":{"line":4,"column":15},"end":{"line":4,"column":31}},"3":{"start":{"line":11,"column":0},"end":{"line":14,"column":2}},"4":{"start":{"line":21,"column":0},"end":{"line":24,"column":2}},"5":{"start":{"line":31,"column":0},"end":{"line":34,"column":2}},"6":{"start":{"line":41,"column":0},"end":{"line":41,"column":72}},"7":{"start":{"line":47,"column":0},"end":{"line":50,"column":2}},"8":{"start":{"line":57,"column":0},"end":{"line":57,"column":73}},"9":{"start":{"line":59,"column":0},"end":{"line":59,"column":24}}},"fnMap":{},"branchMap":{},"s":{"0":1,"1":1,"2":1,"3":1,"4":1,"5":1,"6":1,"7":1,"8":1,"9":1},"f":{},"b":{},"_coverageSchema":"1a1c01bbd47fc00a2c39e90264f33305004495a9","hash":"7329fc345dafafe346ee06d0a5834ed97b69730b","contentHash":"dde56706ba77c8372febfb840f3079fcce68ccba174374a9440c28a94c212619"},"/Users/khalidsadat/Documents/Data/Khalid/Concordia/Semesters/5th Semester - Winter 2023/SOEN 390/Linkify/Linkify-src/server/controllers/connectionController.js":{"path":"/Users/khalidsadat/Documents/Data/Khalid/Concordia/Semesters/5th Semester - Winter 2023/SOEN 390/Linkify/Linkify-src/server/controllers/connectionController.js","statementMap":{"0":{"start":{"line":8,"column":21},"end":{"line":8,"column":53}},"1":{"start":{"line":9,"column":17},"end":{"line":9,"column":53}},"2":{"start":{"line":11,"column":26},"end":{"line":20,"column":2}},"3":{"start":{"line":12,"column":21},"end":{"line":12,"column":30}},"4":{"start":{"line":13,"column":15},"end":{"line":13,"column":70}},"5":{"start":{"line":14,"column":2},"end":{"line":19,"column":3}},"6":{"start":{"line":15,"column":4},"end":{"line":15,"column":31}},"7":{"start":{"line":17,"column":4},"end":{"line":17,"column":20}},"8":{"start":{"line":18,"column":4},"end":{"line":18,"column":38}},"9":{"start":{"line":22,"column":30},"end":{"line":31,"column":2}},"10":{"start":{"line":23,"column":21},"end":{"line":23,"column":30}},"11":{"start":{"line":24,"column":15},"end":{"line":24,"column":77}},"12":{"start":{"line":25,"column":2},"end":{"line":30,"column":3}},"13":{"start":{"line":26,"column":4},"end":{"line":26,"column":38}},"14":{"start":{"line":28,"column":4},"end":{"line":28,"column":20}},"15":{"start":{"line":29,"column":4},"end":{"line":29,"column":38}},"16":{"start":{"line":33,"column":30},"end":{"line":51,"column":2}},"17":{"start":{"line":34,"column":35},"end":{"line":34,"column":43}},"18":{"start":{"line":35,"column":15},"end":{"line":35,"column":50}},"19":{"start":{"line":36,"column":2},"end":{"line":50,"column":3}},"20":{"start":{"line":37,"column":4},"end":{"line":46,"column":5}},"21":{"start":{"line":41,"column":6},"end":{"line":41,"column":57}},"22":{"start":{"line":43,"column":6},"end":{"line":43,"column":45}},"23":{"start":{"line":44,"column":6},"end":{"line":44,"column":24}},"24":{"start":{"line":45,"column":6},"end":{"line":45,"column":55}},"25":{"start":{"line":48,"column":4},"end":{"line":48,"column":20}},"26":{"start":{"line":49,"column":4},"end":{"line":49,"column":43}},"27":{"start":{"line":53,"column":32},"end":{"line":70,"column":2}},"28":{"start":{"line":54,"column":35},"end":{"line":54,"column":43}},"29":{"start":{"line":55,"column":15},"end":{"line":55,"column":50}},"30":{"start":{"line":56,"column":17},"end":{"line":56,"column":50}},"31":{"start":{"line":57,"column":2},"end":{"line":69,"column":3}},"32":{"start":{"line":58,"column":4},"end":{"line":60,"column":6}},"33":{"start":{"line":59,"column":16},"end":{"line":59,"column":44}},"34":{"start":{"line":61,"column":4},"end":{"line":61,"column":36}},"35":{"start":{"line":62,"column":4},"end":{"line":62,"column":40}},"36":{"start":{"line":63,"column":4},"end":{"line":63,"column":22}},"37":{"start":{"line":64,"column":4},"end":{"line":64,"column":24}},"38":{"start":{"line":65,"column":4},"end":{"line":65,"column":19}},"39":{"start":{"line":67,"column":4},"end":{"line":67,"column":20}},"40":{"start":{"line":68,"column":4},"end":{"line":68,"column":43}},"41":{"start":{"line":72,"column":32},"end":{"line":85,"column":2}},"42":{"start":{"line":73,"column":35},"end":{"line":73,"column":43}},"43":{"start":{"line":74,"column":15},"end":{"line":74,"column":50}},"44":{"start":{"line":75,"column":2},"end":{"line":84,"column":3}},"45":{"start":{"line":76,"column":4},"end":{"line":78,"column":6}},"46":{"start":{"line":77,"column":16},"end":{"line":77,"column":44}},"47":{"start":{"line":79,"column":4},"end":{"line":79,"column":22}},"48":{"start":{"line":80,"column":4},"end":{"line":80,"column":19}},"49":{"start":{"line":82,"column":4},"end":{"line":82,"column":20}},"50":{"start":{"line":83,"column":4},"end":{"line":83,"column":43}},"51":{"start":{"line":87,"column":25},"end":{"line":105,"column":2}},"52":{"start":{"line":88,"column":35},"end":{"line":88,"column":43}},"53":{"start":{"line":89,"column":15},"end":{"line":89,"column":46}},"54":{"start":{"line":90,"column":21},"end":{"line":90,"column":58}},"55":{"start":{"line":91,"column":2},"end":{"line":104,"column":3}},"56":{"start":{"line":92,"column":4},"end":{"line":94,"column":6}},"57":{"start":{"line":93,"column":16},"end":{"line":93,"column":48}},"58":{"start":{"line":95,"column":4},"end":{"line":97,"column":6}},"59":{"start":{"line":96,"column":16},"end":{"line":96,"column":42}},"60":{"start":{"line":98,"column":4},"end":{"line":98,"column":22}},"61":{"start":{"line":99,"column":4},"end":{"line":99,"column":28}},"62":{"start":{"line":100,"column":4},"end":{"line":100,"column":19}},"63":{"start":{"line":102,"column":4},"end":{"line":102,"column":20}},"64":{"start":{"line":103,"column":4},"end":{"line":103,"column":38}},"65":{"start":{"line":107,"column":0},"end":{"line":114,"column":2}}},"fnMap":{"0":{"name":"(anonymous_0)","decl":{"start":{"line":11,"column":39},"end":{"line":11,"column":40}},"loc":{"start":{"line":11,"column":59},"end":{"line":20,"column":1}},"line":11},"1":{"name":"(anonymous_1)","decl":{"start":{"line":22,"column":43},"end":{"line":22,"column":44}},"loc":{"start":{"line":22,"column":63},"end":{"line":31,"column":1}},"line":22},"2":{"name":"(anonymous_2)","decl":{"start":{"line":33,"column":43},"end":{"line":33,"column":44}},"loc":{"start":{"line":33,"column":63},"end":{"line":51,"column":1}},"line":33},"3":{"name":"(anonymous_3)","decl":{"start":{"line":53,"column":45},"end":{"line":53,"column":46}},"loc":{"start":{"line":53,"column":65},"end":{"line":70,"column":1}},"line":53},"4":{"name":"(anonymous_4)","decl":{"start":{"line":59,"column":6},"end":{"line":59,"column":7}},"loc":{"start":{"line":59,"column":16},"end":{"line":59,"column":44}},"line":59},"5":{"name":"(anonymous_5)","decl":{"start":{"line":72,"column":45},"end":{"line":72,"column":46}},"loc":{"start":{"line":72,"column":65},"end":{"line":85,"column":1}},"line":72},"6":{"name":"(anonymous_6)","decl":{"start":{"line":77,"column":6},"end":{"line":77,"column":7}},"loc":{"start":{"line":77,"column":16},"end":{"line":77,"column":44}},"line":77},"7":{"name":"(anonymous_7)","decl":{"start":{"line":87,"column":38},"end":{"line":87,"column":39}},"loc":{"start":{"line":87,"column":58},"end":{"line":105,"column":1}},"line":87},"8":{"name":"(anonymous_8)","decl":{"start":{"line":93,"column":6},"end":{"line":93,"column":7}},"loc":{"start":{"line":93,"column":16},"end":{"line":93,"column":48}},"line":93},"9":{"name":"(anonymous_9)","decl":{"start":{"line":96,"column":6},"end":{"line":96,"column":7}},"loc":{"start":{"line":96,"column":16},"end":{"line":96,"column":42}},"line":96}},"branchMap":{"0":{"loc":{"start":{"line":14,"column":2},"end":{"line":19,"column":3}},"type":"if","locations":[{"start":{"line":14,"column":2},"end":{"line":19,"column":3}},{"start":{"line":14,"column":2},"end":{"line":19,"column":3}}],"line":14},"1":{"loc":{"start":{"line":25,"column":2},"end":{"line":30,"column":3}},"type":"if","locations":[{"start":{"line":25,"column":2},"end":{"line":30,"column":3}},{"start":{"line":25,"column":2},"end":{"line":30,"column":3}}],"line":25},"2":{"loc":{"start":{"line":36,"column":2},"end":{"line":50,"column":3}},"type":"if","locations":[{"start":{"line":36,"column":2},"end":{"line":50,"column":3}},{"start":{"line":36,"column":2},"end":{"line":50,"column":3}}],"line":36},"3":{"loc":{"start":{"line":37,"column":4},"end":{"line":46,"column":5}},"type":"if","locations":[{"start":{"line":37,"column":4},"end":{"line":46,"column":5}},{"start":{"line":37,"column":4},"end":{"line":46,"column":5}}],"line":37},"4":{"loc":{"start":{"line":38,"column":6},"end":{"line":39,"column":41}},"type":"binary-expr","locations":[{"start":{"line":38,"column":6},"end":{"line":38,"column":48}},{"start":{"line":39,"column":6},"end":{"line":39,"column":41}}],"line":38},"5":{"loc":{"start":{"line":57,"column":2},"end":{"line":69,"column":3}},"type":"if","locations":[{"start":{"line":57,"column":2},"end":{"line":69,"column":3}},{"start":{"line":57,"column":2},"end":{"line":69,"column":3}}],"line":57},"6":{"loc":{"start":{"line":75,"column":2},"end":{"line":84,"column":3}},"type":"if","locations":[{"start":{"line":75,"column":2},"end":{"line":84,"column":3}},{"start":{"line":75,"column":2},"end":{"line":84,"column":3}}],"line":75},"7":{"loc":{"start":{"line":91,"column":2},"end":{"line":104,"column":3}},"type":"if","locations":[{"start":{"line":91,"column":2},"end":{"line":104,"column":3}},{"start":{"line":91,"column":2},"end":{"line":104,"column":3}}],"line":91}},"s":{"0":1,"1":1,"2":1,"3":0,"4":0,"5":0,"6":0,"7":0,"8":0,"9":1,"10":0,"11":0,"12":0,"13":0,"14":0,"15":0,"16":1,"17":0,"18":0,"19":0,"20":0,"21":0
[...]
ify-src/server/test/event.js":{"path":"/Users/khalidsadat/Documents/Data/Khalid/Concordia/Semesters/5th Semester - Winter 2023/SOEN 390/Linkify/Linkify-src/server/test/event.js","statementMap":{},"fnMap":{},"branchMap":{},"s":{},"f":{},"b":{},"_coverageSchema":"1a1c01bbd47fc00a2c39e90264f33305004495a9","hash":"71e570bc982a3e74760dbf67573f92d6b2f48f0f","contentHash":"35d047c84f43c668b24a606348d9a8bdba3dbd4d09e8c8baf91d536f499829e6"},"/Users/khalidsadat/Documents/Data/Khalid/Concordia/Semesters/5th Semester - Winter 2023/SOEN 390/Linkify/Linkify-src/server/test/events/eventsCreate.js":{"path":"/Users/khalidsadat/Documents/Data/Khalid/Concordia/Semesters/5th Semester - Winter 2023/SOEN 390/Linkify/Linkify-src/server/test/events/eventsCreate.js","statementMap":{"0":{"start":{"line":1,"column":0},"end":{"line":1,"column":30}},"1":{"start":{"line":3,"column":17},"end":{"line":3,"column":36}},"2":{"start":{"line":4,"column":30},"end":{"line":4,"column":62}},"3":{"start":{"line":5,"column":14},"end":{"line":5,"column":48}},"4":{"start":{"line":7,"column":13},"end":{"line":7,"column":28}},"5":{"start":{"line":8,"column":17},"end":{"line":8,"column":37}},"6":{"start":{"line":9,"column":0},"end":{"line":9,"column":19}},"7":{"start":{"line":11,"column":15},"end":{"line":11,"column":26}},"8":{"start":{"line":13,"column":12},"end":{"line":13,"column":38}},"9":{"start":{"line":14,"column":29},"end":{"line":14,"column":66}},"10":{"start":{"line":18,"column":0},"end":{"line":22,"column":3}},"11":{"start":{"line":19,"column":2},"end":{"line":19,"column":49}},"12":{"start":{"line":20,"column":19},"end":{"line":20,"column":39}},"13":{"start":{"line":21,"column":2},"end":{"line":21,"column":28}},"14":{"start":{"line":24,"column":0},"end":{"line":27,"column":3}},"15":{"start":{"line":25,"column":2},"end":{"line":25,"column":16}},"16":{"start":{"line":26,"column":2},"end":{"line":26,"column":27}},"17":{"start":{"line":29,"column":0},"end":{"line":46,"column":3}},"18":{"start":{"line":30,"column":2},"end":{"line":45,"column":5}},"19":{"start":{"line":31,"column":21},"end":{"line":37,"column":6}},"20":{"start":{"line":39,"column":16},"end":{"line":41,"column":21}},"21":{"start":{"line":43,"column":4},"end":{"line":43,"column":37}},"22":{"start":{"line":44,"column":4},"end":{"line":44,"column":50}}},"fnMap":{"0":{"name":"(anonymous_0)","decl":{"start":{"line":18,"column":7},"end":{"line":18,"column":8}},"loc":{"start":{"line":18,"column":19},"end":{"line":22,"column":1}},"line":18},"1":{"name":"(anonymous_1)","decl":{"start":{"line":24,"column":6},"end":{"line":24,"column":7}},"loc":{"start":{"line":24,"column":18},"end":{"line":27,"column":1}},"line":24},"2":{"name":"(anonymous_2)","decl":{"start":{"line":29,"column":37},"end":{"line":29,"column":38}},"loc":{"start":{"line":29,"column":43},"end":{"line":46,"column":1}},"line":29},"3":{"name":"(anonymous_3)","decl":{"start":{"line":30,"column":34},"end":{"line":30,"column":35}},"loc":{"start":{"line":30,"column":46},"end":{"line":45,"column":3}},"line":30}},"branchMap":{},"s":{"0":1,"1":1,"2":1,"3":1,"4":1,"5":1,"6":1,"7":1,"8":1,"9":1,"10":1,"11":0,"12":0,"13":0,"14":1,"15":0,"16":0,"17":1,"18":1,"19":0,"20":0,"21":0,"22":0},"f":{"0":0,"1":0,"2":1,"3":0},"b":{},"_coverageSchema":"1a1c01bbd47fc00a2c39e90264f33305004495a9","hash":"826783eb46a43f2858a743aaa0ff93870c27e6e5","contentHash":"61d9e34fbf1036c24d7e3b578be3b8a3a31f503b9821dcfc33642a10801ae204"},"/Users/khalidsadat/Documents/Data/Khalid/Concordia/Semesters/5th Semester - Winter 2023/SOEN 390/Linkify/Linkify-src/server/test/events/eventsGetAll.js":{"path":"/Users/khalidsadat/Documents/Data/Khalid/Concordia/Semesters/5th Semester - Winter 2023/SOEN 390/Linkify/Linkify-src/server/test/events/eventsGetAll.js","statementMap":{"0":{"start":{"line":1,"column":13},"end":{"line":1,"column":28}},"1":{"start":{"line":2,"column":17},"end":{"line":2,"column":37}},"2":{"start":{"line":3,"column":0},"end":{"line":3,"column":19}},"3":{"start":{"line":5,"column":15},"end":{"line":5,"column":26}},"4":{"start":{"line":6,"column":16},"end":{"line":6,"column":36}},"5":{"start":{"line":8,"column":12},"end":{"line":8,"column":38}},"6":{"start":{"line":9,"column":13},"end":{"line":9,"column":49}},"7":{"start":{"line":11,"column":0},"end":{"line":15,"column":2}},"8":{"start":{"line":12,"column":4},"end":{"line":14,"column":31}},"9":{"start":{"line":13,"column":16},"end":{"line":13,"column":22}},"10":{"start":{"line":14,"column":20},"end":{"line":14,"column":29}},"11":{"start":{"line":17,"column":0},"end":{"line":23,"column":3}},"12":{"start":{"line":18,"column":4},"end":{"line":22,"column":35}},"13":{"start":{"line":20,"column":8},"end":{"line":20,"column":15}},"14":{"start":{"line":22,"column":24},"end":{"line":22,"column":33}},"15":{"start":{"line":25,"column":0},"end":{"line":31,"column":3}},"16":{"start":{"line":26,"column":4},"end":{"line":30,"column":7}},"17":{"start":{"line":27,"column":20},"end":{"line":27,"column":70}},"18":{"start":{"line":28,"column":8},"end":{"line":28,"column":40}},"19":{"start":{"line":29,"column":21},"end":{"line":29,"column":29}}},"fnMap":{"0":{"name":"(anonymous_0)","decl":{"start":{"line":11,"column":7},"end":{"line":11,"column":8}},"loc":{"start":{"line":11,"column":17},"end":{"line":15,"column":1}},"line":11},"1":{"name":"(anonymous_1)","decl":{"start":{"line":13,"column":10},"end":{"line":13,"column":11}},"loc":{"start":{"line":13,"column":16},"end":{"line":13,"column":22}},"line":13},"2":{"name":"(anonymous_2)","decl":{"start":{"line":14,"column":11},"end":{"line":14,"column":12}},"loc":{"start":{"line":14,"column":20},"end":{"line":14,"column":29}},"line":14},"3":{"name":"(anonymous_3)","decl":{"start":{"line":17,"column":6},"end":{"line":17,"column":7}},"loc":{"start":{"line":17,"column":16},"end":{"line":23,"column":1}},"line":17},"4":{"name":"(anonymous_4)","decl":{"start":{"line":19,"column":14},"end":{"line":19,"column":15}},"loc":{"start":{"line":19,"column":20},"end":{"line":21,"column":9}},"line":19},"5":{"name":"(anonymous_5)","decl":{"start":{"line":22,"column":15},"end":{"line":22,"column":16}},"loc":{"start":{"line":22,"column":24},"end":{"line":22,"column":33}},"line":22},"6":{"name":"(anonymous_6)","decl":{"start":{"line":25,"column":37},"end":{"line":25,"column":38}},"loc":{"start":{"line":25,"column":43},"end":{"line":31,"column":1}},"line":25},"7":{"name":"(anonymous_7)","decl":{"start":{"line":26,"column":29},"end":{"line":26,"column":30}},"loc":{"start":{"line":26,"column":41},"end":{"line":30,"column":5}},"line":26}},"branchMap":{},"s":{"0":1,"1":1,"2":1,"3":1,"4":1,"5":1,"6":1,"7":1,"8":0,"9":0,"10":0,"11":1,"12":0,"13":0,"14":0,"15":1,"16":1,"17":0,"18":0,"19":0},"f":{"0":0,"1":0,"2":0,"3":0,"4":0,"5":0,"6":1,"7":0},"b":{},"_coverageSchema":"1a1c01bbd47fc00a2c39e90264f33305004495a9","hash":"7b672d477cb4aa499493278314192c124a68b533","contentHash":"8c758ba3d98177595a61942bca2e7fc719213a8459a683bf23bd067a526b8c7a"},"/Users/khalidsadat/Documents/Data/Khalid/Concordia/Semesters/5th Semester - Winter 2023/SOEN 390/Linkify/Linkify-src/server/test/feed.js":{"path":"/Users/khalidsadat/Documents/Data/Khalid/Concordia/Semesters/5th Semester - Winter 2023/SOEN 390/Linkify/Linkify-src/server/test/feed.js","statementMap":{},"fnMap":{},"branchMap":{},"s":{},"f":{},"b":{},"_coverageSchema":"1a1c01bbd47fc00a2c39e90264f33305004495a9","hash":"5ce7bddc6626e7202fad5675a3113836baefd462","contentHash":"bdf0753e9d569f3502cd3703b49ab463d84007c9b0827cf22ff2d0b9bebafe5e"},"/Users/khalidsadat/Documents/Data/Khalid/Concordia/Semesters/5th Semester - Winter 2023/SOEN 390/Linkify/Linkify-src/server/test/feed/postFeed.js":{"path":"/Users/khalidsadat/Documents/Data/Khalid/Concordia/Semesters/5th Semester - Winter 2023/SOEN 390/Linkify/Linkify-src/server/test/feed/postFeed.js","statementMap":{"0":{"start":{"line":1,"column":0},"end":{"line":1,"column":30}},"1":{"start":{"line":3,"column":17},"end":{"line":3,"column":36}},"2":{"start":{"line":4,"column":30},"end":{"line":4,"column":62}},"3":{"start":{"line":5,"column":13},"end":{"line":5,"column":47}},"4":{"start":{"line":7,"column":13},"end":{"line":7,"column":28}},"5":{"start":{"line":8,"column":17},"end":{"line":8,"column":37}},"6":{"start":{"line":9,"column":0},"end":{"line":9,"column":19}},"7":{"start":{"line":11,"column":15},"end":{"line":11,"column":26}},"8":{"start":{"line":13,"column":12},"end":{"line":13,"column":38}},"9":{"start":{"line":14,"column":29},"end":{"line":14,"column":66}},"10":{"start":{"line":18,"column":0},"end":{"line":22,"column":3}},"11":{"start":{"line":19,"column":2},"end":{"line":19,"column":49}},"12":{"start":{"line":20,"column":19},"end":{"line":20,"column":39}},"13":{"start":{"line":21,"column":2},"end":{"line":21,"column":28}},"14":{"start":{"line":24,"column":0},"end":{"line":27,"column":3}},"15":{"start":{"line":25,"column":2},"end":{"line":25,"column":16}},"16":{"start":{"line":26,"column":2},"end":{"line":26,"column":27}},"17":{"start":{"line":29,"column":0},"end":{"line":51,"column":3}}},"fnMap":{"0":{"name":"(anonymous_0)","decl":{"start":{"line":18,"column":7},"end":{"line":18,"column":8}},"loc":{"start":{"line":18,"column":19},"end":{"line":22,"column":1}},"line":18},"1":{"name":"(anonymous_1)","decl":{"start":{"line":24,"column":6},"end":{"line":24,"column":7}},"loc":{"start":{"line":24,"column":18},"end":{"line":27,"column":1}},"line":24},"2":{"name":"(anonymous_2)","decl":{"start":{"line":29,"column":37},"end":{"line":29,"column":38}},"loc":{"start":{"line":29,"column":43},"end":{"line":51,"column":1}},"line":29}},"branchMap":{},"s":{"0":1,"1":1,"2":1,"3":1,"4":1,"5":1,"6":1,"7":1,"8":1,"9":1,"10":1,"11":0,"12":0,"13":0,"14":1,"15":0,"16":0,"17":1},"f":{"0":0,"1":0,"2":1},"b":{},"_coverageSchema":"1a1c01bbd47fc00a2c39e90264f33305004495a9","hash":"2035aa03b711ccc3bd544fbe19da1931de3bb333","contentHash":"dc74878c2a833507eb8a7e42af50801bc0b422c21c76223a594262a6fba25af9"},"/Users/khalidsadat/Documents/Data/Khalid/Concordia/Semesters/5th Semester - Winter 2023/SOEN 390/Linkify/Linkify-src/server/test/group.js":{"path":"/Users/khalidsadat/Documents/Data/Khalid/Concordia/Semesters/5th Semester - Winter 2023/SOEN 390/Linkify/Linkify-src/server/test/group.js","statementMap":{},"fnMap":{},"branchMap":{},"s":{},"f":{},"b":{},"_coverageSchema":"1a1c01bbd47fc00a2c39e90264f33305004495a9","hash":"913d0358f52edd7e143635c46c0c0c6d89b8c103","contentHash":"6666b84c9e619588038773ce2031f1e9916ac6e97b9f5ca41e689a01dc55b0d0"},"/Users/khalidsadat/Documents/Data/Khalid/Concordia/Semesters/5th Semester - Winter 2023/SOEN 390/Linkify/Linkify-src/server/test/groups/groupsCreate.js":{"path":"/Users/khalidsadat/Documents/Data/Khalid/Concordia/Semesters/5th Semester - Winter 2023/SOEN 390/Linkify/Linkify-src/server/test/groups/groupsCreate.js","statementMap":{"0":{"start":{"line":1,"column":0},"end":{"line":1,"column":30}},"1":{"start":{"line":3,"column":17},"end":{"line":3,"column":36}},"2":{"start":{"line":4,"column":30},"end":{"line":4,"column":62}},"3":{"start":{"line":5,"column":14},"end":{"line":5,"column":48}},"4":{"start":{"line":7,"column":13},"end":{"line":7,"column":28}},"5":{"start":{"line":8,"column":17},"end":{"line":8,"column":37}},"6":{"start":{"line":9,"column":0},"end":{"line":9,"column":19}},"7":{"start":{"line":11,"column":15},"end":{"line":11,"column":26}},"8":{"start":{"line":13,"column":12},"end":{"line":13,"column":38}},"9":{"start":{"line":14,"column":29},"end":{"line":14,"column":66}},"10":{"start":{"line":18,"column":0},"end":{"line":22,"column":3}},"11":{"start":{"line":19,"column":2},"end":{"line":19,"column":49}},"12":{"start":{"line":20,"column":19},"end":{"line":20,"column":39}},"13":{"start":{"line":21,"column":2},"end":{"line":21,"column":28}},"14":{"start":{"line":24,"column":0},"end":{"line":27,"column":3}},"15":{"start":{"line":25,"column":2},"end":{"line":25,"column":16}},"16":{"start":{"line":26,"column":2},"end":{"line":26,"column":27}},"17":{"start":{"line":29,"column":0},"end":{"line":45,"column":3}},"18":{"start":{"line":30,"column":2},"end":{"line":44,"column":5}},"19":{"start":{"line":31,"column":21},"end":{"line":36,"column":6}},"20":{"start":{"line":38,"column":16},"end":{"line":40,"column":21}},"21":{"start":{"line":42,"column":4},"end":{"line":42,"column":37}},"22":{"start":{"line":43,"column":4},"end":{"line":43,"column":50}}},"fnMap":{"0":{"name":"(anonymous_0)","decl":{"start":{"line":18,"column":7},"end":{"line":18,"column":8}},"loc":{"start":{"line":18,"column":19},"end":{"line":22,"column":1}},"line":18},"1":{"name":"(anonymous_1)","decl":{"start":{"line":24,"column":6},"end":{"line":24,"column":7}},"loc":{"start":{"line":24,"column":18},"end":{"line":27,"column":1}},"line":24},"2":{"name":"(anonymous_2)","decl":{"start":{"line":29,"column":37},"end":{"line":29,"column":38}},"loc":{"start":{"line":29,"column":43},"end":{"line":45,"column":1}},"line":29},"3":{"name":"(anonymous_3)","decl":{"start":{"line":30,"column":34},"end":{"line":30,"column":35}},"loc":{"start":{"line":30,"column":46},"end":{"line":44,"column":3}},"line":30}},"branchMap":{},"s":{"0":1,"1":1,"2":1,"3":1,"4":1,"5":1,"6":1,"7":1,"8":1,"9":1,"10":1,"11":0,"12":0,"13":0,"14":1,"15":0,"16":0,"17":1,"18":1,"19":0,"20":0,"21":0,"22":0},"f":{"0":0,"1":0,"2":1,"3":0},"b":{},"_coverageSchema":"1a1c01bbd47fc00a2c39e90264f33305004495a9","hash":"a905dea1817232d60af3429cc048e439cfe9f324","contentHash":"f21a5523d59f457a19141c58ad59b7f06cb217671daf4c32cae6f9eefbddca5e"},"/Users/khalidsadat/Documents/Data/Khalid/Concordia/Semesters/5th Semester - Winter 2023/SOEN 390/Linkify/Linkify-src/server/test/groups/groupsGetAll.js":{"path":"/Users/khalidsadat/Documents/Data/Khalid/Concordia/Semesters/5th Semester - Winter 2023/SOEN 390/Linkify/Linkify-src/server/test/groups/groupsGetAll.js","statementMap":{"0":{"start":{"line":1,"column":13},"end":{"line":1,"column":28}},"1":{"start":{"line":2,"column":17},"end":{"line":2,"column":37}},"2":{"start":{"line":3,"column":0},"end":{"line":3,"column":19}},"3":{"start":{"line":5,"column":15},"end":{"line":5,"column":26}},"4":{"start":{"line":6,"column":16},"end":{"line":6,"column":36}},"5":{"start":{"line":8,"column":12},"end":{"line":8,"column":38}},"6":{"start":{"line":9,"column":13},"end":{"line":9,"column":53}},"7":{"start":{"line":11,"column":0},"end":{"line":15,"column":2}},"8":{"start":{"line":12,"column":4},"end":{"line":14,"column":31}},"9":{"start":{"line":13,"column":16},"end":{"line":13,"column":22}},"10":{"start":{"line":14,"column":20},"end":{"line":14,"column":29}},"11":{"start":{"line":17,"column":0},"end":{"line":23,"column":3}},"12":{"start":{"line":18,"column":4},"end":{"line":22,"column":35}},"13":{"start":{"line":20,"column":8},"end":{"line":20,"column":15}},"14":{"start":{"line":22,"column":24},"end":{"line":22,"column":33}},"15":{"start":{"line":25,"column":0},"end":{"line":31,"column":3}},"16":{"start":{"line":26,"column":4},"end":{"line":30,"column":7}},"17":{"start":{"line":27,"column":20},"end":{"line":27,"column":70}},"18":{"start":{"line":28,"column":8},"end":{"line":28,"column":40}},"19":{"start":{"line":29,"column":21},"end":{"line":29,"column":29}}},"fnMap":{"0":{"name":"(anonymous_0)","decl":{"start":{"line":11,"column":7},"end":{"line":11,"column":8}},"loc":{"start":{"line":11,"column":17},"end":{"line":15,"column":1}},"line":11},"1":{"name":"(anonymous_1)","decl":{"start":{"line":13,"column":10},"end":{"line":13,"column":11}},"loc":{"start":{"line":13,"column":16},"end":{"line":13,"column":22}},"line":13},"2":{"name":"(anonymous_2)","decl":{"start":{"line":14,"column":11},"end":{"line":14,"column":12}},"loc":{"start":{"line":14,"column":20},"end":{"line":14,"column":29}},"line":14},"3":{"name":"(anonymous_3)","decl":{"start":{"line":17,"column":6},"end":{"line":17,"column":7}},"loc":{"start":{"line":17,"column":16},"end":{"line":23,"column":1}},"line":17},"4":{"name":"(anonymous_4)","decl":{"start":{"line":19,"column":14},"end":{"line":19,"column":15}},"loc":{"start":{"line":19,"column":20},"end":{"line":21,"column":9}},"line":19},"5":{"name":"(anonymous_5)","decl":{"start":{"line":22,"column":15},"end":{"line":22,"column":16}},"loc":{"start":{"line":22,"column":24},"end":{"line":22,"column":33}},"line":22},"6":{"name":"(anonymous_6)","decl":{"start":{"line":25,"column":37},"end":{"line":25,"column":38}},"loc":{"start":{"line":25,"column":43},"end":{"line":31,"column":1}},"line":25},"7":{"name":"(anonymous_7)","decl":{"start":{"line":26,"column":29},"end":{"line":26,"column":30}},"loc":{"start":{"line":26,"column":41},"end":{"line":30,"column":5}},"line":26}},"branchMap":{},"s":{"0":1,"1":1,"2":1,"3":1,"4":1,"5":1,"6":1,"7":1,"8":0,"9":0,"10":0,"11":1,"12":0,"13":0,"14":0,"15":1,"16":1,"17":0,"18":0,"19":0},"f":{"0":0,"1":0,"2":0,"3":0,"4":0,"5":0,"6":1,"7":0},"b":{},"_coverageSchema":"1a1c01bbd47fc00a2c39e90264f33305004495a9","hash":"57bf113c296d2b7ad086c4c6586ce87f2bbd806d","contentHash":"8ed9ba43d4f93f9bf49252720567c67210a1188bdbc2741ad55b436f76aeb65a"},"/Users/khalidsadat/Documents/Data/Khalid/Concordia/Semesters/5th Semester - Winter 2023/SOEN 390/Linkify/Linkify-src/server/test/message.js":{"path":"/Users/khalidsadat/Documents/Data/Khalid/Concordia/Semesters/5th Semester - Winter 2023/SOEN 390/Linkify/Linkify-src/server/test/message.js","statementMap":{},"fnMap":{},"branchMap":{},"s":{},"f":{},"b":{},"_coverageSchema":"1a1c01bbd47fc00a2c39e90264f33305004495a9","hash":"fe180a35d3ac2f597c0f550833e2c8be26532776","contentHash":"18efc356782919ad0d170bc1199716e14b3f84ed6fb0e9254bada8fdfc30ec88"},"/Users/khalidsadat/Documents/Data/Khalid/Concordia/Semesters/5th Semester - Winter 2023/SOEN 390/Linkify/Linkify-src/server/test/message/sendMessage.js":{"path":"/Users/khalidsadat/Documents/Data/Khalid/Concordia/Semesters/5th Semester - Winter 2023/SOEN 390/Linkify/Linkify-src/server/test/message/sendMessage.js","statementMap":{"0":{"start":{"line":1,"column":0},"end":{"line":1,"column":30}},"1":{"start":{"line":3,"column":17},"end":{"line":3,"column":36}},"2":{"start":{"line":4,"column":30},"end":{"line":4,"column":62}},"3":{"start":{"line":5,"column":16},"end":{"line":5,"column":53}},"4":{"start":{"line":7,"column":13},"end":{"line":7,"column":28}},"5":{"start":{"line":8,"column":17},"end":{"line":8,"column":37}},"6":{"start":{"line":9,"column":0},"end":{"line":9,"column":19}},"7":{"start":{"line":11,"column":15},"end":{"line":11,"column":26}},"8":{"start":{"line":13,"column":12},"end":{"line":13,"column":38}},"9":{"start":{"line":14,"column":29},"end":{"line":14,"column":66}},"10":{"start":{"line":18,"column":0},"end":{"line":22,"column":3}},"11":{"start":{"line":19,"column":2},"end":{"line":19,"column":49}},"12":{"start":{"line":20,"column":19},"end":{"line":20,"column":39}},"13":{"start":{"line":21,"column":2},"end":{"line":21,"column":28}},"14":{"start":{"line":24,"column":0},"end":{"line":27,"column":3}},"15":{"start":{"line":25,"column":2},"end":{"line":25,"column":16}},"16":{"start":{"line":26,"column":2},"end":{"line":26,"column":27}},"17":{"start":{"line":29,"column":0},"end":{"line":56,"column":3}}},"fnMap":{"0":{"name":"(anonymous_0)","decl":{"start":{"line":18,"column":7},"end":{"line":18,"column":8}},"loc":{"start":{"line":18,"column":19},"end":{"line":22,"column":1}},"line":18},"1":{"name":"(anonymous_1)","decl":{"start":{"line":24,"column":6},"end":{"line":24,"column":7}},"loc":{"start":{"line":24,"column":18},"end":{"line":27,"column":1}},"line":24},"2":{"name":"(anonymous_2)","decl":{"start":{"line":29,"column":39},"end":{"line":29,"column":40}},"loc":{"start":{"line":29,"column":45},"end":{"line":56,"column":1}},"line":29}},"branchMap":{},"s":{"0":1,"1":1,"2":1,"3":1,"4":1,"5":1,"6":1,"7":1,"8":1,"9":1,"10":1,"11":0,"12":0,"13":0,"14":1,"15":0,"16":0,"17":1},"f":{"0":0,"1":0,"2":1},"b":{},"_coverageSchema":"1a1c01bbd47fc00a2c39e90264f33305004495a9","hash":"a576ea86e5fb4285ee800f92e301173209fde228","contentHash":"9e4a179736337d8f1ffd3de58d3922c924adca4410f83728a025cd87eef22b60"}}