SF:lib/main.dart
DA:6,0
DA:7,0
DA:8,0
DA:9,0
DA:11,0
DA:15,1
DA:17,0
DA:19,0
DA:21,0
LF:9
LH:1
end_of_record
SF:lib/components/my_button.dart
DA:7,0
DA:13,0
DA:15,0
DA:16,0
DA:17,0
DA:20,0
DA:22,0
DA:24,0
DA:25,0
DA:26,0
LF:10
LH:0
end_of_record
SF:lib/components/my_textfield.dart
DA:8,0
DA:15,0
DA:17,0
DA:19,0
DA:20,0
DA:21,0
DA:22,0
DA:26,0
DA:27,0
DA:29,0
DA:31,0
DA:32,0
LF:12
LH:0
end_of_record
SF:lib/components/square_tile.dart
DA:5,0
DA:10,0
DA:12,0
DA:13,0
DA:14,0
DA:15,0
DA:16,0
DA:17,0
DA:19,0
DA:20,0
LF:10
LH:0
end_of_record
SF:lib/firebase_options.dart
DA:18,0
DA:22,0
DA:23,0
DA:25,0
DA:27,0
DA:29,0
DA:30,0
DA:34,0
DA:35,0
DA:40,0
LF:10
LH:0
end_of_record
SF:lib/pages/auth_page.dart
DA:7,0
DA:9,0
DA:11,0
DA:12,0
DA:13,0
DA:14,0
DA:16,0
DA:17,0
DA:22,0
LF:9
LH:0
end_of_record
SF:lib/pages/home_page.dart
DA:5,0
DA:10,0
DA:11,0
DA:14,0
DA:16,0
DA:17,0
DA:18,0
DA:19,0
DA:20,0
DA:21,0
DA:22,0
DA:23,0
DA:27,0
DA:28,0
DA:29,0
DA:30,0
LF:16
LH:0
end_of_record
SF:lib/pages/login_or_register_page.dart
DA:7,0
DA:9,0
DA:10,0
DA:18,0
DA:19,0
DA:20,0
DA:24,0
DA:26,0
DA:27,0
DA:28,0
DA:31,0
DA:32,0
LF:12
LH:0
end_of_record
SF:lib/pages/login_page.dart
DA:9,0
DA:11,0
DA:12,0
DA:21,0
DA:23,0
DA:24,0
DA:25,0
DA:34,0
DA:35,0
DA:36,0
DA:39,0
DA:40,0
DA:42,0
DA:44,0
DA:49,0
DA:50,0
DA:51,0
DA:52,0
DA:53,0
DA:55,0
DA:56,0
DA:66,0
DA:68,0
DA:69,0
DA:70,0
DA:71,0
DA:72,0
DA:73,0
DA:75,0
DA:87,0
DA:89,0
DA:90,0
DA:98,0
DA:99,0
DA:107,0
DA:108,0
DA:116,0
DA:118,0
DA:120,0
DA:121,0
DA:123,0
DA:132,0
DA:134,0
DA:141,0
DA:143,0
DA:144,0
DA:146,0
DA:149,0
DA:150,0
LF:49
LH:0
end_of_record
SF:lib/pages/register_page.dart
DA:11,0
DA:13,0
DA:14,0
DA:24,0
DA:26,0
DA:27,0
DA:28,0
DA:38,0
DA:39,0
DA:40,0
DA:41,0
DA:45,0
DA:48,0
DA:49,0
DA:51,0
DA:53,0
DA:58,0
DA:59,0
DA:60,0
DA:61,0
DA:62,0
DA:64,0
DA:65,0
DA:75,0
DA:77,0
DA:78,0
DA:79,0
DA:80,0
DA:81,0
DA:82,0
DA:84,0
DA:96,0
DA:98,0
DA:99,0
DA:107,0
DA:108,0
DA:116,0
DA:117,0
DA:125,0
DA:126,0
DA:134,0
DA:136,0
DA:146,0
DA:148,0
DA:149,0
DA:151,0
DA:154,0
DA:155,0
LF:48
LH:0
end_of_record
